                                      1 ;--------------------------------------------------------
                                      2 ; File Created by SDCC : free open source ISO C Compiler 
                                      3 ; Version 4.3.2 #14228 (MINGW64)
                                      4 ;--------------------------------------------------------
                                      5 	.module asteroid_tiles
                                      6 	.optsdcc -msm83
                                      7 	
                                      8 ;--------------------------------------------------------
                                      9 ; Public variables in this module
                                     10 ;--------------------------------------------------------
                                     11 	.globl _asteroid_tiles
                                     12 ;--------------------------------------------------------
                                     13 ; special function registers
                                     14 ;--------------------------------------------------------
                                     15 ;--------------------------------------------------------
                                     16 ; ram data
                                     17 ;--------------------------------------------------------
                                     18 	.area _DATA
                                     19 ;--------------------------------------------------------
                                     20 ; ram data
                                     21 ;--------------------------------------------------------
                                     22 	.area _INITIALIZED
                                     23 ;--------------------------------------------------------
                                     24 ; absolute external ram data
                                     25 ;--------------------------------------------------------
                                     26 	.area _DABS (ABS)
                                     27 ;--------------------------------------------------------
                                     28 ; global & static initialisations
                                     29 ;--------------------------------------------------------
                                     30 	.area _HOME
                                     31 	.area _GSINIT
                                     32 	.area _GSFINAL
                                     33 	.area _GSINIT
                                     34 ;--------------------------------------------------------
                                     35 ; Home
                                     36 ;--------------------------------------------------------
                                     37 	.area _HOME
                                     38 	.area _HOME
                                     39 ;--------------------------------------------------------
                                     40 ; code
                                     41 ;--------------------------------------------------------
                                     42 	.area _CODE
                                     43 	.area _CODE
      000000                         44 _asteroid_tiles:
      000000 00                      45 	.db #0x00	; 0
      000001 00                      46 	.db #0x00	; 0
      000002 3C                      47 	.db #0x3c	; 60
      000003 00                      48 	.db #0x00	; 0
      000004 2C                      49 	.db #0x2c	; 44
      000005 12                      50 	.db #0x12	; 18
      000006 7A                      51 	.db #0x7a	; 122	'z'
      000007 06                      52 	.db #0x06	; 6
      000008 6A                      53 	.db #0x6a	; 106	'j'
      000009 16                      54 	.db #0x16	; 22
      00000A 16                      55 	.db #0x16	; 22
      00000B 2E                      56 	.db #0x2e	; 46
      00000C 0C                      57 	.db #0x0c	; 12
      00000D 1C                      58 	.db #0x1c	; 28
      00000E 00                      59 	.db #0x00	; 0
      00000F 00                      60 	.db #0x00	; 0
      000010 00                      61 	.db #0x00	; 0
      000011 00                      62 	.db #0x00	; 0
      000012 1C                      63 	.db #0x1c	; 28
      000013 00                      64 	.db #0x00	; 0
      000014 3C                      65 	.db #0x3c	; 60
      000015 02                      66 	.db #0x02	; 2
      000016 12                      67 	.db #0x12	; 18
      000017 2E                      68 	.db #0x2e	; 46
      000018 3A                      69 	.db #0x3a	; 58
      000019 06                      70 	.db #0x06	; 6
      00001A 34                      71 	.db #0x34	; 52	'4'
      00001B 0C                      72 	.db #0x0c	; 12
      00001C 08                      73 	.db #0x08	; 8
      00001D 18                      74 	.db #0x18	; 24
      00001E 00                      75 	.db #0x00	; 0
      00001F 00                      76 	.db #0x00	; 0
      000020 00                      77 	.db #0x00	; 0
      000021 00                      78 	.db #0x00	; 0
      000022 1C                      79 	.db #0x1c	; 28
      000023 00                      80 	.db #0x00	; 0
      000024 2C                      81 	.db #0x2c	; 44
      000025 12                      82 	.db #0x12	; 18
      000026 3E                      83 	.db #0x3e	; 62
      000027 02                      84 	.db #0x02	; 2
      000028 2A                      85 	.db #0x2a	; 42
      000029 16                      86 	.db #0x16	; 22
      00002A 36                      87 	.db #0x36	; 54	'6'
      00002B 0E                      88 	.db #0x0e	; 14
      00002C 0C                      89 	.db #0x0c	; 12
      00002D 1C                      90 	.db #0x1c	; 28
      00002E 00                      91 	.db #0x00	; 0
      00002F 00                      92 	.db #0x00	; 0
      000030 00                      93 	.db #0x00	; 0
      000031 00                      94 	.db #0x00	; 0
      000032 1C                      95 	.db #0x1c	; 28
      000033 00                      96 	.db #0x00	; 0
      000034 2C                      97 	.db #0x2c	; 44
      000035 12                      98 	.db #0x12	; 18
      000036 5A                      99 	.db #0x5a	; 90	'Z'
      000037 26                     100 	.db #0x26	; 38
      000038 7A                     101 	.db #0x7a	; 122	'z'
      000039 06                     102 	.db #0x06	; 6
      00003A 34                     103 	.db #0x34	; 52	'4'
      00003B 0C                     104 	.db #0x0c	; 12
      00003C 08                     105 	.db #0x08	; 8
      00003D 18                     106 	.db #0x18	; 24
      00003E 00                     107 	.db #0x00	; 0
      00003F 00                     108 	.db #0x00	; 0
                                    109 	.area _INITIALIZER
                                    110 	.area _CABS (ABS)
