                                      1 ;--------------------------------------------------------
                                      2 ; File Created by SDCC : free open source ISO C Compiler 
                                      3 ; Version 4.3.2 #14228 (MINGW64)
                                      4 ;--------------------------------------------------------
                                      5 	.module enterprise
                                      6 	.optsdcc -msm83
                                      7 	
                                      8 ;--------------------------------------------------------
                                      9 ; Public variables in this module
                                     10 ;--------------------------------------------------------
                                     11 	.globl _enterprise_tiles
                                     12 ;--------------------------------------------------------
                                     13 ; special function registers
                                     14 ;--------------------------------------------------------
                                     15 ;--------------------------------------------------------
                                     16 ; ram data
                                     17 ;--------------------------------------------------------
                                     18 	.area _DATA
                                     19 ;--------------------------------------------------------
                                     20 ; ram data
                                     21 ;--------------------------------------------------------
                                     22 	.area _INITIALIZED
                                     23 ;--------------------------------------------------------
                                     24 ; absolute external ram data
                                     25 ;--------------------------------------------------------
                                     26 	.area _DABS (ABS)
                                     27 ;--------------------------------------------------------
                                     28 ; global & static initialisations
                                     29 ;--------------------------------------------------------
                                     30 	.area _HOME
                                     31 	.area _GSINIT
                                     32 	.area _GSFINAL
                                     33 	.area _GSINIT
                                     34 ;--------------------------------------------------------
                                     35 ; Home
                                     36 ;--------------------------------------------------------
                                     37 	.area _HOME
                                     38 	.area _HOME
                                     39 ;--------------------------------------------------------
                                     40 ; code
                                     41 ;--------------------------------------------------------
                                     42 	.area _CODE
                                     43 	.area _CODE
      000000                         44 _enterprise_tiles:
      000000 03                      45 	.db #0x03	; 3
      000001 00                      46 	.db #0x00	; 0
      000002 07                      47 	.db #0x07	; 7
      000003 00                      48 	.db #0x00	; 0
      000004 0F                      49 	.db #0x0f	; 15
      000005 00                      50 	.db #0x00	; 0
      000006 0F                      51 	.db #0x0f	; 15
      000007 01                      52 	.db #0x01	; 1
      000008 0E                      53 	.db #0x0e	; 14
      000009 01                      54 	.db #0x01	; 1
      00000A 0F                      55 	.db #0x0f	; 15
      00000B 00                      56 	.db #0x00	; 0
      00000C 07                      57 	.db #0x07	; 7
      00000D 00                      58 	.db #0x00	; 0
      00000E 03                      59 	.db #0x03	; 3
      00000F 00                      60 	.db #0x00	; 0
      000010 08                      61 	.db #0x08	; 8
      000011 01                      62 	.db #0x01	; 1
      000012 09                      63 	.db #0x09	; 9
      000013 00                      64 	.db #0x00	; 0
      000014 09                      65 	.db #0x09	; 9
      000015 00                      66 	.db #0x00	; 0
      000016 09                      67 	.db #0x09	; 9
      000017 02                      68 	.db #0x02	; 2
      000018 09                      69 	.db #0x09	; 9
      000019 06                      70 	.db #0x06	; 6
      00001A 09                      71 	.db #0x09	; 9
      00001B 04                      72 	.db #0x04	; 4
      00001C 08                      73 	.db #0x08	; 8
      00001D 00                      74 	.db #0x00	; 0
      00001E 08                      75 	.db #0x08	; 8
      00001F 00                      76 	.db #0x00	; 0
      000020 C0                      77 	.db #0xc0	; 192
      000021 00                      78 	.db #0x00	; 0
      000022 E0                      79 	.db #0xe0	; 224
      000023 00                      80 	.db #0x00	; 0
      000024 F0                      81 	.db #0xf0	; 240
      000025 00                      82 	.db #0x00	; 0
      000026 F0                      83 	.db #0xf0	; 240
      000027 80                      84 	.db #0x80	; 128
      000028 70                      85 	.db #0x70	; 112	'p'
      000029 80                      86 	.db #0x80	; 128
      00002A F0                      87 	.db #0xf0	; 240
      00002B 00                      88 	.db #0x00	; 0
      00002C E0                      89 	.db #0xe0	; 224
      00002D 00                      90 	.db #0x00	; 0
      00002E C0                      91 	.db #0xc0	; 192
      00002F 00                      92 	.db #0x00	; 0
      000030 10                      93 	.db #0x10	; 16
      000031 80                      94 	.db #0x80	; 128
      000032 90                      95 	.db #0x90	; 144
      000033 00                      96 	.db #0x00	; 0
      000034 90                      97 	.db #0x90	; 144
      000035 00                      98 	.db #0x00	; 0
      000036 90                      99 	.db #0x90	; 144
      000037 40                     100 	.db #0x40	; 64
      000038 90                     101 	.db #0x90	; 144
      000039 60                     102 	.db #0x60	; 96
      00003A 90                     103 	.db #0x90	; 144
      00003B 20                     104 	.db #0x20	; 32
      00003C 10                     105 	.db #0x10	; 16
      00003D 00                     106 	.db #0x00	; 0
      00003E 10                     107 	.db #0x10	; 16
      00003F 00                     108 	.db #0x00	; 0
      000040 00                     109 	.db #0x00	; 0
      000041 00                     110 	.db #0x00	; 0
      000042 00                     111 	.db #0x00	; 0
      000043 00                     112 	.db #0x00	; 0
      000044 00                     113 	.db #0x00	; 0
      000045 00                     114 	.db #0x00	; 0
      000046 00                     115 	.db #0x00	; 0
      000047 00                     116 	.db #0x00	; 0
      000048 FF                     117 	.db #0xff	; 255
      000049 00                     118 	.db #0x00	; 0
      00004A 00                     119 	.db #0x00	; 0
      00004B 30                     120 	.db #0x30	; 48	'0'
      00004C 00                     121 	.db #0x00	; 0
      00004D 18                     122 	.db #0x18	; 24
      00004E 3E                     123 	.db #0x3e	; 62
      00004F 01                     124 	.db #0x01	; 1
      000050 3E                     125 	.db #0x3e	; 62
      000051 01                     126 	.db #0x01	; 1
      000052 00                     127 	.db #0x00	; 0
      000053 18                     128 	.db #0x18	; 24
      000054 00                     129 	.db #0x00	; 0
      000055 30                     130 	.db #0x30	; 48	'0'
      000056 FF                     131 	.db #0xff	; 255
      000057 00                     132 	.db #0x00	; 0
      000058 00                     133 	.db #0x00	; 0
      000059 00                     134 	.db #0x00	; 0
      00005A 00                     135 	.db #0x00	; 0
      00005B 00                     136 	.db #0x00	; 0
      00005C 00                     137 	.db #0x00	; 0
      00005D 00                     138 	.db #0x00	; 0
      00005E 00                     139 	.db #0x00	; 0
      00005F 00                     140 	.db #0x00	; 0
      000060 00                     141 	.db #0x00	; 0
      000061 00                     142 	.db #0x00	; 0
      000062 00                     143 	.db #0x00	; 0
      000063 00                     144 	.db #0x00	; 0
      000064 00                     145 	.db #0x00	; 0
      000065 00                     146 	.db #0x00	; 0
      000066 00                     147 	.db #0x00	; 0
      000067 00                     148 	.db #0x00	; 0
      000068 3C                     149 	.db #0x3c	; 60
      000069 00                     150 	.db #0x00	; 0
      00006A 7E                     151 	.db #0x7e	; 126
      00006B 00                     152 	.db #0x00	; 0
      00006C FF                     153 	.db #0xff	; 255
      00006D 00                     154 	.db #0x00	; 0
      00006E EF                     155 	.db #0xef	; 239
      00006F 18                     156 	.db #0x18	; 24
      000070 EF                     157 	.db #0xef	; 239
      000071 18                     158 	.db #0x18	; 24
      000072 FF                     159 	.db #0xff	; 255
      000073 00                     160 	.db #0x00	; 0
      000074 7E                     161 	.db #0x7e	; 126
      000075 00                     162 	.db #0x00	; 0
      000076 3C                     163 	.db #0x3c	; 60
      000077 00                     164 	.db #0x00	; 0
      000078 00                     165 	.db #0x00	; 0
      000079 00                     166 	.db #0x00	; 0
      00007A 00                     167 	.db #0x00	; 0
      00007B 00                     168 	.db #0x00	; 0
      00007C 00                     169 	.db #0x00	; 0
      00007D 00                     170 	.db #0x00	; 0
      00007E 00                     171 	.db #0x00	; 0
      00007F 00                     172 	.db #0x00	; 0
      000080 08                     173 	.db #0x08	; 8
      000081 00                     174 	.db #0x00	; 0
      000082 08                     175 	.db #0x08	; 8
      000083 00                     176 	.db #0x00	; 0
      000084 09                     177 	.db #0x09	; 9
      000085 04                     178 	.db #0x04	; 4
      000086 09                     179 	.db #0x09	; 9
      000087 06                     180 	.db #0x06	; 6
      000088 09                     181 	.db #0x09	; 9
      000089 02                     182 	.db #0x02	; 2
      00008A 09                     183 	.db #0x09	; 9
      00008B 00                     184 	.db #0x00	; 0
      00008C 09                     185 	.db #0x09	; 9
      00008D 00                     186 	.db #0x00	; 0
      00008E 08                     187 	.db #0x08	; 8
      00008F 01                     188 	.db #0x01	; 1
      000090 03                     189 	.db #0x03	; 3
      000091 00                     190 	.db #0x00	; 0
      000092 07                     191 	.db #0x07	; 7
      000093 00                     192 	.db #0x00	; 0
      000094 0F                     193 	.db #0x0f	; 15
      000095 00                     194 	.db #0x00	; 0
      000096 0E                     195 	.db #0x0e	; 14
      000097 01                     196 	.db #0x01	; 1
      000098 0F                     197 	.db #0x0f	; 15
      000099 01                     198 	.db #0x01	; 1
      00009A 0F                     199 	.db #0x0f	; 15
      00009B 00                     200 	.db #0x00	; 0
      00009C 07                     201 	.db #0x07	; 7
      00009D 00                     202 	.db #0x00	; 0
      00009E 03                     203 	.db #0x03	; 3
      00009F 00                     204 	.db #0x00	; 0
      0000A0 10                     205 	.db #0x10	; 16
      0000A1 00                     206 	.db #0x00	; 0
      0000A2 10                     207 	.db #0x10	; 16
      0000A3 00                     208 	.db #0x00	; 0
      0000A4 90                     209 	.db #0x90	; 144
      0000A5 20                     210 	.db #0x20	; 32
      0000A6 90                     211 	.db #0x90	; 144
      0000A7 60                     212 	.db #0x60	; 96
      0000A8 90                     213 	.db #0x90	; 144
      0000A9 40                     214 	.db #0x40	; 64
      0000AA 90                     215 	.db #0x90	; 144
      0000AB 00                     216 	.db #0x00	; 0
      0000AC 90                     217 	.db #0x90	; 144
      0000AD 00                     218 	.db #0x00	; 0
      0000AE 10                     219 	.db #0x10	; 16
      0000AF 80                     220 	.db #0x80	; 128
      0000B0 C0                     221 	.db #0xc0	; 192
      0000B1 00                     222 	.db #0x00	; 0
      0000B2 E0                     223 	.db #0xe0	; 224
      0000B3 00                     224 	.db #0x00	; 0
      0000B4 F0                     225 	.db #0xf0	; 240
      0000B5 00                     226 	.db #0x00	; 0
      0000B6 70                     227 	.db #0x70	; 112	'p'
      0000B7 80                     228 	.db #0x80	; 128
      0000B8 F0                     229 	.db #0xf0	; 240
      0000B9 80                     230 	.db #0x80	; 128
      0000BA F0                     231 	.db #0xf0	; 240
      0000BB 00                     232 	.db #0x00	; 0
      0000BC E0                     233 	.db #0xe0	; 224
      0000BD 00                     234 	.db #0x00	; 0
      0000BE C0                     235 	.db #0xc0	; 192
      0000BF 00                     236 	.db #0x00	; 0
      0000C0 00                     237 	.db #0x00	; 0
      0000C1 00                     238 	.db #0x00	; 0
      0000C2 00                     239 	.db #0x00	; 0
      0000C3 00                     240 	.db #0x00	; 0
      0000C4 00                     241 	.db #0x00	; 0
      0000C5 00                     242 	.db #0x00	; 0
      0000C6 00                     243 	.db #0x00	; 0
      0000C7 00                     244 	.db #0x00	; 0
      0000C8 3C                     245 	.db #0x3c	; 60
      0000C9 00                     246 	.db #0x00	; 0
      0000CA 7E                     247 	.db #0x7e	; 126
      0000CB 00                     248 	.db #0x00	; 0
      0000CC FF                     249 	.db #0xff	; 255
      0000CD 00                     250 	.db #0x00	; 0
      0000CE F7                     251 	.db #0xf7	; 247
      0000CF 18                     252 	.db #0x18	; 24
      0000D0 F7                     253 	.db #0xf7	; 247
      0000D1 18                     254 	.db #0x18	; 24
      0000D2 FF                     255 	.db #0xff	; 255
      0000D3 00                     256 	.db #0x00	; 0
      0000D4 7E                     257 	.db #0x7e	; 126
      0000D5 00                     258 	.db #0x00	; 0
      0000D6 3C                     259 	.db #0x3c	; 60
      0000D7 00                     260 	.db #0x00	; 0
      0000D8 00                     261 	.db #0x00	; 0
      0000D9 00                     262 	.db #0x00	; 0
      0000DA 00                     263 	.db #0x00	; 0
      0000DB 00                     264 	.db #0x00	; 0
      0000DC 00                     265 	.db #0x00	; 0
      0000DD 00                     266 	.db #0x00	; 0
      0000DE 00                     267 	.db #0x00	; 0
      0000DF 00                     268 	.db #0x00	; 0
      0000E0 00                     269 	.db #0x00	; 0
      0000E1 00                     270 	.db #0x00	; 0
      0000E2 00                     271 	.db #0x00	; 0
      0000E3 00                     272 	.db #0x00	; 0
      0000E4 00                     273 	.db #0x00	; 0
      0000E5 00                     274 	.db #0x00	; 0
      0000E6 00                     275 	.db #0x00	; 0
      0000E7 00                     276 	.db #0x00	; 0
      0000E8 FF                     277 	.db #0xff	; 255
      0000E9 00                     278 	.db #0x00	; 0
      0000EA 00                     279 	.db #0x00	; 0
      0000EB 0C                     280 	.db #0x0c	; 12
      0000EC 00                     281 	.db #0x00	; 0
      0000ED 18                     282 	.db #0x18	; 24
      0000EE 7C                     283 	.db #0x7c	; 124
      0000EF 80                     284 	.db #0x80	; 128
      0000F0 7C                     285 	.db #0x7c	; 124
      0000F1 80                     286 	.db #0x80	; 128
      0000F2 00                     287 	.db #0x00	; 0
      0000F3 18                     288 	.db #0x18	; 24
      0000F4 00                     289 	.db #0x00	; 0
      0000F5 0C                     290 	.db #0x0c	; 12
      0000F6 FF                     291 	.db #0xff	; 255
      0000F7 00                     292 	.db #0x00	; 0
      0000F8 00                     293 	.db #0x00	; 0
      0000F9 00                     294 	.db #0x00	; 0
      0000FA 00                     295 	.db #0x00	; 0
      0000FB 00                     296 	.db #0x00	; 0
      0000FC 00                     297 	.db #0x00	; 0
      0000FD 00                     298 	.db #0x00	; 0
      0000FE 00                     299 	.db #0x00	; 0
      0000FF 00                     300 	.db #0x00	; 0
      000100 3C                     301 	.db #0x3c	; 60
      000101 00                     302 	.db #0x00	; 0
      000102 7E                     303 	.db #0x7e	; 126
      000103 00                     304 	.db #0x00	; 0
      000104 FF                     305 	.db #0xff	; 255
      000105 00                     306 	.db #0x00	; 0
      000106 F7                     307 	.db #0xf7	; 247
      000107 18                     308 	.db #0x18	; 24
      000108 EF                     309 	.db #0xef	; 239
      000109 10                     310 	.db #0x10	; 16
      00010A FE                     311 	.db #0xfe	; 254
      00010B 00                     312 	.db #0x00	; 0
      00010C 7D                     313 	.db #0x7d	; 125
      00010D 02                     314 	.db #0x02	; 2
      00010E 3B                     315 	.db #0x3b	; 59
      00010F 00                     316 	.db #0x00	; 0
      000110 01                     317 	.db #0x01	; 1
      000111 00                     318 	.db #0x00	; 0
      000112 00                     319 	.db #0x00	; 0
      000113 01                     320 	.db #0x01	; 1
      000114 08                     321 	.db #0x08	; 8
      000115 00                     322 	.db #0x00	; 0
      000116 04                     323 	.db #0x04	; 4
      000117 00                     324 	.db #0x00	; 0
      000118 02                     325 	.db #0x02	; 2
      000119 01                     326 	.db #0x01	; 1
      00011A 01                     327 	.db #0x01	; 1
      00011B 00                     328 	.db #0x00	; 0
      00011C 00                     329 	.db #0x00	; 0
      00011D 00                     330 	.db #0x00	; 0
      00011E 00                     331 	.db #0x00	; 0
      00011F 00                     332 	.db #0x00	; 0
      000120 00                     333 	.db #0x00	; 0
      000121 00                     334 	.db #0x00	; 0
      000122 00                     335 	.db #0x00	; 0
      000123 00                     336 	.db #0x00	; 0
      000124 00                     337 	.db #0x00	; 0
      000125 00                     338 	.db #0x00	; 0
      000126 00                     339 	.db #0x00	; 0
      000127 00                     340 	.db #0x00	; 0
      000128 20                     341 	.db #0x20	; 32
      000129 00                     342 	.db #0x00	; 0
      00012A 10                     343 	.db #0x10	; 16
      00012B 00                     344 	.db #0x00	; 0
      00012C 08                     345 	.db #0x08	; 8
      00012D 00                     346 	.db #0x00	; 0
      00012E 84                     347 	.db #0x84	; 132
      00012F 48                     348 	.db #0x48	; 72	'H'
      000130 C2                     349 	.db #0xc2	; 194
      000131 3C                     350 	.db #0x3c	; 60
      000132 E1                     351 	.db #0xe1	; 225
      000133 00                     352 	.db #0x00	; 0
      000134 70                     353 	.db #0x70	; 112	'p'
      000135 80                     354 	.db #0x80	; 128
      000136 30                     355 	.db #0x30	; 48	'0'
      000137 80                     356 	.db #0x80	; 128
      000138 00                     357 	.db #0x00	; 0
      000139 80                     358 	.db #0x80	; 128
      00013A 00                     359 	.db #0x00	; 0
      00013B 80                     360 	.db #0x80	; 128
      00013C 80                     361 	.db #0x80	; 128
      00013D 00                     362 	.db #0x00	; 0
      00013E 40                     363 	.db #0x40	; 64
      00013F 00                     364 	.db #0x00	; 0
      000140 00                     365 	.db #0x00	; 0
      000141 00                     366 	.db #0x00	; 0
      000142 00                     367 	.db #0x00	; 0
      000143 00                     368 	.db #0x00	; 0
      000144 00                     369 	.db #0x00	; 0
      000145 00                     370 	.db #0x00	; 0
      000146 00                     371 	.db #0x00	; 0
      000147 00                     372 	.db #0x00	; 0
      000148 04                     373 	.db #0x04	; 4
      000149 00                     374 	.db #0x00	; 0
      00014A 08                     375 	.db #0x08	; 8
      00014B 00                     376 	.db #0x00	; 0
      00014C 10                     377 	.db #0x10	; 16
      00014D 00                     378 	.db #0x00	; 0
      00014E 21                     379 	.db #0x21	; 33
      00014F 12                     380 	.db #0x12	; 18
      000150 43                     381 	.db #0x43	; 67	'C'
      000151 3C                     382 	.db #0x3c	; 60
      000152 87                     383 	.db #0x87	; 135
      000153 00                     384 	.db #0x00	; 0
      000154 0E                     385 	.db #0x0e	; 14
      000155 01                     386 	.db #0x01	; 1
      000156 0C                     387 	.db #0x0c	; 12
      000157 01                     388 	.db #0x01	; 1
      000158 00                     389 	.db #0x00	; 0
      000159 01                     390 	.db #0x01	; 1
      00015A 00                     391 	.db #0x00	; 0
      00015B 01                     392 	.db #0x01	; 1
      00015C 01                     393 	.db #0x01	; 1
      00015D 00                     394 	.db #0x00	; 0
      00015E 02                     395 	.db #0x02	; 2
      00015F 00                     396 	.db #0x00	; 0
      000160 3C                     397 	.db #0x3c	; 60
      000161 00                     398 	.db #0x00	; 0
      000162 7E                     399 	.db #0x7e	; 126
      000163 00                     400 	.db #0x00	; 0
      000164 FF                     401 	.db #0xff	; 255
      000165 00                     402 	.db #0x00	; 0
      000166 EF                     403 	.db #0xef	; 239
      000167 18                     404 	.db #0x18	; 24
      000168 F7                     405 	.db #0xf7	; 247
      000169 08                     406 	.db #0x08	; 8
      00016A 7F                     407 	.db #0x7f	; 127
      00016B 00                     408 	.db #0x00	; 0
      00016C BE                     409 	.db #0xbe	; 190
      00016D 40                     410 	.db #0x40	; 64
      00016E DC                     411 	.db #0xdc	; 220
      00016F 00                     412 	.db #0x00	; 0
      000170 80                     413 	.db #0x80	; 128
      000171 00                     414 	.db #0x00	; 0
      000172 00                     415 	.db #0x00	; 0
      000173 80                     416 	.db #0x80	; 128
      000174 10                     417 	.db #0x10	; 16
      000175 00                     418 	.db #0x00	; 0
      000176 20                     419 	.db #0x20	; 32
      000177 00                     420 	.db #0x00	; 0
      000178 40                     421 	.db #0x40	; 64
      000179 80                     422 	.db #0x80	; 128
      00017A 80                     423 	.db #0x80	; 128
      00017B 00                     424 	.db #0x00	; 0
      00017C 00                     425 	.db #0x00	; 0
      00017D 00                     426 	.db #0x00	; 0
      00017E 00                     427 	.db #0x00	; 0
      00017F 00                     428 	.db #0x00	; 0
      000180 02                     429 	.db #0x02	; 2
      000181 00                     430 	.db #0x00	; 0
      000182 01                     431 	.db #0x01	; 1
      000183 00                     432 	.db #0x00	; 0
      000184 00                     433 	.db #0x00	; 0
      000185 01                     434 	.db #0x01	; 1
      000186 00                     435 	.db #0x00	; 0
      000187 01                     436 	.db #0x01	; 1
      000188 0C                     437 	.db #0x0c	; 12
      000189 01                     438 	.db #0x01	; 1
      00018A 0E                     439 	.db #0x0e	; 14
      00018B 01                     440 	.db #0x01	; 1
      00018C 87                     441 	.db #0x87	; 135
      00018D 00                     442 	.db #0x00	; 0
      00018E 43                     443 	.db #0x43	; 67	'C'
      00018F 3C                     444 	.db #0x3c	; 60
      000190 21                     445 	.db #0x21	; 33
      000191 12                     446 	.db #0x12	; 18
      000192 10                     447 	.db #0x10	; 16
      000193 00                     448 	.db #0x00	; 0
      000194 08                     449 	.db #0x08	; 8
      000195 00                     450 	.db #0x00	; 0
      000196 04                     451 	.db #0x04	; 4
      000197 00                     452 	.db #0x00	; 0
      000198 00                     453 	.db #0x00	; 0
      000199 00                     454 	.db #0x00	; 0
      00019A 00                     455 	.db #0x00	; 0
      00019B 00                     456 	.db #0x00	; 0
      00019C 00                     457 	.db #0x00	; 0
      00019D 00                     458 	.db #0x00	; 0
      00019E 00                     459 	.db #0x00	; 0
      00019F 00                     460 	.db #0x00	; 0
      0001A0 00                     461 	.db #0x00	; 0
      0001A1 00                     462 	.db #0x00	; 0
      0001A2 00                     463 	.db #0x00	; 0
      0001A3 00                     464 	.db #0x00	; 0
      0001A4 80                     465 	.db #0x80	; 128
      0001A5 00                     466 	.db #0x00	; 0
      0001A6 40                     467 	.db #0x40	; 64
      0001A7 80                     468 	.db #0x80	; 128
      0001A8 20                     469 	.db #0x20	; 32
      0001A9 00                     470 	.db #0x00	; 0
      0001AA 10                     471 	.db #0x10	; 16
      0001AB 00                     472 	.db #0x00	; 0
      0001AC 00                     473 	.db #0x00	; 0
      0001AD 80                     474 	.db #0x80	; 128
      0001AE 80                     475 	.db #0x80	; 128
      0001AF 00                     476 	.db #0x00	; 0
      0001B0 DC                     477 	.db #0xdc	; 220
      0001B1 00                     478 	.db #0x00	; 0
      0001B2 BE                     479 	.db #0xbe	; 190
      0001B3 40                     480 	.db #0x40	; 64
      0001B4 7F                     481 	.db #0x7f	; 127
      0001B5 00                     482 	.db #0x00	; 0
      0001B6 F7                     483 	.db #0xf7	; 247
      0001B7 08                     484 	.db #0x08	; 8
      0001B8 EF                     485 	.db #0xef	; 239
      0001B9 18                     486 	.db #0x18	; 24
      0001BA FF                     487 	.db #0xff	; 255
      0001BB 00                     488 	.db #0x00	; 0
      0001BC 7E                     489 	.db #0x7e	; 126
      0001BD 00                     490 	.db #0x00	; 0
      0001BE 3C                     491 	.db #0x3c	; 60
      0001BF 00                     492 	.db #0x00	; 0
      0001C0 00                     493 	.db #0x00	; 0
      0001C1 00                     494 	.db #0x00	; 0
      0001C2 00                     495 	.db #0x00	; 0
      0001C3 00                     496 	.db #0x00	; 0
      0001C4 01                     497 	.db #0x01	; 1
      0001C5 00                     498 	.db #0x00	; 0
      0001C6 02                     499 	.db #0x02	; 2
      0001C7 01                     500 	.db #0x01	; 1
      0001C8 04                     501 	.db #0x04	; 4
      0001C9 00                     502 	.db #0x00	; 0
      0001CA 08                     503 	.db #0x08	; 8
      0001CB 00                     504 	.db #0x00	; 0
      0001CC 00                     505 	.db #0x00	; 0
      0001CD 01                     506 	.db #0x01	; 1
      0001CE 01                     507 	.db #0x01	; 1
      0001CF 00                     508 	.db #0x00	; 0
      0001D0 3B                     509 	.db #0x3b	; 59
      0001D1 00                     510 	.db #0x00	; 0
      0001D2 7D                     511 	.db #0x7d	; 125
      0001D3 02                     512 	.db #0x02	; 2
      0001D4 FE                     513 	.db #0xfe	; 254
      0001D5 00                     514 	.db #0x00	; 0
      0001D6 EF                     515 	.db #0xef	; 239
      0001D7 10                     516 	.db #0x10	; 16
      0001D8 F7                     517 	.db #0xf7	; 247
      0001D9 18                     518 	.db #0x18	; 24
      0001DA FF                     519 	.db #0xff	; 255
      0001DB 00                     520 	.db #0x00	; 0
      0001DC 7E                     521 	.db #0x7e	; 126
      0001DD 00                     522 	.db #0x00	; 0
      0001DE 3C                     523 	.db #0x3c	; 60
      0001DF 00                     524 	.db #0x00	; 0
      0001E0 40                     525 	.db #0x40	; 64
      0001E1 00                     526 	.db #0x00	; 0
      0001E2 80                     527 	.db #0x80	; 128
      0001E3 00                     528 	.db #0x00	; 0
      0001E4 00                     529 	.db #0x00	; 0
      0001E5 80                     530 	.db #0x80	; 128
      0001E6 00                     531 	.db #0x00	; 0
      0001E7 80                     532 	.db #0x80	; 128
      0001E8 30                     533 	.db #0x30	; 48	'0'
      0001E9 80                     534 	.db #0x80	; 128
      0001EA 70                     535 	.db #0x70	; 112	'p'
      0001EB 80                     536 	.db #0x80	; 128
      0001EC E1                     537 	.db #0xe1	; 225
      0001ED 00                     538 	.db #0x00	; 0
      0001EE C2                     539 	.db #0xc2	; 194
      0001EF 3C                     540 	.db #0x3c	; 60
      0001F0 84                     541 	.db #0x84	; 132
      0001F1 48                     542 	.db #0x48	; 72	'H'
      0001F2 08                     543 	.db #0x08	; 8
      0001F3 00                     544 	.db #0x00	; 0
      0001F4 10                     545 	.db #0x10	; 16
      0001F5 00                     546 	.db #0x00	; 0
      0001F6 20                     547 	.db #0x20	; 32
      0001F7 00                     548 	.db #0x00	; 0
      0001F8 00                     549 	.db #0x00	; 0
      0001F9 00                     550 	.db #0x00	; 0
      0001FA 00                     551 	.db #0x00	; 0
      0001FB 00                     552 	.db #0x00	; 0
      0001FC 00                     553 	.db #0x00	; 0
      0001FD 00                     554 	.db #0x00	; 0
      0001FE 00                     555 	.db #0x00	; 0
      0001FF 00                     556 	.db #0x00	; 0
                                    557 	.area _INITIALIZER
                                    558 	.area _CABS (ABS)
