                                      1 ;--------------------------------------------------------
                                      2 ; File Created by SDCC : free open source ISO C Compiler 
                                      3 ; Version 4.3.2 #14228 (MINGW64)
                                      4 ;--------------------------------------------------------
                                      5 	.module explosion_tiles
                                      6 	.optsdcc -msm83
                                      7 	
                                      8 ;--------------------------------------------------------
                                      9 ; Public variables in this module
                                     10 ;--------------------------------------------------------
                                     11 	.globl _explosion_tiles
                                     12 ;--------------------------------------------------------
                                     13 ; special function registers
                                     14 ;--------------------------------------------------------
                                     15 ;--------------------------------------------------------
                                     16 ; ram data
                                     17 ;--------------------------------------------------------
                                     18 	.area _DATA
                                     19 ;--------------------------------------------------------
                                     20 ; ram data
                                     21 ;--------------------------------------------------------
                                     22 	.area _INITIALIZED
                                     23 ;--------------------------------------------------------
                                     24 ; absolute external ram data
                                     25 ;--------------------------------------------------------
                                     26 	.area _DABS (ABS)
                                     27 ;--------------------------------------------------------
                                     28 ; global & static initialisations
                                     29 ;--------------------------------------------------------
                                     30 	.area _HOME
                                     31 	.area _GSINIT
                                     32 	.area _GSFINAL
                                     33 	.area _GSINIT
                                     34 ;--------------------------------------------------------
                                     35 ; Home
                                     36 ;--------------------------------------------------------
                                     37 	.area _HOME
                                     38 	.area _HOME
                                     39 ;--------------------------------------------------------
                                     40 ; code
                                     41 ;--------------------------------------------------------
                                     42 	.area _CODE
                                     43 	.area _CODE
      000000                         44 _explosion_tiles:
      000000 03                      45 	.db #0x03	; 3
      000001 03                      46 	.db #0x03	; 3
      000002 0F                      47 	.db #0x0f	; 15
      000003 08                      48 	.db #0x08	; 8
      000004 1F                      49 	.db #0x1f	; 31
      000005 10                      50 	.db #0x10	; 16
      000006 3F                      51 	.db #0x3f	; 63
      000007 20                      52 	.db #0x20	; 32
      000008 7F                      53 	.db #0x7f	; 127
      000009 40                      54 	.db #0x40	; 64
      00000A 7F                      55 	.db #0x7f	; 127
      00000B 00                      56 	.db #0x00	; 0
      00000C FF                      57 	.db #0xff	; 255
      00000D 80                      58 	.db #0x80	; 128
      00000E FF                      59 	.db #0xff	; 255
      00000F 80                      60 	.db #0x80	; 128
      000010 FF                      61 	.db #0xff	; 255
      000011 80                      62 	.db #0x80	; 128
      000012 FF                      63 	.db #0xff	; 255
      000013 80                      64 	.db #0x80	; 128
      000014 7F                      65 	.db #0x7f	; 127
      000015 40                      66 	.db #0x40	; 64
      000016 7F                      67 	.db #0x7f	; 127
      000017 40                      68 	.db #0x40	; 64
      000018 3F                      69 	.db #0x3f	; 63
      000019 20                      70 	.db #0x20	; 32
      00001A 1F                      71 	.db #0x1f	; 31
      00001B 10                      72 	.db #0x10	; 16
      00001C 0F                      73 	.db #0x0f	; 15
      00001D 08                      74 	.db #0x08	; 8
      00001E 03                      75 	.db #0x03	; 3
      00001F 03                      76 	.db #0x03	; 3
      000020 C0                      77 	.db #0xc0	; 192
      000021 C0                      78 	.db #0xc0	; 192
      000022 F0                      79 	.db #0xf0	; 240
      000023 10                      80 	.db #0x10	; 16
      000024 F8                      81 	.db #0xf8	; 248
      000025 08                      82 	.db #0x08	; 8
      000026 FC                      83 	.db #0xfc	; 252
      000027 04                      84 	.db #0x04	; 4
      000028 FE                      85 	.db #0xfe	; 254
      000029 02                      86 	.db #0x02	; 2
      00002A FE                      87 	.db #0xfe	; 254
      00002B 00                      88 	.db #0x00	; 0
      00002C FF                      89 	.db #0xff	; 255
      00002D 01                      90 	.db #0x01	; 1
      00002E FF                      91 	.db #0xff	; 255
      00002F 01                      92 	.db #0x01	; 1
      000030 FF                      93 	.db #0xff	; 255
      000031 01                      94 	.db #0x01	; 1
      000032 FF                      95 	.db #0xff	; 255
      000033 01                      96 	.db #0x01	; 1
      000034 FE                      97 	.db #0xfe	; 254
      000035 00                      98 	.db #0x00	; 0
      000036 FE                      99 	.db #0xfe	; 254
      000037 02                     100 	.db #0x02	; 2
      000038 FC                     101 	.db #0xfc	; 252
      000039 04                     102 	.db #0x04	; 4
      00003A F8                     103 	.db #0xf8	; 248
      00003B 08                     104 	.db #0x08	; 8
      00003C F0                     105 	.db #0xf0	; 240
      00003D 10                     106 	.db #0x10	; 16
      00003E C0                     107 	.db #0xc0	; 192
      00003F C0                     108 	.db #0xc0	; 192
      000040 00                     109 	.db #0x00	; 0
      000041 00                     110 	.db #0x00	; 0
      000042 01                     111 	.db #0x01	; 1
      000043 01                     112 	.db #0x01	; 1
      000044 07                     113 	.db #0x07	; 7
      000045 04                     114 	.db #0x04	; 4
      000046 0F                     115 	.db #0x0f	; 15
      000047 08                     116 	.db #0x08	; 8
      000048 1F                     117 	.db #0x1f	; 31
      000049 10                     118 	.db #0x10	; 16
      00004A 3F                     119 	.db #0x3f	; 63
      00004B 20                     120 	.db #0x20	; 32
      00004C 3F                     121 	.db #0x3f	; 63
      00004D 00                     122 	.db #0x00	; 0
      00004E 7F                     123 	.db #0x7f	; 127
      00004F 40                     124 	.db #0x40	; 64
      000050 7F                     125 	.db #0x7f	; 127
      000051 40                     126 	.db #0x40	; 64
      000052 3F                     127 	.db #0x3f	; 63
      000053 00                     128 	.db #0x00	; 0
      000054 3F                     129 	.db #0x3f	; 63
      000055 20                     130 	.db #0x20	; 32
      000056 1F                     131 	.db #0x1f	; 31
      000057 10                     132 	.db #0x10	; 16
      000058 0F                     133 	.db #0x0f	; 15
      000059 08                     134 	.db #0x08	; 8
      00005A 07                     135 	.db #0x07	; 7
      00005B 04                     136 	.db #0x04	; 4
      00005C 01                     137 	.db #0x01	; 1
      00005D 01                     138 	.db #0x01	; 1
      00005E 00                     139 	.db #0x00	; 0
      00005F 00                     140 	.db #0x00	; 0
      000060 00                     141 	.db #0x00	; 0
      000061 00                     142 	.db #0x00	; 0
      000062 80                     143 	.db #0x80	; 128
      000063 80                     144 	.db #0x80	; 128
      000064 E0                     145 	.db #0xe0	; 224
      000065 20                     146 	.db #0x20	; 32
      000066 F0                     147 	.db #0xf0	; 240
      000067 10                     148 	.db #0x10	; 16
      000068 F8                     149 	.db #0xf8	; 248
      000069 08                     150 	.db #0x08	; 8
      00006A FC                     151 	.db #0xfc	; 252
      00006B 04                     152 	.db #0x04	; 4
      00006C FC                     153 	.db #0xfc	; 252
      00006D 00                     154 	.db #0x00	; 0
      00006E FE                     155 	.db #0xfe	; 254
      00006F 02                     156 	.db #0x02	; 2
      000070 FE                     157 	.db #0xfe	; 254
      000071 02                     158 	.db #0x02	; 2
      000072 FC                     159 	.db #0xfc	; 252
      000073 00                     160 	.db #0x00	; 0
      000074 FC                     161 	.db #0xfc	; 252
      000075 04                     162 	.db #0x04	; 4
      000076 F8                     163 	.db #0xf8	; 248
      000077 08                     164 	.db #0x08	; 8
      000078 F0                     165 	.db #0xf0	; 240
      000079 10                     166 	.db #0x10	; 16
      00007A E0                     167 	.db #0xe0	; 224
      00007B 20                     168 	.db #0x20	; 32
      00007C 80                     169 	.db #0x80	; 128
      00007D 80                     170 	.db #0x80	; 128
      00007E 00                     171 	.db #0x00	; 0
      00007F 00                     172 	.db #0x00	; 0
      000080 00                     173 	.db #0x00	; 0
      000081 00                     174 	.db #0x00	; 0
      000082 00                     175 	.db #0x00	; 0
      000083 00                     176 	.db #0x00	; 0
      000084 00                     177 	.db #0x00	; 0
      000085 00                     178 	.db #0x00	; 0
      000086 01                     179 	.db #0x01	; 1
      000087 01                     180 	.db #0x01	; 1
      000088 07                     181 	.db #0x07	; 7
      000089 04                     182 	.db #0x04	; 4
      00008A 0F                     183 	.db #0x0f	; 15
      00008B 08                     184 	.db #0x08	; 8
      00008C 1F                     185 	.db #0x1f	; 31
      00008D 10                     186 	.db #0x10	; 16
      00008E 2F                     187 	.db #0x2f	; 47
      00008F 30                     188 	.db #0x30	; 48	'0'
      000090 2F                     189 	.db #0x2f	; 47
      000091 30                     190 	.db #0x30	; 48	'0'
      000092 1F                     191 	.db #0x1f	; 31
      000093 10                     192 	.db #0x10	; 16
      000094 0F                     193 	.db #0x0f	; 15
      000095 08                     194 	.db #0x08	; 8
      000096 07                     195 	.db #0x07	; 7
      000097 04                     196 	.db #0x04	; 4
      000098 01                     197 	.db #0x01	; 1
      000099 01                     198 	.db #0x01	; 1
      00009A 00                     199 	.db #0x00	; 0
      00009B 00                     200 	.db #0x00	; 0
      00009C 00                     201 	.db #0x00	; 0
      00009D 00                     202 	.db #0x00	; 0
      00009E 00                     203 	.db #0x00	; 0
      00009F 00                     204 	.db #0x00	; 0
      0000A0 00                     205 	.db #0x00	; 0
      0000A1 00                     206 	.db #0x00	; 0
      0000A2 00                     207 	.db #0x00	; 0
      0000A3 00                     208 	.db #0x00	; 0
      0000A4 00                     209 	.db #0x00	; 0
      0000A5 00                     210 	.db #0x00	; 0
      0000A6 80                     211 	.db #0x80	; 128
      0000A7 80                     212 	.db #0x80	; 128
      0000A8 E0                     213 	.db #0xe0	; 224
      0000A9 20                     214 	.db #0x20	; 32
      0000AA F0                     215 	.db #0xf0	; 240
      0000AB 10                     216 	.db #0x10	; 16
      0000AC F8                     217 	.db #0xf8	; 248
      0000AD 08                     218 	.db #0x08	; 8
      0000AE F4                     219 	.db #0xf4	; 244
      0000AF 0C                     220 	.db #0x0c	; 12
      0000B0 F4                     221 	.db #0xf4	; 244
      0000B1 0C                     222 	.db #0x0c	; 12
      0000B2 F8                     223 	.db #0xf8	; 248
      0000B3 08                     224 	.db #0x08	; 8
      0000B4 F0                     225 	.db #0xf0	; 240
      0000B5 10                     226 	.db #0x10	; 16
      0000B6 E0                     227 	.db #0xe0	; 224
      0000B7 20                     228 	.db #0x20	; 32
      0000B8 80                     229 	.db #0x80	; 128
      0000B9 80                     230 	.db #0x80	; 128
      0000BA 00                     231 	.db #0x00	; 0
      0000BB 00                     232 	.db #0x00	; 0
      0000BC 00                     233 	.db #0x00	; 0
      0000BD 00                     234 	.db #0x00	; 0
      0000BE 00                     235 	.db #0x00	; 0
      0000BF 00                     236 	.db #0x00	; 0
      0000C0 00                     237 	.db #0x00	; 0
      0000C1 00                     238 	.db #0x00	; 0
      0000C2 00                     239 	.db #0x00	; 0
      0000C3 00                     240 	.db #0x00	; 0
      0000C4 00                     241 	.db #0x00	; 0
      0000C5 00                     242 	.db #0x00	; 0
      0000C6 00                     243 	.db #0x00	; 0
      0000C7 00                     244 	.db #0x00	; 0
      0000C8 01                     245 	.db #0x01	; 1
      0000C9 01                     246 	.db #0x01	; 1
      0000CA 03                     247 	.db #0x03	; 3
      0000CB 02                     248 	.db #0x02	; 2
      0000CC 07                     249 	.db #0x07	; 7
      0000CD 04                     250 	.db #0x04	; 4
      0000CE 67                     251 	.db #0x67	; 103	'g'
      0000CF 78                     252 	.db #0x78	; 120	'x'
      0000D0 07                     253 	.db #0x07	; 7
      0000D1 04                     254 	.db #0x04	; 4
      0000D2 03                     255 	.db #0x03	; 3
      0000D3 02                     256 	.db #0x02	; 2
      0000D4 01                     257 	.db #0x01	; 1
      0000D5 01                     258 	.db #0x01	; 1
      0000D6 00                     259 	.db #0x00	; 0
      0000D7 00                     260 	.db #0x00	; 0
      0000D8 00                     261 	.db #0x00	; 0
      0000D9 00                     262 	.db #0x00	; 0
      0000DA 00                     263 	.db #0x00	; 0
      0000DB 00                     264 	.db #0x00	; 0
      0000DC 00                     265 	.db #0x00	; 0
      0000DD 00                     266 	.db #0x00	; 0
      0000DE 00                     267 	.db #0x00	; 0
      0000DF 00                     268 	.db #0x00	; 0
      0000E0 00                     269 	.db #0x00	; 0
      0000E1 00                     270 	.db #0x00	; 0
      0000E2 00                     271 	.db #0x00	; 0
      0000E3 00                     272 	.db #0x00	; 0
      0000E4 00                     273 	.db #0x00	; 0
      0000E5 00                     274 	.db #0x00	; 0
      0000E6 00                     275 	.db #0x00	; 0
      0000E7 00                     276 	.db #0x00	; 0
      0000E8 00                     277 	.db #0x00	; 0
      0000E9 00                     278 	.db #0x00	; 0
      0000EA 80                     279 	.db #0x80	; 128
      0000EB 80                     280 	.db #0x80	; 128
      0000EC C0                     281 	.db #0xc0	; 192
      0000ED 40                     282 	.db #0x40	; 64
      0000EE CC                     283 	.db #0xcc	; 204
      0000EF 3C                     284 	.db #0x3c	; 60
      0000F0 C0                     285 	.db #0xc0	; 192
      0000F1 40                     286 	.db #0x40	; 64
      0000F2 80                     287 	.db #0x80	; 128
      0000F3 80                     288 	.db #0x80	; 128
      0000F4 00                     289 	.db #0x00	; 0
      0000F5 00                     290 	.db #0x00	; 0
      0000F6 00                     291 	.db #0x00	; 0
      0000F7 00                     292 	.db #0x00	; 0
      0000F8 00                     293 	.db #0x00	; 0
      0000F9 00                     294 	.db #0x00	; 0
      0000FA 00                     295 	.db #0x00	; 0
      0000FB 00                     296 	.db #0x00	; 0
      0000FC 00                     297 	.db #0x00	; 0
      0000FD 00                     298 	.db #0x00	; 0
      0000FE 00                     299 	.db #0x00	; 0
      0000FF 00                     300 	.db #0x00	; 0
                                    301 	.area _INITIALIZER
                                    302 	.area _CABS (ABS)
