                                      1 ;--------------------------------------------------------
                                      2 ; File Created by SDCC : free open source ISO C Compiler 
                                      3 ; Version 4.3.2 #14228 (MINGW64)
                                      4 ;--------------------------------------------------------
                                      5 	.module gameobject
                                      6 	.optsdcc -msm83
                                      7 	
                                      8 ;--------------------------------------------------------
                                      9 ; Public variables in this module
                                     10 ;--------------------------------------------------------
                                     11 	.globl _gameobjects
                                     12 ;--------------------------------------------------------
                                     13 ; special function registers
                                     14 ;--------------------------------------------------------
                                     15 ;--------------------------------------------------------
                                     16 ; ram data
                                     17 ;--------------------------------------------------------
                                     18 	.area _DATA
      000000                         19 _gameobjects_objects_65536_135:
      000000                         20 	.ds 18
                                     21 ;--------------------------------------------------------
                                     22 ; ram data
                                     23 ;--------------------------------------------------------
                                     24 	.area _INITIALIZED
                                     25 ;--------------------------------------------------------
                                     26 ; absolute external ram data
                                     27 ;--------------------------------------------------------
                                     28 	.area _DABS (ABS)
                                     29 ;--------------------------------------------------------
                                     30 ; global & static initialisations
                                     31 ;--------------------------------------------------------
                                     32 	.area _HOME
                                     33 	.area _GSINIT
                                     34 	.area _GSFINAL
                                     35 	.area _GSINIT
                                     36 ;--------------------------------------------------------
                                     37 ; Home
                                     38 ;--------------------------------------------------------
                                     39 	.area _HOME
                                     40 	.area _HOME
                                     41 ;--------------------------------------------------------
                                     42 ; code
                                     43 ;--------------------------------------------------------
                                     44 	.area _CODE
                                     45 ;..\model\gameobject.c:5: struct GameObject* gameobjects(int index) {
                                     46 ;	---------------------------------
                                     47 ; Function gameobjects
                                     48 ; ---------------------------------
      000000                         49 _gameobjects::
      000000 4B               [ 4]   50 	ld	c, e
      000001 42               [ 4]   51 	ld	b, d
                                     52 ;..\model\gameobject.c:7: return &objects[index];
      000002 69               [ 4]   53 	ld	l, c
      000003 60               [ 4]   54 	ld	h, b
      000004 29               [ 8]   55 	add	hl, hl
      000005 29               [ 8]   56 	add	hl, hl
      000006 29               [ 8]   57 	add	hl, hl
      000007 09               [ 8]   58 	add	hl, bc
      000008 11r00r00         [12]   59 	ld	de, #_gameobjects_objects_65536_135
      00000B 19               [ 8]   60 	add	hl, de
      00000C 4D               [ 4]   61 	ld	c, l
      00000D 44               [ 4]   62 	ld	b, h
                                     63 ;..\model\gameobject.c:8: }
      00000E C9               [16]   64 	ret
                                     65 	.area _CODE
                                     66 	.area _INITIALIZER
                                     67 	.area _CABS (ABS)
