                                      1 ;--------------------------------------------------------
                                      2 ; File Created by SDCC : free open source ISO C Compiler 
                                      3 ; Version 4.3.2 #14228 (MINGW64)
                                      4 ;--------------------------------------------------------
                                      5 	.module main
                                      6 	.optsdcc -msm83
                                      7 	
                                      8 ;--------------------------------------------------------
                                      9 ; Public variables in this module
                                     10 ;--------------------------------------------------------
                                     11 	.globl _main
                                     12 	.globl _init_game
                                     13 	.globl _gameobjects
                                     14 	.globl _ExplorationMode_processInput
                                     15 	.globl _ExplorationMode_update
                                     16 	.globl _ExplorationMode_init
                                     17 	.globl _Hud_processInput
                                     18 	.globl _Hud_drawScreen
                                     19 	.globl _Hud_init
                                     20 	.globl _initrand
                                     21 	.globl _wait_vbl_done
                                     22 	.globl _joypad
                                     23 	.globl _joypadCurrent
                                     24 	.globl _gameState
                                     25 	.globl _explorationMode
                                     26 	.globl _hud
                                     27 ;--------------------------------------------------------
                                     28 ; special function registers
                                     29 ;--------------------------------------------------------
                                     30 ;--------------------------------------------------------
                                     31 ; ram data
                                     32 ;--------------------------------------------------------
                                     33 	.area _DATA
      000000                         34 _hud::
      000000                         35 	.ds 6
      000006                         36 _explorationMode::
      000006                         37 	.ds 5
                                     38 ;--------------------------------------------------------
                                     39 ; ram data
                                     40 ;--------------------------------------------------------
                                     41 	.area _INITIALIZED
      000000                         42 _gameState::
      000000                         43 	.ds 2
      000002                         44 _joypadCurrent::
      000002                         45 	.ds 1
                                     46 ;--------------------------------------------------------
                                     47 ; absolute external ram data
                                     48 ;--------------------------------------------------------
                                     49 	.area _DABS (ABS)
                                     50 ;--------------------------------------------------------
                                     51 ; global & static initialisations
                                     52 ;--------------------------------------------------------
                                     53 	.area _HOME
                                     54 	.area _GSINIT
                                     55 	.area _GSFINAL
                                     56 	.area _GSINIT
                                     57 ;--------------------------------------------------------
                                     58 ; Home
                                     59 ;--------------------------------------------------------
                                     60 	.area _HOME
                                     61 	.area _HOME
                                     62 ;--------------------------------------------------------
                                     63 ; code
                                     64 ;--------------------------------------------------------
                                     65 	.area _CODE
                                     66 ;..\main.c:18: void init_game(void) {
                                     67 ;	---------------------------------
                                     68 ; Function init_game
                                     69 ; ---------------------------------
      000000                         70 _init_game::
                                     71 ;..\main.c:19: initrand(DIV_REG);
      000000 F0r00            [12]   72 	ldh	a, (_DIV_REG + 0)
      000002 06 00            [ 8]   73 	ld	b, #0x00
      000004 4F               [ 4]   74 	ld	c, a
      000005 C5               [16]   75 	push	bc
      000006 CDr00r00         [24]   76 	call	_initrand
      000009 E1               [12]   77 	pop	hl
                                     78 ;..\main.c:20: struct GameObject* ship = gameobjects(GO_SHIP);
      00000A 11 00 00         [12]   79 	ld	de, #0x0000
      00000D CDr00r00         [24]   80 	call	_gameobjects
                                     81 ;..\main.c:21: ship->world.x = 0;
      000010 69               [ 4]   82 	ld	l, c
      000011 60               [ 4]   83 	ld	h, b
      000012 AF               [ 4]   84 	xor	a, a
      000013 22               [ 8]   85 	ld	(hl+), a
      000014 77               [ 8]   86 	ld	(hl), a
                                     87 ;..\main.c:22: ship->world.y = 0;
      000015 59               [ 4]   88 	ld	e, c
      000016 50               [ 4]   89 	ld	d, b
      000017 13               [ 8]   90 	inc	de
      000018 13               [ 8]   91 	inc	de
      000019 AF               [ 4]   92 	xor	a, a
      00001A 12               [ 8]   93 	ld	(de), a
      00001B 13               [ 8]   94 	inc	de
      00001C 12               [ 8]   95 	ld	(de), a
                                     96 ;..\main.c:23: ship->vector.x = 0;
      00001D 21 05 00         [12]   97 	ld	hl, #0x0005
      000020 09               [ 8]   98 	add	hl, bc
      000021 AF               [ 4]   99 	xor	a, a
      000022 22               [ 8]  100 	ld	(hl+), a
      000023 77               [ 8]  101 	ld	(hl), a
                                    102 ;..\main.c:24: ship->vector.y = 1;
      000024 21 07 00         [12]  103 	ld	hl, #0x0007
      000027 09               [ 8]  104 	add	hl, bc
      000028 3E 01            [ 8]  105 	ld	a, #0x01
      00002A 22               [ 8]  106 	ld	(hl+), a
      00002B 36 00            [12]  107 	ld	(hl), #0x00
                                    108 ;..\main.c:25: ship->isAlive = true;
      00002D 21 04 00         [12]  109 	ld	hl, #0x0004
      000030 09               [ 8]  110 	add	hl, bc
                                    111 ;..\main.c:27: struct GameObject* planet1 = gameobjects(GO_PLANET1);
      000031 11 01 00         [12]  112 	ld	de, #0x0001
      000034 73               [ 8]  113 	ld	(hl), e
      000035 CDr00r00         [24]  114 	call	_gameobjects
                                    115 ;..\main.c:28: planet1->world.x = -64;
      000038 69               [ 4]  116 	ld	l, c
      000039 60               [ 4]  117 	ld	h, b
      00003A 3E C0            [ 8]  118 	ld	a, #0xc0
      00003C 22               [ 8]  119 	ld	(hl+), a
      00003D 36 FF            [12]  120 	ld	(hl), #0xff
                                    121 ;..\main.c:29: planet1->world.y = -64;
      00003F 03               [ 8]  122 	inc	bc
      000040 03               [ 8]  123 	inc	bc
      000041 3E C0            [ 8]  124 	ld	a, #0xc0
      000043 02               [ 8]  125 	ld	(bc), a
      000044 03               [ 8]  126 	inc	bc
      000045 3E FF            [ 8]  127 	ld	a, #0xff
      000047 02               [ 8]  128 	ld	(bc), a
                                    129 ;..\main.c:31: }
      000048 C9               [16]  130 	ret
                                    131 ;..\main.c:33: void main(void)
                                    132 ;	---------------------------------
                                    133 ; Function main
                                    134 ; ---------------------------------
      000049                        135 _main::
                                    136 ;..\main.c:35: DISPLAY_ON;
      000049 F0r00            [12]  137 	ldh	a, (_LCDC_REG + 0)
      00004B F6 80            [ 8]  138 	or	a, #0x80
      00004D E0r00            [12]  139 	ldh	(_LCDC_REG + 0), a
                                    140 ;..\main.c:36: init_game();
      00004F CDr00r00         [24]  141 	call	_init_game
                                    142 ;..\main.c:38: ExplorationMode_init(&explorationMode);
      000052 11r06r00         [12]  143 	ld	de, #_explorationMode
      000055 CDr00r00         [24]  144 	call	_ExplorationMode_init
                                    145 ;..\main.c:39: int wait = 0;
      000058 01 00 00         [12]  146 	ld	bc, #0x0000
                                    147 ;..\main.c:41: while(1) {
      00005B                        148 00117$:
                                    149 ;..\main.c:42: if(wait > 0)wait++;
      00005B 58               [ 4]  150 	ld	e, b
      00005C AF               [ 4]  151 	xor	a, a
      00005D 57               [ 4]  152 	ld	d, a
      00005E B9               [ 4]  153 	cp	a, c
      00005F 98               [ 4]  154 	sbc	a, b
      000060 CB 7B            [ 8]  155 	bit	7, e
      000062 28 07            [12]  156 	jr	Z, 00184$
      000064 CB 7A            [ 8]  157 	bit	7, d
      000066 20 08            [12]  158 	jr	NZ, 00185$
      000068 BF               [ 4]  159 	cp	a, a
      000069 18 05            [12]  160 	jr	00185$
      00006B                        161 00184$:
      00006B CB 7A            [ 8]  162 	bit	7, d
      00006D 28 01            [12]  163 	jr	Z, 00185$
      00006F 37               [ 4]  164 	scf
      000070                        165 00185$:
      000070 30 01            [12]  166 	jr	NC, 00102$
      000072 03               [ 8]  167 	inc	bc
      000073                        168 00102$:
                                    169 ;..\main.c:43: if(wait > 50)wait = 0;
      000073 58               [ 4]  170 	ld	e, b
      000074 16 00            [ 8]  171 	ld	d, #0x00
      000076 3E 32            [ 8]  172 	ld	a, #0x32
      000078 B9               [ 4]  173 	cp	a, c
      000079 3E 00            [ 8]  174 	ld	a, #0x00
      00007B 98               [ 4]  175 	sbc	a, b
      00007C CB 7B            [ 8]  176 	bit	7, e
      00007E 28 07            [12]  177 	jr	Z, 00186$
      000080 CB 7A            [ 8]  178 	bit	7, d
      000082 20 08            [12]  179 	jr	NZ, 00187$
      000084 BF               [ 4]  180 	cp	a, a
      000085 18 05            [12]  181 	jr	00187$
      000087                        182 00186$:
      000087 CB 7A            [ 8]  183 	bit	7, d
      000089 28 01            [12]  184 	jr	Z, 00187$
      00008B 37               [ 4]  185 	scf
      00008C                        186 00187$:
      00008C 30 03            [12]  187 	jr	NC, 00104$
      00008E 01 00 00         [12]  188 	ld	bc, #0x0000
      000091                        189 00104$:
                                    190 ;..\main.c:44: joypadCurrent=joypad();
      000091 CDr00r00         [24]  191 	call	_joypad
      000094 21r02r00         [12]  192 	ld	hl, #_joypadCurrent
      000097 77               [ 8]  193 	ld	(hl), a
                                    194 ;..\main.c:45: if (joypadCurrent & J_START && wait == 0)
      000098 7E               [ 8]  195 	ld	a, (hl)
      000099 07               [ 4]  196 	rlca
      00009A 30 3B            [12]  197 	jr	NC, 00110$
      00009C 78               [ 4]  198 	ld	a, b
      00009D B1               [ 4]  199 	or	a, c
      00009E 20 37            [12]  200 	jr	NZ, 00110$
                                    201 ;..\main.c:47: switch (gameState)
      0000A0 21r00r00         [12]  202 	ld	hl, #_gameState
      0000A3 2A               [ 8]  203 	ld	a, (hl+)
      0000A4 3D               [ 4]  204 	dec	a
      0000A5 B6               [ 8]  205 	or	a, (hl)
      0000A6 28 0B            [12]  206 	jr	Z, 00105$
      0000A8 21r00r00         [12]  207 	ld	hl, #_gameState
      0000AB 2A               [ 8]  208 	ld	a, (hl+)
      0000AC D6 03            [ 8]  209 	sub	a, #0x03
      0000AE B6               [ 8]  210 	or	a, (hl)
      0000AF 28 15            [12]  211 	jr	Z, 00106$
      0000B1 18 24            [12]  212 	jr	00110$
                                    213 ;..\main.c:49: case EXPLORATION_MODE:
      0000B3                        214 00105$:
                                    215 ;..\main.c:50: gameState = HUD_MODE;
      0000B3 21r00r00         [12]  216 	ld	hl, #_gameState
      0000B6 3E 03            [ 8]  217 	ld	a, #0x03
      0000B8 22               [ 8]  218 	ld	(hl+), a
      0000B9 AF               [ 4]  219 	xor	a, a
      0000BA 77               [ 8]  220 	ld	(hl), a
                                    221 ;..\main.c:51: Hud_init(&hud);
      0000BB 11r00r00         [12]  222 	ld	de, #_hud
      0000BE CDr00r00         [24]  223 	call	_Hud_init
                                    224 ;..\main.c:52: wait = 1;
      0000C1 01 01 00         [12]  225 	ld	bc, #0x0001
                                    226 ;..\main.c:53: break;
      0000C4 18 11            [12]  227 	jr	00110$
                                    228 ;..\main.c:54: case HUD_MODE:
      0000C6                        229 00106$:
                                    230 ;..\main.c:55: gameState = EXPLORATION_MODE;
      0000C6 21r00r00         [12]  231 	ld	hl, #_gameState
      0000C9 3E 01            [ 8]  232 	ld	a, #0x01
      0000CB 22               [ 8]  233 	ld	(hl+), a
      0000CC AF               [ 4]  234 	xor	a, a
      0000CD 77               [ 8]  235 	ld	(hl), a
                                    236 ;..\main.c:56: ExplorationMode_init(&explorationMode);
      0000CE 11r06r00         [12]  237 	ld	de, #_explorationMode
      0000D1 CDr00r00         [24]  238 	call	_ExplorationMode_init
                                    239 ;..\main.c:57: wait = 1;
      0000D4 01 01 00         [12]  240 	ld	bc, #0x0001
                                    241 ;..\main.c:61: }
      0000D7                        242 00110$:
                                    243 ;..\main.c:64: switch (gameState)
      0000D7 21r00r00         [12]  244 	ld	hl, #_gameState
      0000DA 2A               [ 8]  245 	ld	a, (hl+)
      0000DB 3D               [ 4]  246 	dec	a
      0000DC B6               [ 8]  247 	or	a, (hl)
      0000DD 28 0B            [12]  248 	jr	Z, 00112$
      0000DF 21r00r00         [12]  249 	ld	hl, #_gameState
      0000E2 2A               [ 8]  250 	ld	a, (hl+)
      0000E3 D6 03            [ 8]  251 	sub	a, #0x03
      0000E5 B6               [ 8]  252 	or	a, (hl)
      0000E6 28 15            [12]  253 	jr	Z, 00113$
      0000E8 18 24            [12]  254 	jr	00115$
                                    255 ;..\main.c:66: case EXPLORATION_MODE:
      0000EA                        256 00112$:
                                    257 ;..\main.c:67: ExplorationMode_update(&explorationMode);
      0000EA C5               [16]  258 	push	bc
      0000EB 11r06r00         [12]  259 	ld	de, #_explorationMode
      0000EE CDr00r00         [24]  260 	call	_ExplorationMode_update
      0000F1 FAr02r00         [16]  261 	ld	a, (#_joypadCurrent)
      0000F4 11r06r00         [12]  262 	ld	de, #_explorationMode
      0000F7 CDr00r00         [24]  263 	call	_ExplorationMode_processInput
      0000FA C1               [12]  264 	pop	bc
                                    265 ;..\main.c:69: break;
      0000FB 18 11            [12]  266 	jr	00115$
                                    267 ;..\main.c:70: case HUD_MODE:
      0000FD                        268 00113$:
                                    269 ;..\main.c:71: Hud_processInput(&hud, joypadCurrent);
      0000FD C5               [16]  270 	push	bc
      0000FE FAr02r00         [16]  271 	ld	a, (#_joypadCurrent)
      000101 11r00r00         [12]  272 	ld	de, #_hud
      000104 CDr00r00         [24]  273 	call	_Hud_processInput
      000107 11r00r00         [12]  274 	ld	de, #_hud
      00010A CDr00r00         [24]  275 	call	_Hud_drawScreen
      00010D C1               [12]  276 	pop	bc
                                    277 ;..\main.c:76: }
      00010E                        278 00115$:
                                    279 ;..\main.c:88: wait_vbl_done();
      00010E CDr00r00         [24]  280 	call	_wait_vbl_done
                                    281 ;..\main.c:90: }
      000111 C3r5Br00         [16]  282 	jp	00117$
                                    283 	.area _CODE
                                    284 	.area _INITIALIZER
      000000                        285 __xinit__gameState:
      000000 01 00                  286 	.dw #0x0001
      000002                        287 __xinit__joypadCurrent:
      000002 00                     288 	.db #0x00	; 0
                                    289 	.area _CABS (ABS)
