                                      1 ;--------------------------------------------------------
                                      2 ; File Created by SDCC : free open source ISO C Compiler 
                                      3 ; Version 4.3.2 #14228 (MINGW64)
                                      4 ;--------------------------------------------------------
                                      5 	.module photon
                                      6 	.optsdcc -msm83
                                      7 	
                                      8 ;--------------------------------------------------------
                                      9 ; Public variables in this module
                                     10 ;--------------------------------------------------------
                                     11 	.globl _photon_tiles
                                     12 ;--------------------------------------------------------
                                     13 ; special function registers
                                     14 ;--------------------------------------------------------
                                     15 ;--------------------------------------------------------
                                     16 ; ram data
                                     17 ;--------------------------------------------------------
                                     18 	.area _DATA
                                     19 ;--------------------------------------------------------
                                     20 ; ram data
                                     21 ;--------------------------------------------------------
                                     22 	.area _INITIALIZED
                                     23 ;--------------------------------------------------------
                                     24 ; absolute external ram data
                                     25 ;--------------------------------------------------------
                                     26 	.area _DABS (ABS)
                                     27 ;--------------------------------------------------------
                                     28 ; global & static initialisations
                                     29 ;--------------------------------------------------------
                                     30 	.area _HOME
                                     31 	.area _GSINIT
                                     32 	.area _GSFINAL
                                     33 	.area _GSINIT
                                     34 ;--------------------------------------------------------
                                     35 ; Home
                                     36 ;--------------------------------------------------------
                                     37 	.area _HOME
                                     38 	.area _HOME
                                     39 ;--------------------------------------------------------
                                     40 ; code
                                     41 ;--------------------------------------------------------
                                     42 	.area _CODE
                                     43 	.area _CODE
      000000                         44 _photon_tiles:
      000000 10                      45 	.db #0x10	; 16
      000001 10                      46 	.db #0x10	; 16
      000002 00                      47 	.db #0x00	; 0
      000003 10                      48 	.db #0x10	; 16
      000004 28                      49 	.db #0x28	; 40
      000005 38                      50 	.db #0x38	; 56	'8'
      000006 92                      51 	.db #0x92	; 146
      000007 EE                      52 	.db #0xee	; 238
      000008 28                      53 	.db #0x28	; 40
      000009 38                      54 	.db #0x38	; 56	'8'
      00000A 00                      55 	.db #0x00	; 0
      00000B 10                      56 	.db #0x10	; 16
      00000C 10                      57 	.db #0x10	; 16
      00000D 10                      58 	.db #0x10	; 16
      00000E 00                      59 	.db #0x00	; 0
      00000F 00                      60 	.db #0x00	; 0
      000010 00                      61 	.db #0x00	; 0
      000011 00                      62 	.db #0x00	; 0
      000012 44                      63 	.db #0x44	; 68	'D'
      000013 44                      64 	.db #0x44	; 68	'D'
      000014 10                      65 	.db #0x10	; 16
      000015 38                      66 	.db #0x38	; 56	'8'
      000016 38                      67 	.db #0x38	; 56	'8'
      000017 28                      68 	.db #0x28	; 40
      000018 10                      69 	.db #0x10	; 16
      000019 38                      70 	.db #0x38	; 56	'8'
      00001A 44                      71 	.db #0x44	; 68	'D'
      00001B 44                      72 	.db #0x44	; 68	'D'
      00001C 00                      73 	.db #0x00	; 0
      00001D 00                      74 	.db #0x00	; 0
      00001E 00                      75 	.db #0x00	; 0
      00001F 00                      76 	.db #0x00	; 0
                                     77 	.area _INITIALIZER
                                     78 	.area _CABS (ABS)
