                                      1 ;--------------------------------------------------------
                                      2 ; File Created by SDCC : free open source ISO C Compiler 
                                      3 ; Version 4.3.2 #14228 (MINGW64)
                                      4 ;--------------------------------------------------------
                                      5 	.module saturn
                                      6 	.optsdcc -msm83
                                      7 	
                                      8 ;--------------------------------------------------------
                                      9 ; Public variables in this module
                                     10 ;--------------------------------------------------------
                                     11 	.globl _saturn_tiles
                                     12 ;--------------------------------------------------------
                                     13 ; special function registers
                                     14 ;--------------------------------------------------------
                                     15 ;--------------------------------------------------------
                                     16 ; ram data
                                     17 ;--------------------------------------------------------
                                     18 	.area _DATA
                                     19 ;--------------------------------------------------------
                                     20 ; ram data
                                     21 ;--------------------------------------------------------
                                     22 	.area _INITIALIZED
                                     23 ;--------------------------------------------------------
                                     24 ; absolute external ram data
                                     25 ;--------------------------------------------------------
                                     26 	.area _DABS (ABS)
                                     27 ;--------------------------------------------------------
                                     28 ; global & static initialisations
                                     29 ;--------------------------------------------------------
                                     30 	.area _HOME
                                     31 	.area _GSINIT
                                     32 	.area _GSFINAL
                                     33 	.area _GSINIT
                                     34 ;--------------------------------------------------------
                                     35 ; Home
                                     36 ;--------------------------------------------------------
                                     37 	.area _HOME
                                     38 	.area _HOME
                                     39 ;--------------------------------------------------------
                                     40 ; code
                                     41 ;--------------------------------------------------------
                                     42 	.area _CODE
                                     43 	.area _CODE
      000000                         44 _saturn_tiles:
      000000 00                      45 	.db #0x00	; 0
      000001 00                      46 	.db #0x00	; 0
      000002 00                      47 	.db #0x00	; 0
      000003 00                      48 	.db #0x00	; 0
      000004 00                      49 	.db #0x00	; 0
      000005 00                      50 	.db #0x00	; 0
      000006 06                      51 	.db #0x06	; 6
      000007 01                      52 	.db #0x01	; 1
      000008 0F                      53 	.db #0x0f	; 15
      000009 00                      54 	.db #0x00	; 0
      00000A 15                      55 	.db #0x15	; 21
      00000B 0A                      56 	.db #0x0a	; 10
      00000C 1F                      57 	.db #0x1f	; 31
      00000D 00                      58 	.db #0x00	; 0
      00000E 16                      59 	.db #0x16	; 22
      00000F 09                      60 	.db #0x09	; 9
      000010 0D                      61 	.db #0x0d	; 13
      000011 12                      62 	.db #0x12	; 18
      000012 1F                      63 	.db #0x1f	; 31
      000013 00                      64 	.db #0x00	; 0
      000014 35                      65 	.db #0x35	; 53	'5'
      000015 2B                      66 	.db #0x2b	; 43
      000016 4F                      67 	.db #0x4f	; 79	'O'
      000017 43                      68 	.db #0x43	; 67	'C'
      000018 4F                      69 	.db #0x4f	; 79	'O'
      000019 4F                      70 	.db #0x4f	; 79	'O'
      00001A FC                      71 	.db #0xfc	; 252
      00001B FC                      72 	.db #0xfc	; 252
      00001C E0                      73 	.db #0xe0	; 224
      00001D E0                      74 	.db #0xe0	; 224
      00001E 00                      75 	.db #0x00	; 0
      00001F 00                      76 	.db #0x00	; 0
      000020 06                      77 	.db #0x06	; 6
      000021 06                      78 	.db #0x06	; 6
      000022 1E                      79 	.db #0x1e	; 30
      000023 1E                      80 	.db #0x1e	; 30
      000024 26                      81 	.db #0x26	; 38
      000025 26                      82 	.db #0x26	; 38
      000026 04                      83 	.db #0x04	; 4
      000027 E4                      84 	.db #0xe4	; 228
      000028 0C                      85 	.db #0x0c	; 12
      000029 FC                      86 	.db #0xfc	; 252
      00002A 8C                      87 	.db #0x8c	; 140
      00002B 7C                      88 	.db #0x7c	; 124
      00002C 18                      89 	.db #0x18	; 24
      00002D F8                      90 	.db #0xf8	; 248
      00002E F8                      91 	.db #0xf8	; 248
      00002F 38                      92 	.db #0x38	; 56	'8'
      000030 F0                      93 	.db #0xf0	; 240
      000031 78                      94 	.db #0x78	; 120	'x'
      000032 E0                      95 	.db #0xe0	; 224
      000033 F8                      96 	.db #0xf8	; 248
      000034 C0                      97 	.db #0xc0	; 192
      000035 F8                      98 	.db #0xf8	; 248
      000036 C0                      99 	.db #0xc0	; 192
      000037 B0                     100 	.db #0xb0	; 176
      000038 C0                     101 	.db #0xc0	; 192
      000039 20                     102 	.db #0x20	; 32
      00003A 00                     103 	.db #0x00	; 0
      00003B 00                     104 	.db #0x00	; 0
      00003C 00                     105 	.db #0x00	; 0
      00003D 00                     106 	.db #0x00	; 0
      00003E 00                     107 	.db #0x00	; 0
      00003F 00                     108 	.db #0x00	; 0
                                    109 	.area _INITIALIZER
                                    110 	.area _CABS (ABS)
