                                      1 ;--------------------------------------------------------
                                      2 ; File Created by SDCC : free open source ISO C Compiler 
                                      3 ; Version 4.3.2 #14228 (MINGW64)
                                      4 ;--------------------------------------------------------
                                      5 	.module sensor_screen
                                      6 	.optsdcc -msm83
                                      7 	
                                      8 ;--------------------------------------------------------
                                      9 ; Public variables in this module
                                     10 ;--------------------------------------------------------
                                     11 	.globl _sensor_screen
                                     12 ;--------------------------------------------------------
                                     13 ; special function registers
                                     14 ;--------------------------------------------------------
                                     15 ;--------------------------------------------------------
                                     16 ; ram data
                                     17 ;--------------------------------------------------------
                                     18 	.area _DATA
                                     19 ;--------------------------------------------------------
                                     20 ; ram data
                                     21 ;--------------------------------------------------------
                                     22 	.area _INITIALIZED
                                     23 ;--------------------------------------------------------
                                     24 ; absolute external ram data
                                     25 ;--------------------------------------------------------
                                     26 	.area _DABS (ABS)
                                     27 ;--------------------------------------------------------
                                     28 ; global & static initialisations
                                     29 ;--------------------------------------------------------
                                     30 	.area _HOME
                                     31 	.area _GSINIT
                                     32 	.area _GSFINAL
                                     33 	.area _GSINIT
                                     34 ;--------------------------------------------------------
                                     35 ; Home
                                     36 ;--------------------------------------------------------
                                     37 	.area _HOME
                                     38 	.area _HOME
                                     39 ;--------------------------------------------------------
                                     40 ; code
                                     41 ;--------------------------------------------------------
                                     42 	.area _CODE
                                     43 	.area _CODE
      000000                         44 _sensor_screen:
      000000 01                      45 	.db #0x01	; 1
      000001 01                      46 	.db #0x01	; 1
      000002 01                      47 	.db #0x01	; 1
      000003 01                      48 	.db #0x01	; 1
      000004 01                      49 	.db #0x01	; 1
      000005 01                      50 	.db #0x01	; 1
      000006 01                      51 	.db #0x01	; 1
      000007 01                      52 	.db #0x01	; 1
      000008 01                      53 	.db #0x01	; 1
      000009 01                      54 	.db #0x01	; 1
      00000A 01                      55 	.db #0x01	; 1
      00000B 01                      56 	.db #0x01	; 1
      00000C 01                      57 	.db #0x01	; 1
      00000D 03                      58 	.db #0x03	; 3
      00000E 04                      59 	.db #0x04	; 4
      00000F 05                      60 	.db #0x05	; 5
      000010 06                      61 	.db #0x06	; 6
      000011 07                      62 	.db #0x07	; 7
      000012 02                      63 	.db #0x02	; 2
      000013 00                      64 	.db #0x00	; 0
      000014 00                      65 	.db #0x00	; 0
      000015 00                      66 	.db #0x00	; 0
      000016 00                      67 	.db #0x00	; 0
      000017 00                      68 	.db #0x00	; 0
      000018 00                      69 	.db #0x00	; 0
      000019 00                      70 	.db #0x00	; 0
      00001A 00                      71 	.db #0x00	; 0
      00001B 00                      72 	.db #0x00	; 0
      00001C 00                      73 	.db #0x00	; 0
      00001D 00                      74 	.db #0x00	; 0
      00001E 00                      75 	.db #0x00	; 0
      00001F 08                      76 	.db #0x08	; 8
      000020 09                      77 	.db #0x09	; 9
      000021 08                      78 	.db #0x08	; 8
      000022 09                      79 	.db #0x09	; 9
      000023 08                      80 	.db #0x08	; 8
      000024 09                      81 	.db #0x09	; 9
      000025 08                      82 	.db #0x08	; 8
      000026 09                      83 	.db #0x09	; 9
      000027 08                      84 	.db #0x08	; 8
      000028 09                      85 	.db #0x09	; 9
      000029 08                      86 	.db #0x08	; 8
      00002A 09                      87 	.db #0x09	; 9
      00002B 08                      88 	.db #0x08	; 8
      00002C 09                      89 	.db #0x09	; 9
      00002D 08                      90 	.db #0x08	; 8
      00002E 09                      91 	.db #0x09	; 9
      00002F 08                      92 	.db #0x08	; 8
      000030 09                      93 	.db #0x09	; 9
      000031 08                      94 	.db #0x08	; 8
      000032 09                      95 	.db #0x09	; 9
      000033 00                      96 	.db #0x00	; 0
      000034 00                      97 	.db #0x00	; 0
      000035 00                      98 	.db #0x00	; 0
      000036 00                      99 	.db #0x00	; 0
      000037 00                     100 	.db #0x00	; 0
      000038 00                     101 	.db #0x00	; 0
      000039 00                     102 	.db #0x00	; 0
      00003A 00                     103 	.db #0x00	; 0
      00003B 00                     104 	.db #0x00	; 0
      00003C 00                     105 	.db #0x00	; 0
      00003D 00                     106 	.db #0x00	; 0
      00003E 0A                     107 	.db #0x0a	; 10
      00003F 00                     108 	.db #0x00	; 0
      000040 0A                     109 	.db #0x0a	; 10
      000041 00                     110 	.db #0x00	; 0
      000042 0A                     111 	.db #0x0a	; 10
      000043 00                     112 	.db #0x00	; 0
      000044 0A                     113 	.db #0x0a	; 10
      000045 00                     114 	.db #0x00	; 0
      000046 0A                     115 	.db #0x0a	; 10
      000047 00                     116 	.db #0x00	; 0
      000048 0A                     117 	.db #0x0a	; 10
      000049 00                     118 	.db #0x00	; 0
      00004A 0A                     119 	.db #0x0a	; 10
      00004B 00                     120 	.db #0x00	; 0
      00004C 0A                     121 	.db #0x0a	; 10
      00004D 00                     122 	.db #0x00	; 0
      00004E 0A                     123 	.db #0x0a	; 10
      00004F 00                     124 	.db #0x00	; 0
      000050 0A                     125 	.db #0x0a	; 10
      000051 00                     126 	.db #0x00	; 0
      000052 00                     127 	.db #0x00	; 0
      000053 00                     128 	.db #0x00	; 0
      000054 00                     129 	.db #0x00	; 0
      000055 00                     130 	.db #0x00	; 0
      000056 00                     131 	.db #0x00	; 0
      000057 00                     132 	.db #0x00	; 0
      000058 00                     133 	.db #0x00	; 0
      000059 00                     134 	.db #0x00	; 0
      00005A 00                     135 	.db #0x00	; 0
      00005B 00                     136 	.db #0x00	; 0
      00005C 00                     137 	.db #0x00	; 0
      00005D 08                     138 	.db #0x08	; 8
      00005E 09                     139 	.db #0x09	; 9
      00005F 08                     140 	.db #0x08	; 8
      000060 09                     141 	.db #0x09	; 9
      000061 08                     142 	.db #0x08	; 8
      000062 09                     143 	.db #0x09	; 9
      000063 08                     144 	.db #0x08	; 8
      000064 09                     145 	.db #0x09	; 9
      000065 08                     146 	.db #0x08	; 8
      000066 09                     147 	.db #0x09	; 9
      000067 08                     148 	.db #0x08	; 8
      000068 09                     149 	.db #0x09	; 9
      000069 08                     150 	.db #0x08	; 8
      00006A 09                     151 	.db #0x09	; 9
      00006B 08                     152 	.db #0x08	; 8
      00006C 09                     153 	.db #0x09	; 9
      00006D 08                     154 	.db #0x08	; 8
      00006E 09                     155 	.db #0x09	; 9
      00006F 08                     156 	.db #0x08	; 8
      000070 09                     157 	.db #0x09	; 9
      000071 00                     158 	.db #0x00	; 0
      000072 00                     159 	.db #0x00	; 0
      000073 00                     160 	.db #0x00	; 0
      000074 00                     161 	.db #0x00	; 0
      000075 00                     162 	.db #0x00	; 0
      000076 00                     163 	.db #0x00	; 0
      000077 00                     164 	.db #0x00	; 0
      000078 00                     165 	.db #0x00	; 0
      000079 00                     166 	.db #0x00	; 0
      00007A 00                     167 	.db #0x00	; 0
      00007B 00                     168 	.db #0x00	; 0
      00007C 0A                     169 	.db #0x0a	; 10
      00007D 00                     170 	.db #0x00	; 0
      00007E 0A                     171 	.db #0x0a	; 10
      00007F 00                     172 	.db #0x00	; 0
      000080 0A                     173 	.db #0x0a	; 10
      000081 00                     174 	.db #0x00	; 0
      000082 0A                     175 	.db #0x0a	; 10
      000083 00                     176 	.db #0x00	; 0
      000084 0A                     177 	.db #0x0a	; 10
      000085 00                     178 	.db #0x00	; 0
      000086 0A                     179 	.db #0x0a	; 10
      000087 00                     180 	.db #0x00	; 0
      000088 0A                     181 	.db #0x0a	; 10
      000089 00                     182 	.db #0x00	; 0
      00008A 0A                     183 	.db #0x0a	; 10
      00008B 00                     184 	.db #0x00	; 0
      00008C 0A                     185 	.db #0x0a	; 10
      00008D 00                     186 	.db #0x00	; 0
      00008E 0A                     187 	.db #0x0a	; 10
      00008F 00                     188 	.db #0x00	; 0
      000090 00                     189 	.db #0x00	; 0
      000091 00                     190 	.db #0x00	; 0
      000092 00                     191 	.db #0x00	; 0
      000093 00                     192 	.db #0x00	; 0
      000094 00                     193 	.db #0x00	; 0
      000095 00                     194 	.db #0x00	; 0
      000096 00                     195 	.db #0x00	; 0
      000097 00                     196 	.db #0x00	; 0
      000098 00                     197 	.db #0x00	; 0
      000099 00                     198 	.db #0x00	; 0
      00009A 00                     199 	.db #0x00	; 0
      00009B 08                     200 	.db #0x08	; 8
      00009C 09                     201 	.db #0x09	; 9
      00009D 08                     202 	.db #0x08	; 8
      00009E 09                     203 	.db #0x09	; 9
      00009F 08                     204 	.db #0x08	; 8
      0000A0 09                     205 	.db #0x09	; 9
      0000A1 08                     206 	.db #0x08	; 8
      0000A2 09                     207 	.db #0x09	; 9
      0000A3 08                     208 	.db #0x08	; 8
      0000A4 09                     209 	.db #0x09	; 9
      0000A5 08                     210 	.db #0x08	; 8
      0000A6 09                     211 	.db #0x09	; 9
      0000A7 08                     212 	.db #0x08	; 8
      0000A8 09                     213 	.db #0x09	; 9
      0000A9 08                     214 	.db #0x08	; 8
      0000AA 09                     215 	.db #0x09	; 9
      0000AB 08                     216 	.db #0x08	; 8
      0000AC 09                     217 	.db #0x09	; 9
      0000AD 08                     218 	.db #0x08	; 8
      0000AE 09                     219 	.db #0x09	; 9
      0000AF 00                     220 	.db #0x00	; 0
      0000B0 00                     221 	.db #0x00	; 0
      0000B1 00                     222 	.db #0x00	; 0
      0000B2 00                     223 	.db #0x00	; 0
      0000B3 00                     224 	.db #0x00	; 0
      0000B4 00                     225 	.db #0x00	; 0
      0000B5 00                     226 	.db #0x00	; 0
      0000B6 00                     227 	.db #0x00	; 0
      0000B7 00                     228 	.db #0x00	; 0
      0000B8 00                     229 	.db #0x00	; 0
      0000B9 00                     230 	.db #0x00	; 0
      0000BA 0A                     231 	.db #0x0a	; 10
      0000BB 00                     232 	.db #0x00	; 0
      0000BC 0A                     233 	.db #0x0a	; 10
      0000BD 00                     234 	.db #0x00	; 0
      0000BE 0A                     235 	.db #0x0a	; 10
      0000BF 00                     236 	.db #0x00	; 0
      0000C0 0A                     237 	.db #0x0a	; 10
      0000C1 00                     238 	.db #0x00	; 0
      0000C2 0A                     239 	.db #0x0a	; 10
      0000C3 00                     240 	.db #0x00	; 0
      0000C4 0A                     241 	.db #0x0a	; 10
      0000C5 00                     242 	.db #0x00	; 0
      0000C6 0A                     243 	.db #0x0a	; 10
      0000C7 00                     244 	.db #0x00	; 0
      0000C8 0A                     245 	.db #0x0a	; 10
      0000C9 00                     246 	.db #0x00	; 0
      0000CA 0A                     247 	.db #0x0a	; 10
      0000CB 00                     248 	.db #0x00	; 0
      0000CC 0A                     249 	.db #0x0a	; 10
      0000CD 00                     250 	.db #0x00	; 0
      0000CE 00                     251 	.db #0x00	; 0
      0000CF 00                     252 	.db #0x00	; 0
      0000D0 00                     253 	.db #0x00	; 0
      0000D1 00                     254 	.db #0x00	; 0
      0000D2 00                     255 	.db #0x00	; 0
      0000D3 00                     256 	.db #0x00	; 0
      0000D4 00                     257 	.db #0x00	; 0
      0000D5 00                     258 	.db #0x00	; 0
      0000D6 00                     259 	.db #0x00	; 0
      0000D7 00                     260 	.db #0x00	; 0
      0000D8 00                     261 	.db #0x00	; 0
      0000D9 08                     262 	.db #0x08	; 8
      0000DA 09                     263 	.db #0x09	; 9
      0000DB 08                     264 	.db #0x08	; 8
      0000DC 09                     265 	.db #0x09	; 9
      0000DD 08                     266 	.db #0x08	; 8
      0000DE 09                     267 	.db #0x09	; 9
      0000DF 08                     268 	.db #0x08	; 8
      0000E0 09                     269 	.db #0x09	; 9
      0000E1 08                     270 	.db #0x08	; 8
      0000E2 09                     271 	.db #0x09	; 9
      0000E3 08                     272 	.db #0x08	; 8
      0000E4 09                     273 	.db #0x09	; 9
      0000E5 08                     274 	.db #0x08	; 8
      0000E6 09                     275 	.db #0x09	; 9
      0000E7 08                     276 	.db #0x08	; 8
      0000E8 09                     277 	.db #0x09	; 9
      0000E9 08                     278 	.db #0x08	; 8
      0000EA 09                     279 	.db #0x09	; 9
      0000EB 08                     280 	.db #0x08	; 8
      0000EC 09                     281 	.db #0x09	; 9
      0000ED 00                     282 	.db #0x00	; 0
      0000EE 00                     283 	.db #0x00	; 0
      0000EF 00                     284 	.db #0x00	; 0
      0000F0 00                     285 	.db #0x00	; 0
      0000F1 00                     286 	.db #0x00	; 0
      0000F2 00                     287 	.db #0x00	; 0
      0000F3 00                     288 	.db #0x00	; 0
      0000F4 00                     289 	.db #0x00	; 0
      0000F5 00                     290 	.db #0x00	; 0
      0000F6 00                     291 	.db #0x00	; 0
      0000F7 00                     292 	.db #0x00	; 0
      0000F8 0A                     293 	.db #0x0a	; 10
      0000F9 00                     294 	.db #0x00	; 0
      0000FA 0A                     295 	.db #0x0a	; 10
      0000FB 00                     296 	.db #0x00	; 0
      0000FC 0A                     297 	.db #0x0a	; 10
      0000FD 00                     298 	.db #0x00	; 0
      0000FE 0A                     299 	.db #0x0a	; 10
      0000FF 00                     300 	.db #0x00	; 0
      000100 0A                     301 	.db #0x0a	; 10
      000101 0E                     302 	.db #0x0e	; 14
      000102 0C                     303 	.db #0x0c	; 12
      000103 00                     304 	.db #0x00	; 0
      000104 0A                     305 	.db #0x0a	; 10
      000105 00                     306 	.db #0x00	; 0
      000106 0A                     307 	.db #0x0a	; 10
      000107 00                     308 	.db #0x00	; 0
      000108 0A                     309 	.db #0x0a	; 10
      000109 00                     310 	.db #0x00	; 0
      00010A 0A                     311 	.db #0x0a	; 10
      00010B 00                     312 	.db #0x00	; 0
      00010C 00                     313 	.db #0x00	; 0
      00010D 00                     314 	.db #0x00	; 0
      00010E 00                     315 	.db #0x00	; 0
      00010F 00                     316 	.db #0x00	; 0
      000110 00                     317 	.db #0x00	; 0
      000111 00                     318 	.db #0x00	; 0
      000112 00                     319 	.db #0x00	; 0
      000113 00                     320 	.db #0x00	; 0
      000114 00                     321 	.db #0x00	; 0
      000115 00                     322 	.db #0x00	; 0
      000116 00                     323 	.db #0x00	; 0
      000117 08                     324 	.db #0x08	; 8
      000118 09                     325 	.db #0x09	; 9
      000119 08                     326 	.db #0x08	; 8
      00011A 09                     327 	.db #0x09	; 9
      00011B 08                     328 	.db #0x08	; 8
      00011C 09                     329 	.db #0x09	; 9
      00011D 08                     330 	.db #0x08	; 8
      00011E 09                     331 	.db #0x09	; 9
      00011F 08                     332 	.db #0x08	; 8
      000120 0D                     333 	.db #0x0d	; 13
      000121 0B                     334 	.db #0x0b	; 11
      000122 09                     335 	.db #0x09	; 9
      000123 08                     336 	.db #0x08	; 8
      000124 09                     337 	.db #0x09	; 9
      000125 08                     338 	.db #0x08	; 8
      000126 09                     339 	.db #0x09	; 9
      000127 08                     340 	.db #0x08	; 8
      000128 09                     341 	.db #0x09	; 9
      000129 08                     342 	.db #0x08	; 8
      00012A 09                     343 	.db #0x09	; 9
      00012B 00                     344 	.db #0x00	; 0
      00012C 00                     345 	.db #0x00	; 0
      00012D 00                     346 	.db #0x00	; 0
      00012E 00                     347 	.db #0x00	; 0
      00012F 00                     348 	.db #0x00	; 0
      000130 00                     349 	.db #0x00	; 0
      000131 00                     350 	.db #0x00	; 0
      000132 00                     351 	.db #0x00	; 0
      000133 00                     352 	.db #0x00	; 0
      000134 00                     353 	.db #0x00	; 0
      000135 00                     354 	.db #0x00	; 0
      000136 0A                     355 	.db #0x0a	; 10
      000137 00                     356 	.db #0x00	; 0
      000138 0A                     357 	.db #0x0a	; 10
      000139 00                     358 	.db #0x00	; 0
      00013A 0A                     359 	.db #0x0a	; 10
      00013B 00                     360 	.db #0x00	; 0
      00013C 0A                     361 	.db #0x0a	; 10
      00013D 00                     362 	.db #0x00	; 0
      00013E 0A                     363 	.db #0x0a	; 10
      00013F 00                     364 	.db #0x00	; 0
      000140 0A                     365 	.db #0x0a	; 10
      000141 00                     366 	.db #0x00	; 0
      000142 0A                     367 	.db #0x0a	; 10
      000143 00                     368 	.db #0x00	; 0
      000144 0A                     369 	.db #0x0a	; 10
      000145 00                     370 	.db #0x00	; 0
      000146 0A                     371 	.db #0x0a	; 10
      000147 00                     372 	.db #0x00	; 0
      000148 0A                     373 	.db #0x0a	; 10
      000149 00                     374 	.db #0x00	; 0
      00014A 00                     375 	.db #0x00	; 0
      00014B 00                     376 	.db #0x00	; 0
      00014C 00                     377 	.db #0x00	; 0
      00014D 00                     378 	.db #0x00	; 0
      00014E 00                     379 	.db #0x00	; 0
      00014F 00                     380 	.db #0x00	; 0
      000150 00                     381 	.db #0x00	; 0
      000151 00                     382 	.db #0x00	; 0
      000152 00                     383 	.db #0x00	; 0
      000153 00                     384 	.db #0x00	; 0
      000154 00                     385 	.db #0x00	; 0
      000155 08                     386 	.db #0x08	; 8
      000156 09                     387 	.db #0x09	; 9
      000157 08                     388 	.db #0x08	; 8
      000158 09                     389 	.db #0x09	; 9
      000159 08                     390 	.db #0x08	; 8
      00015A 09                     391 	.db #0x09	; 9
      00015B 08                     392 	.db #0x08	; 8
      00015C 09                     393 	.db #0x09	; 9
      00015D 08                     394 	.db #0x08	; 8
      00015E 09                     395 	.db #0x09	; 9
      00015F 08                     396 	.db #0x08	; 8
      000160 09                     397 	.db #0x09	; 9
      000161 08                     398 	.db #0x08	; 8
      000162 09                     399 	.db #0x09	; 9
      000163 08                     400 	.db #0x08	; 8
      000164 09                     401 	.db #0x09	; 9
      000165 08                     402 	.db #0x08	; 8
      000166 09                     403 	.db #0x09	; 9
      000167 08                     404 	.db #0x08	; 8
      000168 09                     405 	.db #0x09	; 9
      000169 00                     406 	.db #0x00	; 0
      00016A 00                     407 	.db #0x00	; 0
      00016B 00                     408 	.db #0x00	; 0
      00016C 00                     409 	.db #0x00	; 0
      00016D 00                     410 	.db #0x00	; 0
      00016E 00                     411 	.db #0x00	; 0
      00016F 00                     412 	.db #0x00	; 0
      000170 00                     413 	.db #0x00	; 0
      000171 00                     414 	.db #0x00	; 0
      000172 00                     415 	.db #0x00	; 0
      000173 00                     416 	.db #0x00	; 0
      000174 0A                     417 	.db #0x0a	; 10
      000175 00                     418 	.db #0x00	; 0
      000176 0A                     419 	.db #0x0a	; 10
      000177 00                     420 	.db #0x00	; 0
      000178 0A                     421 	.db #0x0a	; 10
      000179 00                     422 	.db #0x00	; 0
      00017A 0A                     423 	.db #0x0a	; 10
      00017B 00                     424 	.db #0x00	; 0
      00017C 0A                     425 	.db #0x0a	; 10
      00017D 00                     426 	.db #0x00	; 0
      00017E 0A                     427 	.db #0x0a	; 10
      00017F 00                     428 	.db #0x00	; 0
      000180 0A                     429 	.db #0x0a	; 10
      000181 00                     430 	.db #0x00	; 0
      000182 0A                     431 	.db #0x0a	; 10
      000183 00                     432 	.db #0x00	; 0
      000184 0A                     433 	.db #0x0a	; 10
      000185 00                     434 	.db #0x00	; 0
      000186 0A                     435 	.db #0x0a	; 10
      000187 00                     436 	.db #0x00	; 0
      000188 00                     437 	.db #0x00	; 0
      000189 00                     438 	.db #0x00	; 0
      00018A 00                     439 	.db #0x00	; 0
      00018B 00                     440 	.db #0x00	; 0
      00018C 00                     441 	.db #0x00	; 0
      00018D 00                     442 	.db #0x00	; 0
      00018E 00                     443 	.db #0x00	; 0
      00018F 00                     444 	.db #0x00	; 0
      000190 00                     445 	.db #0x00	; 0
      000191 00                     446 	.db #0x00	; 0
      000192 00                     447 	.db #0x00	; 0
      000193 08                     448 	.db #0x08	; 8
      000194 09                     449 	.db #0x09	; 9
      000195 08                     450 	.db #0x08	; 8
      000196 09                     451 	.db #0x09	; 9
      000197 08                     452 	.db #0x08	; 8
      000198 09                     453 	.db #0x09	; 9
      000199 08                     454 	.db #0x08	; 8
      00019A 09                     455 	.db #0x09	; 9
      00019B 08                     456 	.db #0x08	; 8
      00019C 09                     457 	.db #0x09	; 9
      00019D 08                     458 	.db #0x08	; 8
      00019E 09                     459 	.db #0x09	; 9
      00019F 08                     460 	.db #0x08	; 8
      0001A0 09                     461 	.db #0x09	; 9
      0001A1 08                     462 	.db #0x08	; 8
      0001A2 09                     463 	.db #0x09	; 9
      0001A3 08                     464 	.db #0x08	; 8
      0001A4 09                     465 	.db #0x09	; 9
      0001A5 08                     466 	.db #0x08	; 8
      0001A6 09                     467 	.db #0x09	; 9
      0001A7 00                     468 	.db #0x00	; 0
      0001A8 00                     469 	.db #0x00	; 0
      0001A9 00                     470 	.db #0x00	; 0
      0001AA 00                     471 	.db #0x00	; 0
      0001AB 00                     472 	.db #0x00	; 0
      0001AC 00                     473 	.db #0x00	; 0
      0001AD 00                     474 	.db #0x00	; 0
      0001AE 00                     475 	.db #0x00	; 0
      0001AF 00                     476 	.db #0x00	; 0
      0001B0 00                     477 	.db #0x00	; 0
      0001B1 00                     478 	.db #0x00	; 0
      0001B2 0A                     479 	.db #0x0a	; 10
      0001B3 00                     480 	.db #0x00	; 0
      0001B4 0A                     481 	.db #0x0a	; 10
      0001B5 00                     482 	.db #0x00	; 0
      0001B6 0A                     483 	.db #0x0a	; 10
      0001B7 00                     484 	.db #0x00	; 0
      0001B8 0A                     485 	.db #0x0a	; 10
      0001B9 00                     486 	.db #0x00	; 0
      0001BA 0A                     487 	.db #0x0a	; 10
      0001BB 00                     488 	.db #0x00	; 0
      0001BC 0A                     489 	.db #0x0a	; 10
      0001BD 00                     490 	.db #0x00	; 0
      0001BE 0A                     491 	.db #0x0a	; 10
      0001BF 00                     492 	.db #0x00	; 0
      0001C0 0A                     493 	.db #0x0a	; 10
      0001C1 00                     494 	.db #0x00	; 0
      0001C2 0A                     495 	.db #0x0a	; 10
      0001C3 00                     496 	.db #0x00	; 0
      0001C4 0A                     497 	.db #0x0a	; 10
      0001C5 00                     498 	.db #0x00	; 0
      0001C6 00                     499 	.db #0x00	; 0
      0001C7 00                     500 	.db #0x00	; 0
      0001C8 00                     501 	.db #0x00	; 0
      0001C9 00                     502 	.db #0x00	; 0
      0001CA 00                     503 	.db #0x00	; 0
      0001CB 00                     504 	.db #0x00	; 0
      0001CC 00                     505 	.db #0x00	; 0
      0001CD 00                     506 	.db #0x00	; 0
      0001CE 00                     507 	.db #0x00	; 0
      0001CF 00                     508 	.db #0x00	; 0
      0001D0 00                     509 	.db #0x00	; 0
      0001D1 08                     510 	.db #0x08	; 8
      0001D2 09                     511 	.db #0x09	; 9
      0001D3 08                     512 	.db #0x08	; 8
      0001D4 09                     513 	.db #0x09	; 9
      0001D5 08                     514 	.db #0x08	; 8
      0001D6 09                     515 	.db #0x09	; 9
      0001D7 08                     516 	.db #0x08	; 8
      0001D8 09                     517 	.db #0x09	; 9
      0001D9 08                     518 	.db #0x08	; 8
      0001DA 09                     519 	.db #0x09	; 9
      0001DB 08                     520 	.db #0x08	; 8
      0001DC 09                     521 	.db #0x09	; 9
      0001DD 08                     522 	.db #0x08	; 8
      0001DE 09                     523 	.db #0x09	; 9
      0001DF 08                     524 	.db #0x08	; 8
      0001E0 09                     525 	.db #0x09	; 9
      0001E1 08                     526 	.db #0x08	; 8
      0001E2 09                     527 	.db #0x09	; 9
      0001E3 08                     528 	.db #0x08	; 8
      0001E4 09                     529 	.db #0x09	; 9
      0001E5 00                     530 	.db #0x00	; 0
      0001E6 00                     531 	.db #0x00	; 0
      0001E7 00                     532 	.db #0x00	; 0
      0001E8 00                     533 	.db #0x00	; 0
      0001E9 00                     534 	.db #0x00	; 0
      0001EA 00                     535 	.db #0x00	; 0
      0001EB 00                     536 	.db #0x00	; 0
      0001EC 00                     537 	.db #0x00	; 0
      0001ED 00                     538 	.db #0x00	; 0
      0001EE 00                     539 	.db #0x00	; 0
      0001EF 00                     540 	.db #0x00	; 0
      0001F0 0A                     541 	.db #0x0a	; 10
      0001F1 00                     542 	.db #0x00	; 0
      0001F2 0A                     543 	.db #0x0a	; 10
      0001F3 00                     544 	.db #0x00	; 0
      0001F4 0A                     545 	.db #0x0a	; 10
      0001F5 00                     546 	.db #0x00	; 0
      0001F6 0A                     547 	.db #0x0a	; 10
      0001F7 00                     548 	.db #0x00	; 0
      0001F8 0A                     549 	.db #0x0a	; 10
      0001F9 00                     550 	.db #0x00	; 0
      0001FA 0A                     551 	.db #0x0a	; 10
      0001FB 00                     552 	.db #0x00	; 0
      0001FC 0A                     553 	.db #0x0a	; 10
      0001FD 00                     554 	.db #0x00	; 0
      0001FE 0A                     555 	.db #0x0a	; 10
      0001FF 00                     556 	.db #0x00	; 0
      000200 0A                     557 	.db #0x0a	; 10
      000201 00                     558 	.db #0x00	; 0
      000202 0A                     559 	.db #0x0a	; 10
      000203 00                     560 	.db #0x00	; 0
      000204 00                     561 	.db #0x00	; 0
      000205 00                     562 	.db #0x00	; 0
      000206 00                     563 	.db #0x00	; 0
      000207 00                     564 	.db #0x00	; 0
      000208 00                     565 	.db #0x00	; 0
      000209 00                     566 	.db #0x00	; 0
      00020A 00                     567 	.db #0x00	; 0
      00020B 00                     568 	.db #0x00	; 0
      00020C 00                     569 	.db #0x00	; 0
      00020D 00                     570 	.db #0x00	; 0
      00020E 00                     571 	.db #0x00	; 0
      00020F 08                     572 	.db #0x08	; 8
      000210 09                     573 	.db #0x09	; 9
      000211 08                     574 	.db #0x08	; 8
      000212 09                     575 	.db #0x09	; 9
      000213 08                     576 	.db #0x08	; 8
      000214 09                     577 	.db #0x09	; 9
      000215 08                     578 	.db #0x08	; 8
      000216 09                     579 	.db #0x09	; 9
      000217 08                     580 	.db #0x08	; 8
      000218 09                     581 	.db #0x09	; 9
      000219 08                     582 	.db #0x08	; 8
      00021A 09                     583 	.db #0x09	; 9
      00021B 08                     584 	.db #0x08	; 8
      00021C 09                     585 	.db #0x09	; 9
      00021D 08                     586 	.db #0x08	; 8
      00021E 09                     587 	.db #0x09	; 9
      00021F 08                     588 	.db #0x08	; 8
      000220 09                     589 	.db #0x09	; 9
      000221 08                     590 	.db #0x08	; 8
      000222 09                     591 	.db #0x09	; 9
      000223 00                     592 	.db #0x00	; 0
      000224 00                     593 	.db #0x00	; 0
      000225 00                     594 	.db #0x00	; 0
      000226 00                     595 	.db #0x00	; 0
      000227 00                     596 	.db #0x00	; 0
      000228 00                     597 	.db #0x00	; 0
      000229 00                     598 	.db #0x00	; 0
      00022A 00                     599 	.db #0x00	; 0
      00022B 00                     600 	.db #0x00	; 0
      00022C 00                     601 	.db #0x00	; 0
      00022D 00                     602 	.db #0x00	; 0
      00022E 0A                     603 	.db #0x0a	; 10
      00022F 00                     604 	.db #0x00	; 0
      000230 0A                     605 	.db #0x0a	; 10
      000231 00                     606 	.db #0x00	; 0
      000232 0A                     607 	.db #0x0a	; 10
      000233 00                     608 	.db #0x00	; 0
      000234 0A                     609 	.db #0x0a	; 10
      000235 00                     610 	.db #0x00	; 0
      000236 0A                     611 	.db #0x0a	; 10
      000237 00                     612 	.db #0x00	; 0
      000238 0A                     613 	.db #0x0a	; 10
      000239 00                     614 	.db #0x00	; 0
      00023A 0A                     615 	.db #0x0a	; 10
      00023B 00                     616 	.db #0x00	; 0
      00023C 0A                     617 	.db #0x0a	; 10
      00023D 00                     618 	.db #0x00	; 0
      00023E 0A                     619 	.db #0x0a	; 10
      00023F 00                     620 	.db #0x00	; 0
      000240 0A                     621 	.db #0x0a	; 10
      000241 00                     622 	.db #0x00	; 0
      000242 00                     623 	.db #0x00	; 0
      000243 00                     624 	.db #0x00	; 0
      000244 00                     625 	.db #0x00	; 0
      000245 00                     626 	.db #0x00	; 0
      000246 00                     627 	.db #0x00	; 0
      000247 00                     628 	.db #0x00	; 0
      000248 00                     629 	.db #0x00	; 0
      000249 00                     630 	.db #0x00	; 0
      00024A 00                     631 	.db #0x00	; 0
      00024B 00                     632 	.db #0x00	; 0
      00024C 00                     633 	.db #0x00	; 0
      00024D 08                     634 	.db #0x08	; 8
      00024E 09                     635 	.db #0x09	; 9
      00024F 08                     636 	.db #0x08	; 8
      000250 09                     637 	.db #0x09	; 9
      000251 08                     638 	.db #0x08	; 8
      000252 09                     639 	.db #0x09	; 9
      000253 08                     640 	.db #0x08	; 8
      000254 09                     641 	.db #0x09	; 9
      000255 08                     642 	.db #0x08	; 8
      000256 09                     643 	.db #0x09	; 9
      000257 08                     644 	.db #0x08	; 8
      000258 09                     645 	.db #0x09	; 9
      000259 08                     646 	.db #0x08	; 8
      00025A 09                     647 	.db #0x09	; 9
      00025B 08                     648 	.db #0x08	; 8
      00025C 09                     649 	.db #0x09	; 9
      00025D 08                     650 	.db #0x08	; 8
      00025E 09                     651 	.db #0x09	; 9
      00025F 08                     652 	.db #0x08	; 8
      000260 09                     653 	.db #0x09	; 9
      000261 00                     654 	.db #0x00	; 0
      000262 00                     655 	.db #0x00	; 0
      000263 00                     656 	.db #0x00	; 0
      000264 00                     657 	.db #0x00	; 0
      000265 00                     658 	.db #0x00	; 0
      000266 00                     659 	.db #0x00	; 0
      000267 00                     660 	.db #0x00	; 0
      000268 00                     661 	.db #0x00	; 0
      000269 00                     662 	.db #0x00	; 0
      00026A 00                     663 	.db #0x00	; 0
      00026B 00                     664 	.db #0x00	; 0
      00026C 00                     665 	.db #0x00	; 0
      00026D 00                     666 	.db #0x00	; 0
      00026E 00                     667 	.db #0x00	; 0
      00026F 00                     668 	.db #0x00	; 0
      000270 00                     669 	.db #0x00	; 0
      000271 00                     670 	.db #0x00	; 0
      000272 00                     671 	.db #0x00	; 0
      000273 00                     672 	.db #0x00	; 0
      000274 00                     673 	.db #0x00	; 0
      000275 00                     674 	.db #0x00	; 0
      000276 00                     675 	.db #0x00	; 0
      000277 00                     676 	.db #0x00	; 0
      000278 00                     677 	.db #0x00	; 0
      000279 00                     678 	.db #0x00	; 0
      00027A 00                     679 	.db #0x00	; 0
      00027B 00                     680 	.db #0x00	; 0
      00027C 00                     681 	.db #0x00	; 0
      00027D 00                     682 	.db #0x00	; 0
      00027E 00                     683 	.db #0x00	; 0
      00027F 00                     684 	.db #0x00	; 0
      000280 00                     685 	.db #0x00	; 0
      000281 00                     686 	.db #0x00	; 0
      000282 00                     687 	.db #0x00	; 0
      000283 00                     688 	.db #0x00	; 0
      000284 00                     689 	.db #0x00	; 0
      000285 00                     690 	.db #0x00	; 0
      000286 00                     691 	.db #0x00	; 0
      000287 00                     692 	.db #0x00	; 0
      000288 00                     693 	.db #0x00	; 0
      000289 00                     694 	.db #0x00	; 0
      00028A 00                     695 	.db #0x00	; 0
      00028B 00                     696 	.db #0x00	; 0
      00028C 00                     697 	.db #0x00	; 0
      00028D 00                     698 	.db #0x00	; 0
      00028E 00                     699 	.db #0x00	; 0
      00028F 00                     700 	.db #0x00	; 0
      000290 00                     701 	.db #0x00	; 0
      000291 00                     702 	.db #0x00	; 0
      000292 00                     703 	.db #0x00	; 0
      000293 00                     704 	.db #0x00	; 0
      000294 00                     705 	.db #0x00	; 0
      000295 00                     706 	.db #0x00	; 0
      000296 00                     707 	.db #0x00	; 0
      000297 00                     708 	.db #0x00	; 0
      000298 00                     709 	.db #0x00	; 0
      000299 00                     710 	.db #0x00	; 0
      00029A 00                     711 	.db #0x00	; 0
      00029B 00                     712 	.db #0x00	; 0
      00029C 00                     713 	.db #0x00	; 0
      00029D 00                     714 	.db #0x00	; 0
      00029E 00                     715 	.db #0x00	; 0
      00029F 00                     716 	.db #0x00	; 0
      0002A0 00                     717 	.db #0x00	; 0
      0002A1 00                     718 	.db #0x00	; 0
      0002A2 00                     719 	.db #0x00	; 0
      0002A3 00                     720 	.db #0x00	; 0
      0002A4 00                     721 	.db #0x00	; 0
      0002A5 00                     722 	.db #0x00	; 0
      0002A6 00                     723 	.db #0x00	; 0
      0002A7 00                     724 	.db #0x00	; 0
      0002A8 00                     725 	.db #0x00	; 0
      0002A9 00                     726 	.db #0x00	; 0
      0002AA 00                     727 	.db #0x00	; 0
      0002AB 00                     728 	.db #0x00	; 0
      0002AC 00                     729 	.db #0x00	; 0
      0002AD 00                     730 	.db #0x00	; 0
      0002AE 00                     731 	.db #0x00	; 0
      0002AF 00                     732 	.db #0x00	; 0
      0002B0 00                     733 	.db #0x00	; 0
      0002B1 00                     734 	.db #0x00	; 0
      0002B2 00                     735 	.db #0x00	; 0
      0002B3 00                     736 	.db #0x00	; 0
      0002B4 00                     737 	.db #0x00	; 0
      0002B5 00                     738 	.db #0x00	; 0
      0002B6 00                     739 	.db #0x00	; 0
      0002B7 00                     740 	.db #0x00	; 0
      0002B8 00                     741 	.db #0x00	; 0
      0002B9 00                     742 	.db #0x00	; 0
      0002BA 00                     743 	.db #0x00	; 0
      0002BB 00                     744 	.db #0x00	; 0
      0002BC 00                     745 	.db #0x00	; 0
      0002BD 00                     746 	.db #0x00	; 0
      0002BE 00                     747 	.db #0x00	; 0
      0002BF 00                     748 	.db #0x00	; 0
      0002C0 00                     749 	.db #0x00	; 0
      0002C1 00                     750 	.db #0x00	; 0
      0002C2 00                     751 	.db #0x00	; 0
      0002C3 00                     752 	.db #0x00	; 0
      0002C4 00                     753 	.db #0x00	; 0
      0002C5 00                     754 	.db #0x00	; 0
      0002C6 00                     755 	.db #0x00	; 0
      0002C7 00                     756 	.db #0x00	; 0
      0002C8 00                     757 	.db #0x00	; 0
      0002C9 00                     758 	.db #0x00	; 0
      0002CA 00                     759 	.db #0x00	; 0
      0002CB 00                     760 	.db #0x00	; 0
      0002CC 00                     761 	.db #0x00	; 0
      0002CD 00                     762 	.db #0x00	; 0
      0002CE 00                     763 	.db #0x00	; 0
      0002CF 00                     764 	.db #0x00	; 0
      0002D0 00                     765 	.db #0x00	; 0
      0002D1 00                     766 	.db #0x00	; 0
      0002D2 00                     767 	.db #0x00	; 0
      0002D3 00                     768 	.db #0x00	; 0
      0002D4 00                     769 	.db #0x00	; 0
      0002D5 00                     770 	.db #0x00	; 0
      0002D6 00                     771 	.db #0x00	; 0
      0002D7 00                     772 	.db #0x00	; 0
      0002D8 00                     773 	.db #0x00	; 0
      0002D9 00                     774 	.db #0x00	; 0
      0002DA 00                     775 	.db #0x00	; 0
      0002DB 00                     776 	.db #0x00	; 0
      0002DC 00                     777 	.db #0x00	; 0
      0002DD 00                     778 	.db #0x00	; 0
      0002DE 00                     779 	.db #0x00	; 0
      0002DF 00                     780 	.db #0x00	; 0
      0002E0 00                     781 	.db #0x00	; 0
      0002E1 00                     782 	.db #0x00	; 0
      0002E2 00                     783 	.db #0x00	; 0
      0002E3 00                     784 	.db #0x00	; 0
      0002E4 00                     785 	.db #0x00	; 0
      0002E5 00                     786 	.db #0x00	; 0
      0002E6 00                     787 	.db #0x00	; 0
      0002E7 00                     788 	.db #0x00	; 0
      0002E8 00                     789 	.db #0x00	; 0
      0002E9 00                     790 	.db #0x00	; 0
      0002EA 00                     791 	.db #0x00	; 0
      0002EB 00                     792 	.db #0x00	; 0
      0002EC 00                     793 	.db #0x00	; 0
      0002ED 00                     794 	.db #0x00	; 0
      0002EE 00                     795 	.db #0x00	; 0
      0002EF 00                     796 	.db #0x00	; 0
      0002F0 00                     797 	.db #0x00	; 0
      0002F1 00                     798 	.db #0x00	; 0
      0002F2 00                     799 	.db #0x00	; 0
      0002F3 00                     800 	.db #0x00	; 0
      0002F4 00                     801 	.db #0x00	; 0
      0002F5 00                     802 	.db #0x00	; 0
      0002F6 00                     803 	.db #0x00	; 0
      0002F7 00                     804 	.db #0x00	; 0
      0002F8 00                     805 	.db #0x00	; 0
      0002F9 00                     806 	.db #0x00	; 0
      0002FA 00                     807 	.db #0x00	; 0
      0002FB 00                     808 	.db #0x00	; 0
      0002FC 00                     809 	.db #0x00	; 0
      0002FD 00                     810 	.db #0x00	; 0
      0002FE 00                     811 	.db #0x00	; 0
      0002FF 00                     812 	.db #0x00	; 0
      000300 00                     813 	.db #0x00	; 0
      000301 00                     814 	.db #0x00	; 0
      000302 00                     815 	.db #0x00	; 0
      000303 00                     816 	.db #0x00	; 0
      000304 00                     817 	.db #0x00	; 0
      000305 00                     818 	.db #0x00	; 0
      000306 00                     819 	.db #0x00	; 0
      000307 00                     820 	.db #0x00	; 0
      000308 00                     821 	.db #0x00	; 0
      000309 00                     822 	.db #0x00	; 0
      00030A 00                     823 	.db #0x00	; 0
      00030B 00                     824 	.db #0x00	; 0
      00030C 00                     825 	.db #0x00	; 0
      00030D 00                     826 	.db #0x00	; 0
      00030E 00                     827 	.db #0x00	; 0
      00030F 00                     828 	.db #0x00	; 0
      000310 00                     829 	.db #0x00	; 0
      000311 00                     830 	.db #0x00	; 0
      000312 00                     831 	.db #0x00	; 0
      000313 00                     832 	.db #0x00	; 0
      000314 00                     833 	.db #0x00	; 0
      000315 00                     834 	.db #0x00	; 0
      000316 00                     835 	.db #0x00	; 0
      000317 00                     836 	.db #0x00	; 0
      000318 00                     837 	.db #0x00	; 0
      000319 00                     838 	.db #0x00	; 0
      00031A 00                     839 	.db #0x00	; 0
      00031B 00                     840 	.db #0x00	; 0
      00031C 00                     841 	.db #0x00	; 0
      00031D 00                     842 	.db #0x00	; 0
      00031E 00                     843 	.db #0x00	; 0
      00031F 00                     844 	.db #0x00	; 0
      000320 00                     845 	.db #0x00	; 0
      000321 00                     846 	.db #0x00	; 0
      000322 00                     847 	.db #0x00	; 0
      000323 00                     848 	.db #0x00	; 0
      000324 00                     849 	.db #0x00	; 0
      000325 00                     850 	.db #0x00	; 0
      000326 00                     851 	.db #0x00	; 0
      000327 00                     852 	.db #0x00	; 0
      000328 00                     853 	.db #0x00	; 0
      000329 00                     854 	.db #0x00	; 0
      00032A 00                     855 	.db #0x00	; 0
      00032B 00                     856 	.db #0x00	; 0
      00032C 00                     857 	.db #0x00	; 0
      00032D 00                     858 	.db #0x00	; 0
      00032E 00                     859 	.db #0x00	; 0
      00032F 00                     860 	.db #0x00	; 0
      000330 00                     861 	.db #0x00	; 0
      000331 00                     862 	.db #0x00	; 0
      000332 00                     863 	.db #0x00	; 0
      000333 00                     864 	.db #0x00	; 0
      000334 00                     865 	.db #0x00	; 0
      000335 00                     866 	.db #0x00	; 0
      000336 00                     867 	.db #0x00	; 0
      000337 00                     868 	.db #0x00	; 0
      000338 00                     869 	.db #0x00	; 0
      000339 00                     870 	.db #0x00	; 0
      00033A 00                     871 	.db #0x00	; 0
      00033B 00                     872 	.db #0x00	; 0
      00033C 00                     873 	.db #0x00	; 0
      00033D 00                     874 	.db #0x00	; 0
      00033E 00                     875 	.db #0x00	; 0
      00033F 00                     876 	.db #0x00	; 0
      000340 00                     877 	.db #0x00	; 0
      000341 00                     878 	.db #0x00	; 0
      000342 00                     879 	.db #0x00	; 0
      000343 00                     880 	.db #0x00	; 0
      000344 00                     881 	.db #0x00	; 0
      000345 00                     882 	.db #0x00	; 0
      000346 00                     883 	.db #0x00	; 0
      000347 00                     884 	.db #0x00	; 0
      000348 00                     885 	.db #0x00	; 0
      000349 00                     886 	.db #0x00	; 0
      00034A 00                     887 	.db #0x00	; 0
      00034B 00                     888 	.db #0x00	; 0
      00034C 00                     889 	.db #0x00	; 0
      00034D 00                     890 	.db #0x00	; 0
      00034E 00                     891 	.db #0x00	; 0
      00034F 00                     892 	.db #0x00	; 0
      000350 00                     893 	.db #0x00	; 0
      000351 00                     894 	.db #0x00	; 0
      000352 00                     895 	.db #0x00	; 0
      000353 00                     896 	.db #0x00	; 0
      000354 00                     897 	.db #0x00	; 0
      000355 00                     898 	.db #0x00	; 0
      000356 00                     899 	.db #0x00	; 0
      000357 00                     900 	.db #0x00	; 0
      000358 00                     901 	.db #0x00	; 0
      000359 00                     902 	.db #0x00	; 0
      00035A 00                     903 	.db #0x00	; 0
      00035B 00                     904 	.db #0x00	; 0
      00035C 00                     905 	.db #0x00	; 0
      00035D 00                     906 	.db #0x00	; 0
      00035E 00                     907 	.db #0x00	; 0
      00035F 00                     908 	.db #0x00	; 0
      000360 00                     909 	.db #0x00	; 0
      000361 00                     910 	.db #0x00	; 0
      000362 00                     911 	.db #0x00	; 0
      000363 00                     912 	.db #0x00	; 0
      000364 00                     913 	.db #0x00	; 0
      000365 00                     914 	.db #0x00	; 0
      000366 00                     915 	.db #0x00	; 0
      000367 00                     916 	.db #0x00	; 0
      000368 00                     917 	.db #0x00	; 0
      000369 00                     918 	.db #0x00	; 0
      00036A 00                     919 	.db #0x00	; 0
      00036B 00                     920 	.db #0x00	; 0
      00036C 00                     921 	.db #0x00	; 0
      00036D 00                     922 	.db #0x00	; 0
      00036E 00                     923 	.db #0x00	; 0
      00036F 00                     924 	.db #0x00	; 0
      000370 00                     925 	.db #0x00	; 0
      000371 00                     926 	.db #0x00	; 0
      000372 00                     927 	.db #0x00	; 0
      000373 00                     928 	.db #0x00	; 0
      000374 00                     929 	.db #0x00	; 0
      000375 00                     930 	.db #0x00	; 0
      000376 00                     931 	.db #0x00	; 0
      000377 00                     932 	.db #0x00	; 0
      000378 00                     933 	.db #0x00	; 0
      000379 00                     934 	.db #0x00	; 0
      00037A 00                     935 	.db #0x00	; 0
      00037B 00                     936 	.db #0x00	; 0
      00037C 00                     937 	.db #0x00	; 0
      00037D 00                     938 	.db #0x00	; 0
      00037E 00                     939 	.db #0x00	; 0
      00037F 00                     940 	.db #0x00	; 0
      000380 00                     941 	.db #0x00	; 0
      000381 00                     942 	.db #0x00	; 0
      000382 00                     943 	.db #0x00	; 0
      000383 00                     944 	.db #0x00	; 0
      000384 00                     945 	.db #0x00	; 0
      000385 00                     946 	.db #0x00	; 0
      000386 00                     947 	.db #0x00	; 0
      000387 00                     948 	.db #0x00	; 0
      000388 00                     949 	.db #0x00	; 0
      000389 00                     950 	.db #0x00	; 0
      00038A 00                     951 	.db #0x00	; 0
      00038B 00                     952 	.db #0x00	; 0
      00038C 00                     953 	.db #0x00	; 0
      00038D 00                     954 	.db #0x00	; 0
      00038E 00                     955 	.db #0x00	; 0
      00038F 00                     956 	.db #0x00	; 0
      000390 00                     957 	.db #0x00	; 0
      000391 00                     958 	.db #0x00	; 0
      000392 00                     959 	.db #0x00	; 0
      000393 00                     960 	.db #0x00	; 0
      000394 00                     961 	.db #0x00	; 0
      000395 00                     962 	.db #0x00	; 0
      000396 00                     963 	.db #0x00	; 0
      000397 00                     964 	.db #0x00	; 0
      000398 00                     965 	.db #0x00	; 0
      000399 00                     966 	.db #0x00	; 0
      00039A 00                     967 	.db #0x00	; 0
      00039B 00                     968 	.db #0x00	; 0
      00039C 00                     969 	.db #0x00	; 0
      00039D 00                     970 	.db #0x00	; 0
      00039E 00                     971 	.db #0x00	; 0
      00039F 00                     972 	.db #0x00	; 0
      0003A0 00                     973 	.db #0x00	; 0
      0003A1 00                     974 	.db #0x00	; 0
      0003A2 00                     975 	.db #0x00	; 0
      0003A3 00                     976 	.db #0x00	; 0
      0003A4 00                     977 	.db #0x00	; 0
      0003A5 00                     978 	.db #0x00	; 0
      0003A6 00                     979 	.db #0x00	; 0
      0003A7 00                     980 	.db #0x00	; 0
      0003A8 00                     981 	.db #0x00	; 0
      0003A9 00                     982 	.db #0x00	; 0
      0003AA 00                     983 	.db #0x00	; 0
      0003AB 00                     984 	.db #0x00	; 0
      0003AC 00                     985 	.db #0x00	; 0
      0003AD 00                     986 	.db #0x00	; 0
      0003AE 00                     987 	.db #0x00	; 0
      0003AF 00                     988 	.db #0x00	; 0
      0003B0 00                     989 	.db #0x00	; 0
      0003B1 00                     990 	.db #0x00	; 0
      0003B2 00                     991 	.db #0x00	; 0
      0003B3 00                     992 	.db #0x00	; 0
      0003B4 00                     993 	.db #0x00	; 0
      0003B5 00                     994 	.db #0x00	; 0
      0003B6 00                     995 	.db #0x00	; 0
      0003B7 00                     996 	.db #0x00	; 0
      0003B8 00                     997 	.db #0x00	; 0
      0003B9 00                     998 	.db #0x00	; 0
      0003BA 00                     999 	.db #0x00	; 0
      0003BB 00                    1000 	.db #0x00	; 0
      0003BC 00                    1001 	.db #0x00	; 0
      0003BD 00                    1002 	.db #0x00	; 0
      0003BE 00                    1003 	.db #0x00	; 0
      0003BF 00                    1004 	.db #0x00	; 0
      0003C0 00                    1005 	.db #0x00	; 0
      0003C1 00                    1006 	.db #0x00	; 0
      0003C2 00                    1007 	.db #0x00	; 0
      0003C3 00                    1008 	.db #0x00	; 0
      0003C4 00                    1009 	.db #0x00	; 0
      0003C5 00                    1010 	.db #0x00	; 0
      0003C6 00                    1011 	.db #0x00	; 0
      0003C7 00                    1012 	.db #0x00	; 0
      0003C8 00                    1013 	.db #0x00	; 0
      0003C9 00                    1014 	.db #0x00	; 0
      0003CA 00                    1015 	.db #0x00	; 0
      0003CB 00                    1016 	.db #0x00	; 0
      0003CC 00                    1017 	.db #0x00	; 0
      0003CD 00                    1018 	.db #0x00	; 0
      0003CE 00                    1019 	.db #0x00	; 0
      0003CF 00                    1020 	.db #0x00	; 0
      0003D0 00                    1021 	.db #0x00	; 0
      0003D1 00                    1022 	.db #0x00	; 0
      0003D2 00                    1023 	.db #0x00	; 0
      0003D3 00                    1024 	.db #0x00	; 0
      0003D4 00                    1025 	.db #0x00	; 0
      0003D5 00                    1026 	.db #0x00	; 0
      0003D6 00                    1027 	.db #0x00	; 0
      0003D7 00                    1028 	.db #0x00	; 0
      0003D8 00                    1029 	.db #0x00	; 0
      0003D9 00                    1030 	.db #0x00	; 0
      0003DA 00                    1031 	.db #0x00	; 0
      0003DB 00                    1032 	.db #0x00	; 0
      0003DC 00                    1033 	.db #0x00	; 0
      0003DD 00                    1034 	.db #0x00	; 0
      0003DE 00                    1035 	.db #0x00	; 0
      0003DF 00                    1036 	.db #0x00	; 0
                                   1037 	.area _INITIALIZER
                                   1038 	.area _CABS (ABS)
