                                      1 ;--------------------------------------------------------
                                      2 ; File Created by SDCC : free open source ISO C Compiler 
                                      3 ; Version 4.3.2 #14228 (MINGW64)
                                      4 ;--------------------------------------------------------
                                      5 	.module sensor_sprites
                                      6 	.optsdcc -msm83
                                      7 	
                                      8 ;--------------------------------------------------------
                                      9 ; Public variables in this module
                                     10 ;--------------------------------------------------------
                                     11 	.globl _sensor_sprites
                                     12 ;--------------------------------------------------------
                                     13 ; special function registers
                                     14 ;--------------------------------------------------------
                                     15 ;--------------------------------------------------------
                                     16 ; ram data
                                     17 ;--------------------------------------------------------
                                     18 	.area _DATA
                                     19 ;--------------------------------------------------------
                                     20 ; ram data
                                     21 ;--------------------------------------------------------
                                     22 	.area _INITIALIZED
                                     23 ;--------------------------------------------------------
                                     24 ; absolute external ram data
                                     25 ;--------------------------------------------------------
                                     26 	.area _DABS (ABS)
                                     27 ;--------------------------------------------------------
                                     28 ; global & static initialisations
                                     29 ;--------------------------------------------------------
                                     30 	.area _HOME
                                     31 	.area _GSINIT
                                     32 	.area _GSFINAL
                                     33 	.area _GSINIT
                                     34 ;--------------------------------------------------------
                                     35 ; Home
                                     36 ;--------------------------------------------------------
                                     37 	.area _HOME
                                     38 	.area _HOME
                                     39 ;--------------------------------------------------------
                                     40 ; code
                                     41 ;--------------------------------------------------------
                                     42 	.area _CODE
                                     43 	.area _CODE
      000000                         44 _sensor_sprites:
      000000 00                      45 	.db #0x00	; 0
      000001 00                      46 	.db #0x00	; 0
      000002 00                      47 	.db #0x00	; 0
      000003 00                      48 	.db #0x00	; 0
      000004 00                      49 	.db #0x00	; 0
      000005 00                      50 	.db #0x00	; 0
      000006 00                      51 	.db #0x00	; 0
      000007 00                      52 	.db #0x00	; 0
      000008 04                      53 	.db #0x04	; 4
      000009 04                      54 	.db #0x04	; 4
      00000A 08                      55 	.db #0x08	; 8
      00000B 08                      56 	.db #0x08	; 8
      00000C 08                      57 	.db #0x08	; 8
      00000D 08                      58 	.db #0x08	; 8
      00000E 19                      59 	.db #0x19	; 25
      00000F 18                      60 	.db #0x18	; 24
      000010 08                      61 	.db #0x08	; 8
      000011 08                      62 	.db #0x08	; 8
      000012 08                      63 	.db #0x08	; 8
      000013 08                      64 	.db #0x08	; 8
      000014 04                      65 	.db #0x04	; 4
      000015 04                      66 	.db #0x04	; 4
      000016 00                      67 	.db #0x00	; 0
      000017 00                      68 	.db #0x00	; 0
      000018 00                      69 	.db #0x00	; 0
      000019 00                      70 	.db #0x00	; 0
      00001A 00                      71 	.db #0x00	; 0
      00001B 00                      72 	.db #0x00	; 0
      00001C 00                      73 	.db #0x00	; 0
      00001D 00                      74 	.db #0x00	; 0
      00001E 00                      75 	.db #0x00	; 0
      00001F 00                      76 	.db #0x00	; 0
      000020 00                      77 	.db #0x00	; 0
      000021 00                      78 	.db #0x00	; 0
      000022 00                      79 	.db #0x00	; 0
      000023 00                      80 	.db #0x00	; 0
      000024 00                      81 	.db #0x00	; 0
      000025 00                      82 	.db #0x00	; 0
      000026 00                      83 	.db #0x00	; 0
      000027 00                      84 	.db #0x00	; 0
      000028 20                      85 	.db #0x20	; 32
      000029 20                      86 	.db #0x20	; 32
      00002A 10                      87 	.db #0x10	; 16
      00002B 10                      88 	.db #0x10	; 16
      00002C 10                      89 	.db #0x10	; 16
      00002D 10                      90 	.db #0x10	; 16
      00002E 18                      91 	.db #0x18	; 24
      00002F 98                      92 	.db #0x98	; 152
      000030 10                      93 	.db #0x10	; 16
      000031 10                      94 	.db #0x10	; 16
      000032 10                      95 	.db #0x10	; 16
      000033 10                      96 	.db #0x10	; 16
      000034 20                      97 	.db #0x20	; 32
      000035 20                      98 	.db #0x20	; 32
      000036 00                      99 	.db #0x00	; 0
      000037 00                     100 	.db #0x00	; 0
      000038 00                     101 	.db #0x00	; 0
      000039 00                     102 	.db #0x00	; 0
      00003A 00                     103 	.db #0x00	; 0
      00003B 00                     104 	.db #0x00	; 0
      00003C 00                     105 	.db #0x00	; 0
      00003D 00                     106 	.db #0x00	; 0
      00003E 00                     107 	.db #0x00	; 0
      00003F 00                     108 	.db #0x00	; 0
                                    109 	.area _INITIALIZER
                                    110 	.area _CABS (ABS)
