                                      1 ;--------------------------------------------------------
                                      2 ; File Created by SDCC : free open source ISO C Compiler 
                                      3 ; Version 4.3.2 #14228 (MINGW64)
                                      4 ;--------------------------------------------------------
                                      5 	.module sensor_tiles
                                      6 	.optsdcc -msm83
                                      7 	
                                      8 ;--------------------------------------------------------
                                      9 ; Public variables in this module
                                     10 ;--------------------------------------------------------
                                     11 	.globl _sensor_tiles
                                     12 ;--------------------------------------------------------
                                     13 ; special function registers
                                     14 ;--------------------------------------------------------
                                     15 ;--------------------------------------------------------
                                     16 ; ram data
                                     17 ;--------------------------------------------------------
                                     18 	.area _DATA
                                     19 ;--------------------------------------------------------
                                     20 ; ram data
                                     21 ;--------------------------------------------------------
                                     22 	.area _INITIALIZED
                                     23 ;--------------------------------------------------------
                                     24 ; absolute external ram data
                                     25 ;--------------------------------------------------------
                                     26 	.area _DABS (ABS)
                                     27 ;--------------------------------------------------------
                                     28 ; global & static initialisations
                                     29 ;--------------------------------------------------------
                                     30 	.area _HOME
                                     31 	.area _GSINIT
                                     32 	.area _GSFINAL
                                     33 	.area _GSINIT
                                     34 ;--------------------------------------------------------
                                     35 ; Home
                                     36 ;--------------------------------------------------------
                                     37 	.area _HOME
                                     38 	.area _HOME
                                     39 ;--------------------------------------------------------
                                     40 ; code
                                     41 ;--------------------------------------------------------
                                     42 	.area _CODE
                                     43 	.area _CODE
      000000                         44 _sensor_tiles:
      000000 00                      45 	.db #0x00	; 0
      000001 00                      46 	.db #0x00	; 0
      000002 00                      47 	.db #0x00	; 0
      000003 00                      48 	.db #0x00	; 0
      000004 00                      49 	.db #0x00	; 0
      000005 00                      50 	.db #0x00	; 0
      000006 00                      51 	.db #0x00	; 0
      000007 00                      52 	.db #0x00	; 0
      000008 00                      53 	.db #0x00	; 0
      000009 00                      54 	.db #0x00	; 0
      00000A 00                      55 	.db #0x00	; 0
      00000B 00                      56 	.db #0x00	; 0
      00000C 00                      57 	.db #0x00	; 0
      00000D 00                      58 	.db #0x00	; 0
      00000E 00                      59 	.db #0x00	; 0
      00000F 00                      60 	.db #0x00	; 0
      000010 00                      61 	.db #0x00	; 0
      000011 00                      62 	.db #0x00	; 0
      000012 00                      63 	.db #0x00	; 0
      000013 FF                      64 	.db #0xff	; 255
      000014 00                      65 	.db #0x00	; 0
      000015 FF                      66 	.db #0xff	; 255
      000016 00                      67 	.db #0x00	; 0
      000017 FF                      68 	.db #0xff	; 255
      000018 00                      69 	.db #0x00	; 0
      000019 FF                      70 	.db #0xff	; 255
      00001A 00                      71 	.db #0x00	; 0
      00001B FF                      72 	.db #0xff	; 255
      00001C 00                      73 	.db #0x00	; 0
      00001D FF                      74 	.db #0xff	; 255
      00001E 00                      75 	.db #0x00	; 0
      00001F FF                      76 	.db #0xff	; 255
      000020 00                      77 	.db #0x00	; 0
      000021 00                      78 	.db #0x00	; 0
      000022 00                      79 	.db #0x00	; 0
      000023 FC                      80 	.db #0xfc	; 252
      000024 00                      81 	.db #0x00	; 0
      000025 FE                      82 	.db #0xfe	; 254
      000026 00                      83 	.db #0x00	; 0
      000027 FF                      84 	.db #0xff	; 255
      000028 00                      85 	.db #0x00	; 0
      000029 FF                      86 	.db #0xff	; 255
      00002A 00                      87 	.db #0x00	; 0
      00002B FF                      88 	.db #0xff	; 255
      00002C 00                      89 	.db #0x00	; 0
      00002D FE                      90 	.db #0xfe	; 254
      00002E 00                      91 	.db #0x00	; 0
      00002F FC                      92 	.db #0xfc	; 252
      000030 00                      93 	.db #0x00	; 0
      000031 00                      94 	.db #0x00	; 0
      000032 00                      95 	.db #0x00	; 0
      000033 00                      96 	.db #0x00	; 0
      000034 3B                      97 	.db #0x3b	; 59
      000035 3B                      98 	.db #0x3b	; 59
      000036 42                      99 	.db #0x42	; 66	'B'
      000037 42                     100 	.db #0x42	; 66	'B'
      000038 33                     101 	.db #0x33	; 51	'3'
      000039 33                     102 	.db #0x33	; 51	'3'
      00003A 0A                     103 	.db #0x0a	; 10
      00003B 0A                     104 	.db #0x0a	; 10
      00003C 73                     105 	.db #0x73	; 115	's'
      00003D 73                     106 	.db #0x73	; 115	's'
      00003E 00                     107 	.db #0x00	; 0
      00003F 00                     108 	.db #0x00	; 0
      000040 00                     109 	.db #0x00	; 0
      000041 00                     110 	.db #0x00	; 0
      000042 00                     111 	.db #0x00	; 0
      000043 00                     112 	.db #0x00	; 0
      000044 A4                     113 	.db #0xa4	; 164
      000045 A4                     114 	.db #0xa4	; 164
      000046 35                     115 	.db #0x35	; 53	'5'
      000047 35                     116 	.db #0x35	; 53	'5'
      000048 AC                     117 	.db #0xac	; 172
      000049 AC                     118 	.db #0xac	; 172
      00004A 24                     119 	.db #0x24	; 36
      00004B 24                     120 	.db #0x24	; 36
      00004C A5                     121 	.db #0xa5	; 165
      00004D A5                     122 	.db #0xa5	; 165
      00004E 00                     123 	.db #0x00	; 0
      00004F 00                     124 	.db #0x00	; 0
      000050 00                     125 	.db #0x00	; 0
      000051 00                     126 	.db #0x00	; 0
      000052 00                     127 	.db #0x00	; 0
      000053 00                     128 	.db #0x00	; 0
      000054 E6                     129 	.db #0xe6	; 230
      000055 E6                     130 	.db #0xe6	; 230
      000056 09                     131 	.db #0x09	; 9
      000057 09                     132 	.db #0x09	; 9
      000058 C9                     133 	.db #0xc9	; 201
      000059 C9                     134 	.db #0xc9	; 201
      00005A 29                     135 	.db #0x29	; 41
      00005B 29                     136 	.db #0x29	; 41
      00005C C6                     137 	.db #0xc6	; 198
      00005D C6                     138 	.db #0xc6	; 198
      00005E 00                     139 	.db #0x00	; 0
      00005F 00                     140 	.db #0x00	; 0
      000060 00                     141 	.db #0x00	; 0
      000061 00                     142 	.db #0x00	; 0
      000062 00                     143 	.db #0x00	; 0
      000063 00                     144 	.db #0x00	; 0
      000064 71                     145 	.db #0x71	; 113	'q'
      000065 71                     146 	.db #0x71	; 113	'q'
      000066 4A                     147 	.db #0x4a	; 74	'J'
      000067 4A                     148 	.db #0x4a	; 74	'J'
      000068 71                     149 	.db #0x71	; 113	'q'
      000069 71                     150 	.db #0x71	; 113	'q'
      00006A 48                     151 	.db #0x48	; 72	'H'
      00006B 48                     152 	.db #0x48	; 72	'H'
      00006C 4B                     153 	.db #0x4b	; 75	'K'
      00006D 4B                     154 	.db #0x4b	; 75	'K'
      00006E 00                     155 	.db #0x00	; 0
      00006F 00                     156 	.db #0x00	; 0
      000070 00                     157 	.db #0x00	; 0
      000071 00                     158 	.db #0x00	; 0
      000072 00                     159 	.db #0x00	; 0
      000073 1F                     160 	.db #0x1f	; 31
      000074 C0                     161 	.db #0xc0	; 192
      000075 DF                     162 	.db #0xdf	; 223
      000076 00                     163 	.db #0x00	; 0
      000077 1F                     164 	.db #0x1f	; 31
      000078 80                     165 	.db #0x80	; 128
      000079 9F                     166 	.db #0x9f	; 159
      00007A 40                     167 	.db #0x40	; 64
      00007B 5F                     168 	.db #0x5f	; 95
      00007C 80                     169 	.db #0x80	; 128
      00007D 9F                     170 	.db #0x9f	; 159
      00007E 00                     171 	.db #0x00	; 0
      00007F 1F                     172 	.db #0x1f	; 31
      000080 6D                     173 	.db #0x6d	; 109	'm'
      000081 00                     174 	.db #0x00	; 0
      000082 80                     175 	.db #0x80	; 128
      000083 00                     176 	.db #0x00	; 0
      000084 80                     177 	.db #0x80	; 128
      000085 00                     178 	.db #0x00	; 0
      000086 00                     179 	.db #0x00	; 0
      000087 00                     180 	.db #0x00	; 0
      000088 80                     181 	.db #0x80	; 128
      000089 00                     182 	.db #0x00	; 0
      00008A 80                     183 	.db #0x80	; 128
      00008B 00                     184 	.db #0x00	; 0
      00008C 00                     185 	.db #0x00	; 0
      00008D 00                     186 	.db #0x00	; 0
      00008E 80                     187 	.db #0x80	; 128
      00008F 00                     188 	.db #0x00	; 0
      000090 B6                     189 	.db #0xb6	; 182
      000091 00                     190 	.db #0x00	; 0
      000092 00                     191 	.db #0x00	; 0
      000093 00                     192 	.db #0x00	; 0
      000094 00                     193 	.db #0x00	; 0
      000095 00                     194 	.db #0x00	; 0
      000096 00                     195 	.db #0x00	; 0
      000097 00                     196 	.db #0x00	; 0
      000098 00                     197 	.db #0x00	; 0
      000099 00                     198 	.db #0x00	; 0
      00009A 00                     199 	.db #0x00	; 0
      00009B 00                     200 	.db #0x00	; 0
      00009C 00                     201 	.db #0x00	; 0
      00009D 00                     202 	.db #0x00	; 0
      00009E 00                     203 	.db #0x00	; 0
      00009F 00                     204 	.db #0x00	; 0
      0000A0 80                     205 	.db #0x80	; 128
      0000A1 00                     206 	.db #0x00	; 0
      0000A2 00                     207 	.db #0x00	; 0
      0000A3 00                     208 	.db #0x00	; 0
      0000A4 80                     209 	.db #0x80	; 128
      0000A5 00                     210 	.db #0x00	; 0
      0000A6 80                     211 	.db #0x80	; 128
      0000A7 00                     212 	.db #0x00	; 0
      0000A8 00                     213 	.db #0x00	; 0
      0000A9 00                     214 	.db #0x00	; 0
      0000AA 80                     215 	.db #0x80	; 128
      0000AB 00                     216 	.db #0x00	; 0
      0000AC 80                     217 	.db #0x80	; 128
      0000AD 00                     218 	.db #0x00	; 0
      0000AE 00                     219 	.db #0x00	; 0
      0000AF 00                     220 	.db #0x00	; 0
      0000B0 5D                     221 	.db #0x5d	; 93
      0000B1 10                     222 	.db #0x10	; 16
      0000B2 90                     223 	.db #0x90	; 144
      0000B3 10                     224 	.db #0x10	; 16
      0000B4 A0                     225 	.db #0xa0	; 160
      0000B5 20                     226 	.db #0x20	; 32
      0000B6 00                     227 	.db #0x00	; 0
      0000B7 00                     228 	.db #0x00	; 0
      0000B8 80                     229 	.db #0x80	; 128
      0000B9 00                     230 	.db #0x00	; 0
      0000BA 80                     231 	.db #0x80	; 128
      0000BB 00                     232 	.db #0x00	; 0
      0000BC 00                     233 	.db #0x00	; 0
      0000BD 00                     234 	.db #0x00	; 0
      0000BE 80                     235 	.db #0x80	; 128
      0000BF 00                     236 	.db #0x00	; 0
      0000C0 80                     237 	.db #0x80	; 128
      0000C1 00                     238 	.db #0x00	; 0
      0000C2 80                     239 	.db #0x80	; 128
      0000C3 00                     240 	.db #0x00	; 0
      0000C4 00                     241 	.db #0x00	; 0
      0000C5 00                     242 	.db #0x00	; 0
      0000C6 80                     243 	.db #0x80	; 128
      0000C7 00                     244 	.db #0x00	; 0
      0000C8 A0                     245 	.db #0xa0	; 160
      0000C9 20                     246 	.db #0x20	; 32
      0000CA 10                     247 	.db #0x10	; 16
      0000CB 10                     248 	.db #0x10	; 16
      0000CC 10                     249 	.db #0x10	; 16
      0000CD 10                     250 	.db #0x10	; 16
      0000CE 98                     251 	.db #0x98	; 152
      0000CF 98                     252 	.db #0x98	; 152
      0000D0 BB                     253 	.db #0xbb	; 187
      0000D1 08                     254 	.db #0x08	; 8
      0000D2 08                     255 	.db #0x08	; 8
      0000D3 08                     256 	.db #0x08	; 8
      0000D4 04                     257 	.db #0x04	; 4
      0000D5 04                     258 	.db #0x04	; 4
      0000D6 00                     259 	.db #0x00	; 0
      0000D7 00                     260 	.db #0x00	; 0
      0000D8 00                     261 	.db #0x00	; 0
      0000D9 00                     262 	.db #0x00	; 0
      0000DA 00                     263 	.db #0x00	; 0
      0000DB 00                     264 	.db #0x00	; 0
      0000DC 00                     265 	.db #0x00	; 0
      0000DD 00                     266 	.db #0x00	; 0
      0000DE 00                     267 	.db #0x00	; 0
      0000DF 00                     268 	.db #0x00	; 0
      0000E0 00                     269 	.db #0x00	; 0
      0000E1 00                     270 	.db #0x00	; 0
      0000E2 00                     271 	.db #0x00	; 0
      0000E3 00                     272 	.db #0x00	; 0
      0000E4 00                     273 	.db #0x00	; 0
      0000E5 00                     274 	.db #0x00	; 0
      0000E6 00                     275 	.db #0x00	; 0
      0000E7 00                     276 	.db #0x00	; 0
      0000E8 04                     277 	.db #0x04	; 4
      0000E9 04                     278 	.db #0x04	; 4
      0000EA 08                     279 	.db #0x08	; 8
      0000EB 08                     280 	.db #0x08	; 8
      0000EC 08                     281 	.db #0x08	; 8
      0000ED 08                     282 	.db #0x08	; 8
      0000EE 19                     283 	.db #0x19	; 25
      0000EF 19                     284 	.db #0x19	; 25
                                    285 	.area _INITIALIZER
                                    286 	.area _CABS (ABS)
