                                      1 ;--------------------------------------------------------
                                      2 ; File Created by SDCC : free open source ISO C Compiler 
                                      3 ; Version 4.3.2 #14228 (MINGW64)
                                      4 ;--------------------------------------------------------
                                      5 	.module space1
                                      6 	.optsdcc -msm83
                                      7 	
                                      8 ;--------------------------------------------------------
                                      9 ; Public variables in this module
                                     10 ;--------------------------------------------------------
                                     11 	.globl _space1_tile
                                     12 ;--------------------------------------------------------
                                     13 ; special function registers
                                     14 ;--------------------------------------------------------
                                     15 ;--------------------------------------------------------
                                     16 ; ram data
                                     17 ;--------------------------------------------------------
                                     18 	.area _DATA
                                     19 ;--------------------------------------------------------
                                     20 ; ram data
                                     21 ;--------------------------------------------------------
                                     22 	.area _INITIALIZED
                                     23 ;--------------------------------------------------------
                                     24 ; absolute external ram data
                                     25 ;--------------------------------------------------------
                                     26 	.area _DABS (ABS)
                                     27 ;--------------------------------------------------------
                                     28 ; global & static initialisations
                                     29 ;--------------------------------------------------------
                                     30 	.area _HOME
                                     31 	.area _GSINIT
                                     32 	.area _GSFINAL
                                     33 	.area _GSINIT
                                     34 ;--------------------------------------------------------
                                     35 ; Home
                                     36 ;--------------------------------------------------------
                                     37 	.area _HOME
                                     38 	.area _HOME
                                     39 ;--------------------------------------------------------
                                     40 ; code
                                     41 ;--------------------------------------------------------
                                     42 	.area _CODE
                                     43 	.area _CODE
      000000                         44 _space1_tile:
      000000 00                      45 	.db #0x00	; 0
      000001 00                      46 	.db #0x00	; 0
      000002 00                      47 	.db #0x00	; 0
      000003 00                      48 	.db #0x00	; 0
      000004 00                      49 	.db #0x00	; 0
      000005 00                      50 	.db #0x00	; 0
      000006 00                      51 	.db #0x00	; 0
      000007 00                      52 	.db #0x00	; 0
      000008 00                      53 	.db #0x00	; 0
      000009 00                      54 	.db #0x00	; 0
      00000A 00                      55 	.db #0x00	; 0
      00000B 00                      56 	.db #0x00	; 0
      00000C 00                      57 	.db #0x00	; 0
      00000D 00                      58 	.db #0x00	; 0
      00000E 00                      59 	.db #0x00	; 0
      00000F 00                      60 	.db #0x00	; 0
      000010 00                      61 	.db #0x00	; 0
      000011 00                      62 	.db #0x00	; 0
      000012 00                      63 	.db #0x00	; 0
      000013 00                      64 	.db #0x00	; 0
      000014 00                      65 	.db #0x00	; 0
      000015 00                      66 	.db #0x00	; 0
      000016 00                      67 	.db #0x00	; 0
      000017 00                      68 	.db #0x00	; 0
      000018 00                      69 	.db #0x00	; 0
      000019 00                      70 	.db #0x00	; 0
      00001A 00                      71 	.db #0x00	; 0
      00001B 20                      72 	.db #0x20	; 32
      00001C 00                      73 	.db #0x00	; 0
      00001D 00                      74 	.db #0x00	; 0
      00001E 01                      75 	.db #0x01	; 1
      00001F 01                      76 	.db #0x01	; 1
      000020 80                      77 	.db #0x80	; 128
      000021 80                      78 	.db #0x80	; 128
      000022 00                      79 	.db #0x00	; 0
      000023 00                      80 	.db #0x00	; 0
      000024 00                      81 	.db #0x00	; 0
      000025 00                      82 	.db #0x00	; 0
      000026 00                      83 	.db #0x00	; 0
      000027 00                      84 	.db #0x00	; 0
      000028 00                      85 	.db #0x00	; 0
      000029 00                      86 	.db #0x00	; 0
      00002A 00                      87 	.db #0x00	; 0
      00002B 00                      88 	.db #0x00	; 0
      00002C 00                      89 	.db #0x00	; 0
      00002D 04                      90 	.db #0x04	; 4
      00002E 00                      91 	.db #0x00	; 0
      00002F 00                      92 	.db #0x00	; 0
      000030 00                      93 	.db #0x00	; 0
      000031 00                      94 	.db #0x00	; 0
      000032 12                      95 	.db #0x12	; 18
      000033 10                      96 	.db #0x10	; 16
      000034 00                      97 	.db #0x00	; 0
      000035 10                      98 	.db #0x10	; 16
      000036 10                      99 	.db #0x10	; 16
      000037 00                     100 	.db #0x00	; 0
      000038 BA                     101 	.db #0xba	; 186
      000039 C6                     102 	.db #0xc6	; 198
      00003A 10                     103 	.db #0x10	; 16
      00003B 00                     104 	.db #0x00	; 0
      00003C 00                     105 	.db #0x00	; 0
      00003D 10                     106 	.db #0x10	; 16
      00003E 10                     107 	.db #0x10	; 16
      00003F 50                     108 	.db #0x50	; 80	'P'
      000040 C0                     109 	.db #0xc0	; 192
      000041 C0                     110 	.db #0xc0	; 192
      000042 BF                     111 	.db #0xbf	; 191
      000043 BF                     112 	.db #0xbf	; 191
      000044 7F                     113 	.db #0x7f	; 127
      000045 7F                     114 	.db #0x7f	; 127
      000046 7F                     115 	.db #0x7f	; 127
      000047 7F                     116 	.db #0x7f	; 127
      000048 7F                     117 	.db #0x7f	; 127
      000049 7F                     118 	.db #0x7f	; 127
      00004A 7F                     119 	.db #0x7f	; 127
      00004B 7F                     120 	.db #0x7f	; 127
      00004C 7F                     121 	.db #0x7f	; 127
      00004D 7F                     122 	.db #0x7f	; 127
      00004E 7F                     123 	.db #0x7f	; 127
      00004F 7F                     124 	.db #0x7f	; 127
      000050 00                     125 	.db #0x00	; 0
      000051 00                     126 	.db #0x00	; 0
      000052 FF                     127 	.db #0xff	; 255
      000053 FF                     128 	.db #0xff	; 255
      000054 FF                     129 	.db #0xff	; 255
      000055 FF                     130 	.db #0xff	; 255
      000056 FF                     131 	.db #0xff	; 255
      000057 FF                     132 	.db #0xff	; 255
      000058 FF                     133 	.db #0xff	; 255
      000059 FF                     134 	.db #0xff	; 255
      00005A FF                     135 	.db #0xff	; 255
      00005B FF                     136 	.db #0xff	; 255
      00005C FF                     137 	.db #0xff	; 255
      00005D FF                     138 	.db #0xff	; 255
      00005E FF                     139 	.db #0xff	; 255
      00005F FF                     140 	.db #0xff	; 255
      000060 03                     141 	.db #0x03	; 3
      000061 03                     142 	.db #0x03	; 3
      000062 FD                     143 	.db #0xfd	; 253
      000063 FD                     144 	.db #0xfd	; 253
      000064 FE                     145 	.db #0xfe	; 254
      000065 FE                     146 	.db #0xfe	; 254
      000066 FE                     147 	.db #0xfe	; 254
      000067 FE                     148 	.db #0xfe	; 254
      000068 FE                     149 	.db #0xfe	; 254
      000069 FE                     150 	.db #0xfe	; 254
      00006A FE                     151 	.db #0xfe	; 254
      00006B FE                     152 	.db #0xfe	; 254
      00006C FE                     153 	.db #0xfe	; 254
      00006D FE                     154 	.db #0xfe	; 254
      00006E FE                     155 	.db #0xfe	; 254
      00006F FE                     156 	.db #0xfe	; 254
      000070 FE                     157 	.db #0xfe	; 254
      000071 FE                     158 	.db #0xfe	; 254
      000072 FE                     159 	.db #0xfe	; 254
      000073 FE                     160 	.db #0xfe	; 254
      000074 FE                     161 	.db #0xfe	; 254
      000075 FE                     162 	.db #0xfe	; 254
      000076 FE                     163 	.db #0xfe	; 254
      000077 FE                     164 	.db #0xfe	; 254
      000078 FE                     165 	.db #0xfe	; 254
      000079 FE                     166 	.db #0xfe	; 254
      00007A FE                     167 	.db #0xfe	; 254
      00007B FE                     168 	.db #0xfe	; 254
      00007C FE                     169 	.db #0xfe	; 254
      00007D FE                     170 	.db #0xfe	; 254
      00007E FE                     171 	.db #0xfe	; 254
      00007F FE                     172 	.db #0xfe	; 254
      000080 7F                     173 	.db #0x7f	; 127
      000081 7F                     174 	.db #0x7f	; 127
      000082 7F                     175 	.db #0x7f	; 127
      000083 7F                     176 	.db #0x7f	; 127
      000084 7F                     177 	.db #0x7f	; 127
      000085 7F                     178 	.db #0x7f	; 127
      000086 7F                     179 	.db #0x7f	; 127
      000087 7F                     180 	.db #0x7f	; 127
      000088 7F                     181 	.db #0x7f	; 127
      000089 7F                     182 	.db #0x7f	; 127
      00008A 7F                     183 	.db #0x7f	; 127
      00008B 7F                     184 	.db #0x7f	; 127
      00008C 7F                     185 	.db #0x7f	; 127
      00008D 7F                     186 	.db #0x7f	; 127
      00008E 7F                     187 	.db #0x7f	; 127
      00008F 7F                     188 	.db #0x7f	; 127
      000090 7F                     189 	.db #0x7f	; 127
      000091 7F                     190 	.db #0x7f	; 127
      000092 7F                     191 	.db #0x7f	; 127
      000093 7F                     192 	.db #0x7f	; 127
      000094 7F                     193 	.db #0x7f	; 127
      000095 7F                     194 	.db #0x7f	; 127
      000096 7F                     195 	.db #0x7f	; 127
      000097 7F                     196 	.db #0x7f	; 127
      000098 7F                     197 	.db #0x7f	; 127
      000099 7F                     198 	.db #0x7f	; 127
      00009A 7F                     199 	.db #0x7f	; 127
      00009B 7F                     200 	.db #0x7f	; 127
      00009C BF                     201 	.db #0xbf	; 191
      00009D BF                     202 	.db #0xbf	; 191
      00009E C0                     203 	.db #0xc0	; 192
      00009F C0                     204 	.db #0xc0	; 192
      0000A0 FF                     205 	.db #0xff	; 255
      0000A1 FF                     206 	.db #0xff	; 255
      0000A2 FF                     207 	.db #0xff	; 255
      0000A3 FF                     208 	.db #0xff	; 255
      0000A4 FF                     209 	.db #0xff	; 255
      0000A5 FF                     210 	.db #0xff	; 255
      0000A6 FF                     211 	.db #0xff	; 255
      0000A7 FF                     212 	.db #0xff	; 255
      0000A8 FF                     213 	.db #0xff	; 255
      0000A9 FF                     214 	.db #0xff	; 255
      0000AA FF                     215 	.db #0xff	; 255
      0000AB FF                     216 	.db #0xff	; 255
      0000AC FF                     217 	.db #0xff	; 255
      0000AD FF                     218 	.db #0xff	; 255
      0000AE 00                     219 	.db #0x00	; 0
      0000AF 00                     220 	.db #0x00	; 0
      0000B0 FE                     221 	.db #0xfe	; 254
      0000B1 FE                     222 	.db #0xfe	; 254
      0000B2 FE                     223 	.db #0xfe	; 254
      0000B3 FE                     224 	.db #0xfe	; 254
      0000B4 FE                     225 	.db #0xfe	; 254
      0000B5 FE                     226 	.db #0xfe	; 254
      0000B6 FE                     227 	.db #0xfe	; 254
      0000B7 FE                     228 	.db #0xfe	; 254
      0000B8 FE                     229 	.db #0xfe	; 254
      0000B9 FE                     230 	.db #0xfe	; 254
      0000BA FE                     231 	.db #0xfe	; 254
      0000BB FE                     232 	.db #0xfe	; 254
      0000BC FD                     233 	.db #0xfd	; 253
      0000BD FD                     234 	.db #0xfd	; 253
      0000BE 03                     235 	.db #0x03	; 3
      0000BF 03                     236 	.db #0x03	; 3
      0000C0 00                     237 	.db #0x00	; 0
      0000C1 00                     238 	.db #0x00	; 0
      0000C2 10                     239 	.db #0x10	; 16
      0000C3 10                     240 	.db #0x10	; 16
      0000C4 28                     241 	.db #0x28	; 40
      0000C5 28                     242 	.db #0x28	; 40
      0000C6 44                     243 	.db #0x44	; 68	'D'
      0000C7 44                     244 	.db #0x44	; 68	'D'
      0000C8 44                     245 	.db #0x44	; 68	'D'
      0000C9 44                     246 	.db #0x44	; 68	'D'
      0000CA 7C                     247 	.db #0x7c	; 124
      0000CB 7C                     248 	.db #0x7c	; 124
      0000CC 44                     249 	.db #0x44	; 68	'D'
      0000CD 44                     250 	.db #0x44	; 68	'D'
      0000CE 00                     251 	.db #0x00	; 0
      0000CF 00                     252 	.db #0x00	; 0
      0000D0 00                     253 	.db #0x00	; 0
      0000D1 00                     254 	.db #0x00	; 0
      0000D2 78                     255 	.db #0x78	; 120	'x'
      0000D3 78                     256 	.db #0x78	; 120	'x'
      0000D4 44                     257 	.db #0x44	; 68	'D'
      0000D5 44                     258 	.db #0x44	; 68	'D'
      0000D6 78                     259 	.db #0x78	; 120	'x'
      0000D7 78                     260 	.db #0x78	; 120	'x'
      0000D8 44                     261 	.db #0x44	; 68	'D'
      0000D9 44                     262 	.db #0x44	; 68	'D'
      0000DA 44                     263 	.db #0x44	; 68	'D'
      0000DB 44                     264 	.db #0x44	; 68	'D'
      0000DC 78                     265 	.db #0x78	; 120	'x'
      0000DD 78                     266 	.db #0x78	; 120	'x'
      0000DE 00                     267 	.db #0x00	; 0
      0000DF 00                     268 	.db #0x00	; 0
      0000E0 00                     269 	.db #0x00	; 0
      0000E1 00                     270 	.db #0x00	; 0
      0000E2 38                     271 	.db #0x38	; 56	'8'
      0000E3 38                     272 	.db #0x38	; 56	'8'
      0000E4 44                     273 	.db #0x44	; 68	'D'
      0000E5 44                     274 	.db #0x44	; 68	'D'
      0000E6 40                     275 	.db #0x40	; 64
      0000E7 40                     276 	.db #0x40	; 64
      0000E8 40                     277 	.db #0x40	; 64
      0000E9 40                     278 	.db #0x40	; 64
      0000EA 44                     279 	.db #0x44	; 68	'D'
      0000EB 44                     280 	.db #0x44	; 68	'D'
      0000EC 38                     281 	.db #0x38	; 56	'8'
      0000ED 38                     282 	.db #0x38	; 56	'8'
      0000EE 00                     283 	.db #0x00	; 0
      0000EF 00                     284 	.db #0x00	; 0
      0000F0 00                     285 	.db #0x00	; 0
      0000F1 00                     286 	.db #0x00	; 0
      0000F2 78                     287 	.db #0x78	; 120	'x'
      0000F3 78                     288 	.db #0x78	; 120	'x'
      0000F4 44                     289 	.db #0x44	; 68	'D'
      0000F5 44                     290 	.db #0x44	; 68	'D'
      0000F6 44                     291 	.db #0x44	; 68	'D'
      0000F7 44                     292 	.db #0x44	; 68	'D'
      0000F8 44                     293 	.db #0x44	; 68	'D'
      0000F9 44                     294 	.db #0x44	; 68	'D'
      0000FA 44                     295 	.db #0x44	; 68	'D'
      0000FB 44                     296 	.db #0x44	; 68	'D'
      0000FC 78                     297 	.db #0x78	; 120	'x'
      0000FD 78                     298 	.db #0x78	; 120	'x'
      0000FE 00                     299 	.db #0x00	; 0
      0000FF 00                     300 	.db #0x00	; 0
      000100 00                     301 	.db #0x00	; 0
      000101 00                     302 	.db #0x00	; 0
      000102 78                     303 	.db #0x78	; 120	'x'
      000103 78                     304 	.db #0x78	; 120	'x'
      000104 40                     305 	.db #0x40	; 64
      000105 40                     306 	.db #0x40	; 64
      000106 40                     307 	.db #0x40	; 64
      000107 40                     308 	.db #0x40	; 64
      000108 70                     309 	.db #0x70	; 112	'p'
      000109 70                     310 	.db #0x70	; 112	'p'
      00010A 40                     311 	.db #0x40	; 64
      00010B 40                     312 	.db #0x40	; 64
      00010C 78                     313 	.db #0x78	; 120	'x'
      00010D 78                     314 	.db #0x78	; 120	'x'
      00010E 00                     315 	.db #0x00	; 0
      00010F 00                     316 	.db #0x00	; 0
      000110 00                     317 	.db #0x00	; 0
      000111 00                     318 	.db #0x00	; 0
      000112 78                     319 	.db #0x78	; 120	'x'
      000113 78                     320 	.db #0x78	; 120	'x'
      000114 40                     321 	.db #0x40	; 64
      000115 40                     322 	.db #0x40	; 64
      000116 40                     323 	.db #0x40	; 64
      000117 40                     324 	.db #0x40	; 64
      000118 70                     325 	.db #0x70	; 112	'p'
      000119 70                     326 	.db #0x70	; 112	'p'
      00011A 40                     327 	.db #0x40	; 64
      00011B 40                     328 	.db #0x40	; 64
      00011C 40                     329 	.db #0x40	; 64
      00011D 40                     330 	.db #0x40	; 64
      00011E 00                     331 	.db #0x00	; 0
      00011F 00                     332 	.db #0x00	; 0
      000120 00                     333 	.db #0x00	; 0
      000121 00                     334 	.db #0x00	; 0
      000122 38                     335 	.db #0x38	; 56	'8'
      000123 38                     336 	.db #0x38	; 56	'8'
      000124 40                     337 	.db #0x40	; 64
      000125 40                     338 	.db #0x40	; 64
      000126 40                     339 	.db #0x40	; 64
      000127 40                     340 	.db #0x40	; 64
      000128 5C                     341 	.db #0x5c	; 92
      000129 5C                     342 	.db #0x5c	; 92
      00012A 44                     343 	.db #0x44	; 68	'D'
      00012B 44                     344 	.db #0x44	; 68	'D'
      00012C 38                     345 	.db #0x38	; 56	'8'
      00012D 38                     346 	.db #0x38	; 56	'8'
      00012E 00                     347 	.db #0x00	; 0
      00012F 00                     348 	.db #0x00	; 0
      000130 00                     349 	.db #0x00	; 0
      000131 00                     350 	.db #0x00	; 0
      000132 44                     351 	.db #0x44	; 68	'D'
      000133 44                     352 	.db #0x44	; 68	'D'
      000134 44                     353 	.db #0x44	; 68	'D'
      000135 44                     354 	.db #0x44	; 68	'D'
      000136 44                     355 	.db #0x44	; 68	'D'
      000137 44                     356 	.db #0x44	; 68	'D'
      000138 7C                     357 	.db #0x7c	; 124
      000139 7C                     358 	.db #0x7c	; 124
      00013A 44                     359 	.db #0x44	; 68	'D'
      00013B 44                     360 	.db #0x44	; 68	'D'
      00013C 44                     361 	.db #0x44	; 68	'D'
      00013D 44                     362 	.db #0x44	; 68	'D'
      00013E 00                     363 	.db #0x00	; 0
      00013F 00                     364 	.db #0x00	; 0
      000140 00                     365 	.db #0x00	; 0
      000141 00                     366 	.db #0x00	; 0
      000142 38                     367 	.db #0x38	; 56	'8'
      000143 38                     368 	.db #0x38	; 56	'8'
      000144 10                     369 	.db #0x10	; 16
      000145 10                     370 	.db #0x10	; 16
      000146 10                     371 	.db #0x10	; 16
      000147 10                     372 	.db #0x10	; 16
      000148 10                     373 	.db #0x10	; 16
      000149 10                     374 	.db #0x10	; 16
      00014A 10                     375 	.db #0x10	; 16
      00014B 10                     376 	.db #0x10	; 16
      00014C 38                     377 	.db #0x38	; 56	'8'
      00014D 38                     378 	.db #0x38	; 56	'8'
      00014E 00                     379 	.db #0x00	; 0
      00014F 00                     380 	.db #0x00	; 0
      000150 00                     381 	.db #0x00	; 0
      000151 00                     382 	.db #0x00	; 0
      000152 3C                     383 	.db #0x3c	; 60
      000153 3C                     384 	.db #0x3c	; 60
      000154 08                     385 	.db #0x08	; 8
      000155 08                     386 	.db #0x08	; 8
      000156 08                     387 	.db #0x08	; 8
      000157 08                     388 	.db #0x08	; 8
      000158 08                     389 	.db #0x08	; 8
      000159 08                     390 	.db #0x08	; 8
      00015A 48                     391 	.db #0x48	; 72	'H'
      00015B 48                     392 	.db #0x48	; 72	'H'
      00015C 30                     393 	.db #0x30	; 48	'0'
      00015D 30                     394 	.db #0x30	; 48	'0'
      00015E 00                     395 	.db #0x00	; 0
      00015F 00                     396 	.db #0x00	; 0
      000160 00                     397 	.db #0x00	; 0
      000161 00                     398 	.db #0x00	; 0
      000162 44                     399 	.db #0x44	; 68	'D'
      000163 44                     400 	.db #0x44	; 68	'D'
      000164 48                     401 	.db #0x48	; 72	'H'
      000165 48                     402 	.db #0x48	; 72	'H'
      000166 50                     403 	.db #0x50	; 80	'P'
      000167 50                     404 	.db #0x50	; 80	'P'
      000168 70                     405 	.db #0x70	; 112	'p'
      000169 70                     406 	.db #0x70	; 112	'p'
      00016A 48                     407 	.db #0x48	; 72	'H'
      00016B 48                     408 	.db #0x48	; 72	'H'
      00016C 44                     409 	.db #0x44	; 68	'D'
      00016D 44                     410 	.db #0x44	; 68	'D'
      00016E 00                     411 	.db #0x00	; 0
      00016F 00                     412 	.db #0x00	; 0
      000170 00                     413 	.db #0x00	; 0
      000171 00                     414 	.db #0x00	; 0
      000172 40                     415 	.db #0x40	; 64
      000173 40                     416 	.db #0x40	; 64
      000174 40                     417 	.db #0x40	; 64
      000175 40                     418 	.db #0x40	; 64
      000176 40                     419 	.db #0x40	; 64
      000177 40                     420 	.db #0x40	; 64
      000178 40                     421 	.db #0x40	; 64
      000179 40                     422 	.db #0x40	; 64
      00017A 40                     423 	.db #0x40	; 64
      00017B 40                     424 	.db #0x40	; 64
      00017C 7C                     425 	.db #0x7c	; 124
      00017D 7C                     426 	.db #0x7c	; 124
      00017E 00                     427 	.db #0x00	; 0
      00017F 00                     428 	.db #0x00	; 0
      000180 00                     429 	.db #0x00	; 0
      000181 00                     430 	.db #0x00	; 0
      000182 44                     431 	.db #0x44	; 68	'D'
      000183 44                     432 	.db #0x44	; 68	'D'
      000184 6C                     433 	.db #0x6c	; 108	'l'
      000185 6C                     434 	.db #0x6c	; 108	'l'
      000186 54                     435 	.db #0x54	; 84	'T'
      000187 54                     436 	.db #0x54	; 84	'T'
      000188 44                     437 	.db #0x44	; 68	'D'
      000189 44                     438 	.db #0x44	; 68	'D'
      00018A 44                     439 	.db #0x44	; 68	'D'
      00018B 44                     440 	.db #0x44	; 68	'D'
      00018C 44                     441 	.db #0x44	; 68	'D'
      00018D 44                     442 	.db #0x44	; 68	'D'
      00018E 00                     443 	.db #0x00	; 0
      00018F 00                     444 	.db #0x00	; 0
      000190 00                     445 	.db #0x00	; 0
      000191 00                     446 	.db #0x00	; 0
      000192 44                     447 	.db #0x44	; 68	'D'
      000193 44                     448 	.db #0x44	; 68	'D'
      000194 64                     449 	.db #0x64	; 100	'd'
      000195 64                     450 	.db #0x64	; 100	'd'
      000196 54                     451 	.db #0x54	; 84	'T'
      000197 54                     452 	.db #0x54	; 84	'T'
      000198 4C                     453 	.db #0x4c	; 76	'L'
      000199 4C                     454 	.db #0x4c	; 76	'L'
      00019A 44                     455 	.db #0x44	; 68	'D'
      00019B 44                     456 	.db #0x44	; 68	'D'
      00019C 44                     457 	.db #0x44	; 68	'D'
      00019D 44                     458 	.db #0x44	; 68	'D'
      00019E 00                     459 	.db #0x00	; 0
      00019F 00                     460 	.db #0x00	; 0
      0001A0 00                     461 	.db #0x00	; 0
      0001A1 00                     462 	.db #0x00	; 0
      0001A2 38                     463 	.db #0x38	; 56	'8'
      0001A3 38                     464 	.db #0x38	; 56	'8'
      0001A4 44                     465 	.db #0x44	; 68	'D'
      0001A5 44                     466 	.db #0x44	; 68	'D'
      0001A6 44                     467 	.db #0x44	; 68	'D'
      0001A7 44                     468 	.db #0x44	; 68	'D'
      0001A8 44                     469 	.db #0x44	; 68	'D'
      0001A9 44                     470 	.db #0x44	; 68	'D'
      0001AA 44                     471 	.db #0x44	; 68	'D'
      0001AB 44                     472 	.db #0x44	; 68	'D'
      0001AC 38                     473 	.db #0x38	; 56	'8'
      0001AD 38                     474 	.db #0x38	; 56	'8'
      0001AE 00                     475 	.db #0x00	; 0
      0001AF 00                     476 	.db #0x00	; 0
      0001B0 00                     477 	.db #0x00	; 0
      0001B1 00                     478 	.db #0x00	; 0
      0001B2 78                     479 	.db #0x78	; 120	'x'
      0001B3 78                     480 	.db #0x78	; 120	'x'
      0001B4 44                     481 	.db #0x44	; 68	'D'
      0001B5 44                     482 	.db #0x44	; 68	'D'
      0001B6 44                     483 	.db #0x44	; 68	'D'
      0001B7 44                     484 	.db #0x44	; 68	'D'
      0001B8 78                     485 	.db #0x78	; 120	'x'
      0001B9 78                     486 	.db #0x78	; 120	'x'
      0001BA 40                     487 	.db #0x40	; 64
      0001BB 40                     488 	.db #0x40	; 64
      0001BC 40                     489 	.db #0x40	; 64
      0001BD 40                     490 	.db #0x40	; 64
      0001BE 00                     491 	.db #0x00	; 0
      0001BF 00                     492 	.db #0x00	; 0
      0001C0 00                     493 	.db #0x00	; 0
      0001C1 00                     494 	.db #0x00	; 0
      0001C2 38                     495 	.db #0x38	; 56	'8'
      0001C3 38                     496 	.db #0x38	; 56	'8'
      0001C4 44                     497 	.db #0x44	; 68	'D'
      0001C5 44                     498 	.db #0x44	; 68	'D'
      0001C6 44                     499 	.db #0x44	; 68	'D'
      0001C7 44                     500 	.db #0x44	; 68	'D'
      0001C8 44                     501 	.db #0x44	; 68	'D'
      0001C9 44                     502 	.db #0x44	; 68	'D'
      0001CA 4C                     503 	.db #0x4c	; 76	'L'
      0001CB 4C                     504 	.db #0x4c	; 76	'L'
      0001CC 38                     505 	.db #0x38	; 56	'8'
      0001CD 38                     506 	.db #0x38	; 56	'8'
      0001CE 0C                     507 	.db #0x0c	; 12
      0001CF 0C                     508 	.db #0x0c	; 12
      0001D0 00                     509 	.db #0x00	; 0
      0001D1 00                     510 	.db #0x00	; 0
      0001D2 78                     511 	.db #0x78	; 120	'x'
      0001D3 78                     512 	.db #0x78	; 120	'x'
      0001D4 44                     513 	.db #0x44	; 68	'D'
      0001D5 44                     514 	.db #0x44	; 68	'D'
      0001D6 44                     515 	.db #0x44	; 68	'D'
      0001D7 44                     516 	.db #0x44	; 68	'D'
      0001D8 78                     517 	.db #0x78	; 120	'x'
      0001D9 78                     518 	.db #0x78	; 120	'x'
      0001DA 44                     519 	.db #0x44	; 68	'D'
      0001DB 44                     520 	.db #0x44	; 68	'D'
      0001DC 44                     521 	.db #0x44	; 68	'D'
      0001DD 44                     522 	.db #0x44	; 68	'D'
      0001DE 00                     523 	.db #0x00	; 0
      0001DF 00                     524 	.db #0x00	; 0
      0001E0 00                     525 	.db #0x00	; 0
      0001E1 00                     526 	.db #0x00	; 0
      0001E2 7C                     527 	.db #0x7c	; 124
      0001E3 7C                     528 	.db #0x7c	; 124
      0001E4 40                     529 	.db #0x40	; 64
      0001E5 40                     530 	.db #0x40	; 64
      0001E6 7C                     531 	.db #0x7c	; 124
      0001E7 7C                     532 	.db #0x7c	; 124
      0001E8 04                     533 	.db #0x04	; 4
      0001E9 04                     534 	.db #0x04	; 4
      0001EA 04                     535 	.db #0x04	; 4
      0001EB 04                     536 	.db #0x04	; 4
      0001EC 7C                     537 	.db #0x7c	; 124
      0001ED 7C                     538 	.db #0x7c	; 124
      0001EE 00                     539 	.db #0x00	; 0
      0001EF 00                     540 	.db #0x00	; 0
      0001F0 00                     541 	.db #0x00	; 0
      0001F1 00                     542 	.db #0x00	; 0
      0001F2 7C                     543 	.db #0x7c	; 124
      0001F3 7C                     544 	.db #0x7c	; 124
      0001F4 10                     545 	.db #0x10	; 16
      0001F5 10                     546 	.db #0x10	; 16
      0001F6 10                     547 	.db #0x10	; 16
      0001F7 10                     548 	.db #0x10	; 16
      0001F8 10                     549 	.db #0x10	; 16
      0001F9 10                     550 	.db #0x10	; 16
      0001FA 10                     551 	.db #0x10	; 16
      0001FB 10                     552 	.db #0x10	; 16
      0001FC 10                     553 	.db #0x10	; 16
      0001FD 10                     554 	.db #0x10	; 16
      0001FE 00                     555 	.db #0x00	; 0
      0001FF 00                     556 	.db #0x00	; 0
      000200 00                     557 	.db #0x00	; 0
      000201 00                     558 	.db #0x00	; 0
      000202 44                     559 	.db #0x44	; 68	'D'
      000203 44                     560 	.db #0x44	; 68	'D'
      000204 44                     561 	.db #0x44	; 68	'D'
      000205 44                     562 	.db #0x44	; 68	'D'
      000206 44                     563 	.db #0x44	; 68	'D'
      000207 44                     564 	.db #0x44	; 68	'D'
      000208 44                     565 	.db #0x44	; 68	'D'
      000209 44                     566 	.db #0x44	; 68	'D'
      00020A 44                     567 	.db #0x44	; 68	'D'
      00020B 44                     568 	.db #0x44	; 68	'D'
      00020C 38                     569 	.db #0x38	; 56	'8'
      00020D 38                     570 	.db #0x38	; 56	'8'
      00020E 00                     571 	.db #0x00	; 0
      00020F 00                     572 	.db #0x00	; 0
      000210 00                     573 	.db #0x00	; 0
      000211 00                     574 	.db #0x00	; 0
      000212 44                     575 	.db #0x44	; 68	'D'
      000213 44                     576 	.db #0x44	; 68	'D'
      000214 44                     577 	.db #0x44	; 68	'D'
      000215 44                     578 	.db #0x44	; 68	'D'
      000216 44                     579 	.db #0x44	; 68	'D'
      000217 44                     580 	.db #0x44	; 68	'D'
      000218 44                     581 	.db #0x44	; 68	'D'
      000219 44                     582 	.db #0x44	; 68	'D'
      00021A 28                     583 	.db #0x28	; 40
      00021B 28                     584 	.db #0x28	; 40
      00021C 10                     585 	.db #0x10	; 16
      00021D 10                     586 	.db #0x10	; 16
      00021E 00                     587 	.db #0x00	; 0
      00021F 00                     588 	.db #0x00	; 0
      000220 00                     589 	.db #0x00	; 0
      000221 00                     590 	.db #0x00	; 0
      000222 44                     591 	.db #0x44	; 68	'D'
      000223 44                     592 	.db #0x44	; 68	'D'
      000224 44                     593 	.db #0x44	; 68	'D'
      000225 44                     594 	.db #0x44	; 68	'D'
      000226 44                     595 	.db #0x44	; 68	'D'
      000227 44                     596 	.db #0x44	; 68	'D'
      000228 54                     597 	.db #0x54	; 84	'T'
      000229 54                     598 	.db #0x54	; 84	'T'
      00022A 54                     599 	.db #0x54	; 84	'T'
      00022B 54                     600 	.db #0x54	; 84	'T'
      00022C 6C                     601 	.db #0x6c	; 108	'l'
      00022D 6C                     602 	.db #0x6c	; 108	'l'
      00022E 00                     603 	.db #0x00	; 0
      00022F 00                     604 	.db #0x00	; 0
      000230 00                     605 	.db #0x00	; 0
      000231 00                     606 	.db #0x00	; 0
      000232 44                     607 	.db #0x44	; 68	'D'
      000233 44                     608 	.db #0x44	; 68	'D'
      000234 28                     609 	.db #0x28	; 40
      000235 28                     610 	.db #0x28	; 40
      000236 10                     611 	.db #0x10	; 16
      000237 10                     612 	.db #0x10	; 16
      000238 28                     613 	.db #0x28	; 40
      000239 28                     614 	.db #0x28	; 40
      00023A 44                     615 	.db #0x44	; 68	'D'
      00023B 44                     616 	.db #0x44	; 68	'D'
      00023C 44                     617 	.db #0x44	; 68	'D'
      00023D 44                     618 	.db #0x44	; 68	'D'
      00023E 00                     619 	.db #0x00	; 0
      00023F 00                     620 	.db #0x00	; 0
      000240 00                     621 	.db #0x00	; 0
      000241 00                     622 	.db #0x00	; 0
      000242 44                     623 	.db #0x44	; 68	'D'
      000243 44                     624 	.db #0x44	; 68	'D'
      000244 44                     625 	.db #0x44	; 68	'D'
      000245 44                     626 	.db #0x44	; 68	'D'
      000246 28                     627 	.db #0x28	; 40
      000247 28                     628 	.db #0x28	; 40
      000248 10                     629 	.db #0x10	; 16
      000249 10                     630 	.db #0x10	; 16
      00024A 10                     631 	.db #0x10	; 16
      00024B 10                     632 	.db #0x10	; 16
      00024C 10                     633 	.db #0x10	; 16
      00024D 10                     634 	.db #0x10	; 16
      00024E 00                     635 	.db #0x00	; 0
      00024F 00                     636 	.db #0x00	; 0
      000250 00                     637 	.db #0x00	; 0
      000251 00                     638 	.db #0x00	; 0
      000252 44                     639 	.db #0x44	; 68	'D'
      000253 44                     640 	.db #0x44	; 68	'D'
      000254 44                     641 	.db #0x44	; 68	'D'
      000255 44                     642 	.db #0x44	; 68	'D'
      000256 28                     643 	.db #0x28	; 40
      000257 28                     644 	.db #0x28	; 40
      000258 10                     645 	.db #0x10	; 16
      000259 10                     646 	.db #0x10	; 16
      00025A 10                     647 	.db #0x10	; 16
      00025B 10                     648 	.db #0x10	; 16
      00025C 10                     649 	.db #0x10	; 16
      00025D 10                     650 	.db #0x10	; 16
      00025E 00                     651 	.db #0x00	; 0
      00025F 00                     652 	.db #0x00	; 0
      000260 00                     653 	.db #0x00	; 0
      000261 00                     654 	.db #0x00	; 0
      000262 7C                     655 	.db #0x7c	; 124
      000263 7C                     656 	.db #0x7c	; 124
      000264 08                     657 	.db #0x08	; 8
      000265 08                     658 	.db #0x08	; 8
      000266 10                     659 	.db #0x10	; 16
      000267 10                     660 	.db #0x10	; 16
      000268 20                     661 	.db #0x20	; 32
      000269 20                     662 	.db #0x20	; 32
      00026A 40                     663 	.db #0x40	; 64
      00026B 40                     664 	.db #0x40	; 64
      00026C 7C                     665 	.db #0x7c	; 124
      00026D 7C                     666 	.db #0x7c	; 124
      00026E 00                     667 	.db #0x00	; 0
      00026F 00                     668 	.db #0x00	; 0
      000270 00                     669 	.db #0x00	; 0
      000271 00                     670 	.db #0x00	; 0
      000272 38                     671 	.db #0x38	; 56	'8'
      000273 38                     672 	.db #0x38	; 56	'8'
      000274 4C                     673 	.db #0x4c	; 76	'L'
      000275 4C                     674 	.db #0x4c	; 76	'L'
      000276 54                     675 	.db #0x54	; 84	'T'
      000277 54                     676 	.db #0x54	; 84	'T'
      000278 54                     677 	.db #0x54	; 84	'T'
      000279 54                     678 	.db #0x54	; 84	'T'
      00027A 64                     679 	.db #0x64	; 100	'd'
      00027B 64                     680 	.db #0x64	; 100	'd'
      00027C 38                     681 	.db #0x38	; 56	'8'
      00027D 38                     682 	.db #0x38	; 56	'8'
      00027E 00                     683 	.db #0x00	; 0
      00027F 00                     684 	.db #0x00	; 0
      000280 00                     685 	.db #0x00	; 0
      000281 00                     686 	.db #0x00	; 0
      000282 10                     687 	.db #0x10	; 16
      000283 10                     688 	.db #0x10	; 16
      000284 30                     689 	.db #0x30	; 48	'0'
      000285 30                     690 	.db #0x30	; 48	'0'
      000286 10                     691 	.db #0x10	; 16
      000287 10                     692 	.db #0x10	; 16
      000288 10                     693 	.db #0x10	; 16
      000289 10                     694 	.db #0x10	; 16
      00028A 10                     695 	.db #0x10	; 16
      00028B 10                     696 	.db #0x10	; 16
      00028C 38                     697 	.db #0x38	; 56	'8'
      00028D 38                     698 	.db #0x38	; 56	'8'
      00028E 00                     699 	.db #0x00	; 0
      00028F 00                     700 	.db #0x00	; 0
      000290 00                     701 	.db #0x00	; 0
      000291 00                     702 	.db #0x00	; 0
      000292 7C                     703 	.db #0x7c	; 124
      000293 7C                     704 	.db #0x7c	; 124
      000294 04                     705 	.db #0x04	; 4
      000295 04                     706 	.db #0x04	; 4
      000296 7C                     707 	.db #0x7c	; 124
      000297 7C                     708 	.db #0x7c	; 124
      000298 40                     709 	.db #0x40	; 64
      000299 40                     710 	.db #0x40	; 64
      00029A 40                     711 	.db #0x40	; 64
      00029B 40                     712 	.db #0x40	; 64
      00029C 7C                     713 	.db #0x7c	; 124
      00029D 7C                     714 	.db #0x7c	; 124
      00029E 00                     715 	.db #0x00	; 0
      00029F 00                     716 	.db #0x00	; 0
      0002A0 00                     717 	.db #0x00	; 0
      0002A1 00                     718 	.db #0x00	; 0
      0002A2 7C                     719 	.db #0x7c	; 124
      0002A3 7C                     720 	.db #0x7c	; 124
      0002A4 04                     721 	.db #0x04	; 4
      0002A5 04                     722 	.db #0x04	; 4
      0002A6 1C                     723 	.db #0x1c	; 28
      0002A7 1C                     724 	.db #0x1c	; 28
      0002A8 04                     725 	.db #0x04	; 4
      0002A9 04                     726 	.db #0x04	; 4
      0002AA 04                     727 	.db #0x04	; 4
      0002AB 04                     728 	.db #0x04	; 4
      0002AC 7C                     729 	.db #0x7c	; 124
      0002AD 7C                     730 	.db #0x7c	; 124
      0002AE 00                     731 	.db #0x00	; 0
      0002AF 00                     732 	.db #0x00	; 0
      0002B0 00                     733 	.db #0x00	; 0
      0002B1 00                     734 	.db #0x00	; 0
      0002B2 44                     735 	.db #0x44	; 68	'D'
      0002B3 44                     736 	.db #0x44	; 68	'D'
      0002B4 44                     737 	.db #0x44	; 68	'D'
      0002B5 44                     738 	.db #0x44	; 68	'D'
      0002B6 44                     739 	.db #0x44	; 68	'D'
      0002B7 44                     740 	.db #0x44	; 68	'D'
      0002B8 7C                     741 	.db #0x7c	; 124
      0002B9 7C                     742 	.db #0x7c	; 124
      0002BA 04                     743 	.db #0x04	; 4
      0002BB 04                     744 	.db #0x04	; 4
      0002BC 04                     745 	.db #0x04	; 4
      0002BD 04                     746 	.db #0x04	; 4
      0002BE 00                     747 	.db #0x00	; 0
      0002BF 00                     748 	.db #0x00	; 0
      0002C0 00                     749 	.db #0x00	; 0
      0002C1 00                     750 	.db #0x00	; 0
      0002C2 7C                     751 	.db #0x7c	; 124
      0002C3 7C                     752 	.db #0x7c	; 124
      0002C4 40                     753 	.db #0x40	; 64
      0002C5 40                     754 	.db #0x40	; 64
      0002C6 78                     755 	.db #0x78	; 120	'x'
      0002C7 78                     756 	.db #0x78	; 120	'x'
      0002C8 04                     757 	.db #0x04	; 4
      0002C9 04                     758 	.db #0x04	; 4
      0002CA 04                     759 	.db #0x04	; 4
      0002CB 04                     760 	.db #0x04	; 4
      0002CC 78                     761 	.db #0x78	; 120	'x'
      0002CD 78                     762 	.db #0x78	; 120	'x'
      0002CE 00                     763 	.db #0x00	; 0
      0002CF 00                     764 	.db #0x00	; 0
      0002D0 00                     765 	.db #0x00	; 0
      0002D1 00                     766 	.db #0x00	; 0
      0002D2 7C                     767 	.db #0x7c	; 124
      0002D3 7C                     768 	.db #0x7c	; 124
      0002D4 40                     769 	.db #0x40	; 64
      0002D5 40                     770 	.db #0x40	; 64
      0002D6 40                     771 	.db #0x40	; 64
      0002D7 40                     772 	.db #0x40	; 64
      0002D8 7C                     773 	.db #0x7c	; 124
      0002D9 7C                     774 	.db #0x7c	; 124
      0002DA 44                     775 	.db #0x44	; 68	'D'
      0002DB 44                     776 	.db #0x44	; 68	'D'
      0002DC 7C                     777 	.db #0x7c	; 124
      0002DD 7C                     778 	.db #0x7c	; 124
      0002DE 00                     779 	.db #0x00	; 0
      0002DF 00                     780 	.db #0x00	; 0
      0002E0 00                     781 	.db #0x00	; 0
      0002E1 00                     782 	.db #0x00	; 0
      0002E2 7C                     783 	.db #0x7c	; 124
      0002E3 7C                     784 	.db #0x7c	; 124
      0002E4 04                     785 	.db #0x04	; 4
      0002E5 04                     786 	.db #0x04	; 4
      0002E6 04                     787 	.db #0x04	; 4
      0002E7 04                     788 	.db #0x04	; 4
      0002E8 04                     789 	.db #0x04	; 4
      0002E9 04                     790 	.db #0x04	; 4
      0002EA 04                     791 	.db #0x04	; 4
      0002EB 04                     792 	.db #0x04	; 4
      0002EC 04                     793 	.db #0x04	; 4
      0002ED 04                     794 	.db #0x04	; 4
      0002EE 00                     795 	.db #0x00	; 0
      0002EF 00                     796 	.db #0x00	; 0
      0002F0 00                     797 	.db #0x00	; 0
      0002F1 00                     798 	.db #0x00	; 0
      0002F2 7C                     799 	.db #0x7c	; 124
      0002F3 7C                     800 	.db #0x7c	; 124
      0002F4 44                     801 	.db #0x44	; 68	'D'
      0002F5 44                     802 	.db #0x44	; 68	'D'
      0002F6 7C                     803 	.db #0x7c	; 124
      0002F7 7C                     804 	.db #0x7c	; 124
      0002F8 44                     805 	.db #0x44	; 68	'D'
      0002F9 44                     806 	.db #0x44	; 68	'D'
      0002FA 44                     807 	.db #0x44	; 68	'D'
      0002FB 44                     808 	.db #0x44	; 68	'D'
      0002FC 7C                     809 	.db #0x7c	; 124
      0002FD 7C                     810 	.db #0x7c	; 124
      0002FE 00                     811 	.db #0x00	; 0
      0002FF 00                     812 	.db #0x00	; 0
      000300 00                     813 	.db #0x00	; 0
      000301 00                     814 	.db #0x00	; 0
      000302 7C                     815 	.db #0x7c	; 124
      000303 7C                     816 	.db #0x7c	; 124
      000304 44                     817 	.db #0x44	; 68	'D'
      000305 44                     818 	.db #0x44	; 68	'D'
      000306 7C                     819 	.db #0x7c	; 124
      000307 7C                     820 	.db #0x7c	; 124
      000308 04                     821 	.db #0x04	; 4
      000309 04                     822 	.db #0x04	; 4
      00030A 04                     823 	.db #0x04	; 4
      00030B 04                     824 	.db #0x04	; 4
      00030C 04                     825 	.db #0x04	; 4
      00030D 04                     826 	.db #0x04	; 4
      00030E 00                     827 	.db #0x00	; 0
      00030F 00                     828 	.db #0x00	; 0
                                    829 	.area _INITIALIZER
                                    830 	.area _CABS (ABS)
