                                      1 ;--------------------------------------------------------
                                      2 ; File Created by SDCC : free open source ISO C Compiler 
                                      3 ; Version 4.3.2 #14228 (MINGW64)
                                      4 ;--------------------------------------------------------
                                      5 	.module terra
                                      6 	.optsdcc -msm83
                                      7 	
                                      8 ;--------------------------------------------------------
                                      9 ; Public variables in this module
                                     10 ;--------------------------------------------------------
                                     11 	.globl _terra_tiles
                                     12 ;--------------------------------------------------------
                                     13 ; special function registers
                                     14 ;--------------------------------------------------------
                                     15 ;--------------------------------------------------------
                                     16 ; ram data
                                     17 ;--------------------------------------------------------
                                     18 	.area _DATA
                                     19 ;--------------------------------------------------------
                                     20 ; ram data
                                     21 ;--------------------------------------------------------
                                     22 	.area _INITIALIZED
                                     23 ;--------------------------------------------------------
                                     24 ; absolute external ram data
                                     25 ;--------------------------------------------------------
                                     26 	.area _DABS (ABS)
                                     27 ;--------------------------------------------------------
                                     28 ; global & static initialisations
                                     29 ;--------------------------------------------------------
                                     30 	.area _HOME
                                     31 	.area _GSINIT
                                     32 	.area _GSFINAL
                                     33 	.area _GSINIT
                                     34 ;--------------------------------------------------------
                                     35 ; Home
                                     36 ;--------------------------------------------------------
                                     37 	.area _HOME
                                     38 	.area _HOME
                                     39 ;--------------------------------------------------------
                                     40 ; code
                                     41 ;--------------------------------------------------------
                                     42 	.area _CODE
                                     43 	.area _CODE
      000000                         44 _terra_tiles:
      000000 0F                      45 	.db #0x0f	; 15
      000001 0F                      46 	.db #0x0f	; 15
      000002 1F                      47 	.db #0x1f	; 31
      000003 04                      48 	.db #0x04	; 4
      000004 0F                      49 	.db #0x0f	; 15
      000005 30                      50 	.db #0x30	; 48	'0'
      000006 3F                      51 	.db #0x3f	; 63
      000007 7C                      52 	.db #0x7c	; 124
      000008 2F                      53 	.db #0x2f	; 47
      000009 D8                      54 	.db #0xd8	; 216
      00000A 87                      55 	.db #0x87	; 135
      00000B 7A                      56 	.db #0x7a	; 122	'z'
      00000C B3                      57 	.db #0xb3	; 179
      00000D 4C                      58 	.db #0x4c	; 76	'L'
      00000E E3                      59 	.db #0xe3	; 227
      00000F FC                      60 	.db #0xfc	; 252
      000010 E7                      61 	.db #0xe7	; 231
      000011 1F                      62 	.db #0x1f	; 31
      000012 C7                      63 	.db #0xc7	; 199
      000013 38                      64 	.db #0x38	; 56	'8'
      000014 CE                      65 	.db #0xce	; 206
      000015 31                      66 	.db #0x31	; 49	'1'
      000016 CE                      67 	.db #0xce	; 206
      000017 31                      68 	.db #0x31	; 49	'1'
      000018 5F                      69 	.db #0x5f	; 95
      000019 2F                      70 	.db #0x2f	; 47
      00001A 3E                      71 	.db #0x3e	; 62
      00001B 01                      72 	.db #0x01	; 1
      00001C 1F                      73 	.db #0x1f	; 31
      00001D 00                      74 	.db #0x00	; 0
      00001E 0F                      75 	.db #0x0f	; 15
      00001F 0F                      76 	.db #0x0f	; 15
      000020 F0                      77 	.db #0xf0	; 240
      000021 F0                      78 	.db #0xf0	; 240
      000022 F8                      79 	.db #0xf8	; 248
      000023 08                      80 	.db #0x08	; 8
      000024 FC                      81 	.db #0xfc	; 252
      000025 00                      82 	.db #0x00	; 0
      000026 D8                      83 	.db #0xd8	; 216
      000027 26                      84 	.db #0x26	; 38
      000028 CB                      85 	.db #0xcb	; 203
      000029 3D                      86 	.db #0x3d	; 61
      00002A E3                      87 	.db #0xe3	; 227
      00002B 1C                      88 	.db #0x1c	; 28
      00002C FB                      89 	.db #0xfb	; 251
      00002D 3C                      90 	.db #0x3c	; 60
      00002E C7                      91 	.db #0xc7	; 199
      00002F 3A                      92 	.db #0x3a	; 58
      000030 DF                      93 	.db #0xdf	; 223
      000031 20                      94 	.db #0x20	; 32
      000032 DF                      95 	.db #0xdf	; 223
      000033 28                      96 	.db #0x28	; 40
      000034 1F                      97 	.db #0x1f	; 31
      000035 E0                      98 	.db #0xe0	; 224
      000036 3F                      99 	.db #0x3f	; 63
      000037 C0                     100 	.db #0xc0	; 192
      000038 3E                     101 	.db #0x3e	; 62
      000039 C0                     102 	.db #0xc0	; 192
      00003A FC                     103 	.db #0xfc	; 252
      00003B 0C                     104 	.db #0x0c	; 12
      00003C F8                     105 	.db #0xf8	; 248
      00003D 80                     106 	.db #0x80	; 128
      00003E E0                     107 	.db #0xe0	; 224
      00003F E0                     108 	.db #0xe0	; 224
                                    109 	.area _INITIALIZER
                                    110 	.area _CABS (ABS)
